Log file open, 01/18/22 14:16:02
LogWindows: Failed to load 'aqProf.dll' (GetLastError=126)
LogWindows: File 'aqProf.dll' does not exist
LogWindows: Failed to load 'VtuneApi.dll' (GetLastError=126)
LogWindows: File 'VtuneApi.dll' does not exist
LogWindows: Failed to load 'VtuneApi32e.dll' (GetLastError=126)
LogWindows: File 'VtuneApi32e.dll' does not exist
LogConsoleResponse: Display: Failed to find resolution value strings in scalability ini. Falling back to default.
LogConsoleResponse: Display: Failed to find resolution value strings in scalability ini. Falling back to default.
LogInit: Display: Running engine for game: JLK
LogPlatformFile: Not using cached read wrapper
LogTaskGraph: Started task graph with 5 named threads and 11 total threads with 3 sets of task threads.
LogStats: Stats thread started at 0.652824
LogICUInternationalization: ICU TimeZone Detection - Raw Offset: +3:00, Platform Override: ''
LogInit: Display: Loading text-based GConfig....
LogPluginManager: Mounting plugin MeshPainting
LogPluginManager: Mounting plugin XGEController
LogPluginManager: Mounting plugin Paper2D
LogPluginManager: Mounting plugin AISupport
LogPluginManager: Mounting plugin EnvironmentQueryEditor
LogPluginManager: Mounting plugin LiveLink
LogPluginManager: Mounting plugin LightPropagationVolume
LogPluginManager: Mounting plugin CameraShakePreviewer
LogPluginManager: Mounting plugin GameplayCameras
LogPluginManager: Mounting plugin OodleData
LogPluginManager: Mounting plugin OodleNetwork
LogPluginManager: Mounting plugin AnimationSharing
LogPluginManager: Mounting plugin CLionSourceCodeAccess
LogPluginManager: Mounting plugin CodeLiteSourceCodeAccess
LogPluginManager: Mounting plugin KDevelopSourceCodeAccess
LogPluginManager: Mounting plugin GitSourceControl
LogPluginManager: Mounting plugin NullSourceCodeAccess
LogPluginManager: Mounting plugin PerforceSourceControl
LogPluginManager: Mounting plugin PixWinPlugin
LogPluginManager: Mounting plugin PlasticSourceControl
LogPluginManager: Mounting plugin PluginUtils
LogPluginManager: Mounting plugin PropertyAccessNode
LogPluginManager: Mounting plugin SubversionSourceControl
LogPluginManager: Mounting plugin TextureFormatOodle
LogPluginManager: Mounting plugin DatasmithContent
LogPluginManager: Mounting plugin UObjectPlugin
LogPluginManager: Mounting plugin VisualStudioSourceCodeAccess
LogPluginManager: Mounting plugin VisualStudioCodeSourceCodeAccess
LogPluginManager: Mounting plugin XCodeSourceCodeAccess
LogPluginManager: Mounting plugin VariantManagerContent
LogPluginManager: Mounting plugin AssetManagerEditor
LogPluginManager: Mounting plugin CryptoKeys
LogPluginManager: Mounting plugin CurveEditorTools
LogPluginManager: Mounting plugin DataValidation
LogPluginManager: Mounting plugin FacialAnimation
LogPluginManager: Mounting plugin GameplayTagsEditor
LogPluginManager: Mounting plugin GeometryMode
LogPluginManager: Mounting plugin MacGraphicsSwitching
LogPluginManager: Mounting plugin MaterialAnalyzer
LogPluginManager: Mounting plugin MobileLauncherProfileWizard
LogPluginManager: Mounting plugin PluginBrowser
LogPluginManager: Mounting plugin SpeedTreeImporter
LogPluginManager: Mounting plugin AlembicImporter
LogPluginManager: Mounting plugin AutomationUtils
LogPluginManager: Mounting plugin BackChannel
LogPluginManager: Mounting plugin Niagara
LogPluginManager: Mounting plugin ChaosCloth
LogPluginManager: Mounting plugin ChaosClothEditor
LogPluginManager: Mounting plugin ChaosEditor
LogPluginManager: Mounting plugin ChaosNiagara
LogPluginManager: Mounting plugin ChaosSolverPlugin
LogPluginManager: Mounting plugin CharacterAI
LogPluginManager: Mounting plugin GeometryCache
LogPluginManager: Mounting plugin GeometryProcessing
LogPluginManager: Mounting plugin GeometryCollectionPlugin
LogPluginManager: Mounting plugin MotoSynth
LogPluginManager: Mounting plugin OpenImageDenoise
LogPluginManager: Mounting plugin PlanarCut
LogPluginManager: Mounting plugin PlatformCrypto
LogPluginManager: Mounting plugin ProxyLODPlugin
LogPluginManager: Mounting plugin PythonScriptPlugin
LogPluginManager: Mounting plugin SkeletalReduction
LogPluginManager: Mounting plugin LuminPlatformFeatures
LogPluginManager: Mounting plugin MagicLeap
LogPluginManager: Mounting plugin RiderSourceCodeAccess
LogPluginManager: Mounting plugin AndroidMedia
LogPluginManager: Mounting plugin AvfMedia
LogPluginManager: Mounting plugin MagicLeapLightEstimation
LogPluginManager: Mounting plugin MagicLeapMedia
LogPluginManager: Mounting plugin MagicLeapPassableWorld
LogPluginManager: Mounting plugin MLSDK
LogPluginManager: Mounting plugin ImgMedia
LogPluginManager: Mounting plugin MediaCompositing
LogPluginManager: Mounting plugin MediaPlayerEditor
LogPluginManager: Mounting plugin WebMMedia
LogPluginManager: Mounting plugin WmfMedia
LogPluginManager: Mounting plugin TcpMessaging
LogPluginManager: Mounting plugin UdpMessaging
LogPluginManager: Mounting plugin ActorSequence
LogPluginManager: Mounting plugin LevelSequenceEditor
LogPluginManager: Mounting plugin MatineeToLevelSequence
LogPluginManager: Mounting plugin TemplateSequence
LogPluginManager: Mounting plugin OnlineSubsystemNull
LogPluginManager: Mounting plugin OnlineSubsystemUtils
LogPluginManager: Mounting plugin LauncherChunkInstaller
LogPluginManager: Mounting plugin ActorLayerUtilities
LogPluginManager: Mounting plugin OnlineSubsystem
LogPluginManager: Mounting plugin AndroidDeviceProfileSelector
LogPluginManager: Mounting plugin AndroidMoviePlayer
LogPluginManager: Mounting plugin AndroidPermission
LogPluginManager: Mounting plugin AppleImageUtils
LogPluginManager: Mounting plugin AppleMoviePlayer
LogPluginManager: Mounting plugin AssetTags
LogPluginManager: Mounting plugin ArchVisCharacter
LogPluginManager: Mounting plugin AudioCapture
LogPluginManager: Mounting plugin AudioSynesthesia
LogPluginManager: Mounting plugin CustomMeshComponent
LogPluginManager: Mounting plugin ChunkDownloader
LogPluginManager: Mounting plugin CableComponent
LogPluginManager: Mounting plugin EditableMesh
LogPluginManager: Mounting plugin ExampleDeviceProfileSelector
LogPluginManager: Mounting plugin GoogleCloudMessaging
LogPluginManager: Mounting plugin GooglePAD
LogPluginManager: Mounting plugin IOSDeviceProfileSelector
LogPluginManager: Mounting plugin LinuxDeviceProfileSelector
LogPluginManager: Mounting plugin LocationServicesBPLibrary
LogPluginManager: Mounting plugin MobilePatchingUtils
LogPluginManager: Mounting plugin OpenXR
LogPluginManager: Mounting plugin OpenXREyeTracker
LogPluginManager: Mounting plugin OpenXRHandTracking
LogPluginManager: Mounting plugin PhysXVehicles
LogPluginManager: Mounting plugin PostSplashScreen
LogPluginManager: Mounting plugin ProceduralMeshComponent
LogPluginManager: Mounting plugin PropertyAccessEditor
LogPluginManager: Mounting plugin SignificanceManager
LogPluginManager: Mounting plugin RuntimePhysXCooking
LogPluginManager: Mounting plugin SoundFields
LogPluginManager: Mounting plugin Synthesis
LogPluginManager: Mounting plugin WebMMoviePlayer
LogPluginManager: Mounting plugin WindowsMoviePlayer
LogPluginManager: Mounting plugin ScreenshotTools
LogPluginManager: Mounting plugin Takes
LogPluginManager: Mounting plugin ContentBrowserAssetDataSource
LogPluginManager: Mounting plugin ContentBrowserClassDataSource
LogPluginManager: Mounting plugin ContentBrowserFileDataSource
LogPluginManager: Mounting plugin OnlineSubsystemGooglePlay
LogPluginManager: Mounting plugin OnlineSubsystemIOS
LogPluginManager: Mounting plugin OculusVR
LogPluginManager: Mounting plugin SteamVR
PixWinPlugin: PIX capture plugin failed to initialize! Check that the process is launched from PIX.
LogInit: Using libcurl 7.55.1-DEV
LogInit:  - built for x86_64-pc-win32
LogInit:  - supports SSL with OpenSSL/1.1.1
LogInit:  - supports HTTP deflate (compression) using libz 1.2.8
LogInit:  - other features:
LogInit:      CURL_VERSION_SSL
LogInit:      CURL_VERSION_LIBZ
LogInit:      CURL_VERSION_IPV6
LogInit:      CURL_VERSION_ASYNCHDNS
LogInit:      CURL_VERSION_LARGEFILE
LogInit:      CURL_VERSION_IDN
LogInit:  CurlRequestOptions (configurable via config and command line):
LogInit:  - bVerifyPeer = true  - Libcurl will verify peer certificate
LogInit:  - bUseHttpProxy = false  - Libcurl will NOT use HTTP proxy
LogInit:  - bDontReuseConnections = false  - Libcurl will reuse connections
LogInit:  - MaxHostConnections = 16  - Libcurl will limit the number of connections to a host
LogInit:  - LocalHostAddr = Default
LogInit:  - BufferSize = 65536
LogOnline: OSS: Creating online subsystem instance for: NULL
LogInit: WinSock: version 1.1 (2.2), MaxSocks=32767, MaxUdp=65467
LogOnline: OSS: TryLoadSubsystemAndSetDefault: Loaded subsystem for module [NULL]
LogOculusPluginWrapper: OculusPlugin initialized successfully
LogHMD: Failed initializing OVRPlugin 1.59.0
LogInit: Build: ++UE4+Release-4.27-CL-18319896
LogInit: Engine Version: 4.27.2-18319896+++UE4+Release-4.27
LogInit: Compatible Engine Version: 4.27.0-17155196+++UE4+Release-4.27
LogInit: Net CL: 17155196
LogInit: OS: Windows 10 (Release 2009) (), CPU:         Intel(R) Core(TM) i3-3240 CPU @ 3.40GHz, GPU: NVIDIA GeForce GTX 550 Ti
LogInit: Compiled (64-bit): Nov 30 2021 07:12:08
LogInit: Compiled with Visual C++: 19.24.28315.00
LogInit: Build Configuration: Development
LogInit: Branch Name: ++UE4+Release-4.27
LogInit: Command Line:  /Game/Maps/NewMap -game -PIEVIACONSOLE -Multiprocess GameUserSettingsINI=D:/Epic/ProjectsOnUnreal/gameJLK/JLK/Saved/Config/Windows/PIEGameUserSettings0.ini -MultiprocessSaveConfig -forcepassthrough -messaging -SessionName="Play in Standalone Game" -windowed -WinX=356 -WinY=186 SAVEWINPOS=1 -ResX=1280 -ResY=720
LogInit: Base Directory: D:/Epic/Unreal_Engine/UE_4.27/Engine/Binaries/Win64/
LogInit: Allocator: TBB
LogInit: Installed Engine Build: 1
LogDevObjectVersion: Number of dev versions registered: 29
LogDevObjectVersion:   Dev-Blueprints (B0D832E4-1F89-4F0D-ACCF-7EB736FD4AA2): 10
LogDevObjectVersion:   Dev-Build (E1C64328-A22C-4D53-A36C-8E866417BD8C): 0
LogDevObjectVersion:   Dev-Core (375EC13C-06E4-48FB-B500-84F0262A717E): 4
LogDevObjectVersion:   Dev-Editor (E4B068ED-F494-42E9-A231-DA0B2E46BB41): 40
LogDevObjectVersion:   Dev-Framework (CFFC743F-43B0-4480-9391-14DF171D2073): 37
LogDevObjectVersion:   Dev-Mobile (B02B49B5-BB20-44E9-A304-32B752E40360): 3
LogDevObjectVersion:   Dev-Networking (A4E4105C-59A1-49B5-A7C5-40C4547EDFEE): 0
LogDevObjectVersion:   Dev-Online (39C831C9-5AE6-47DC-9A44-9C173E1C8E7C): 0
LogDevObjectVersion:   Dev-Physics (78F01B33-EBEA-4F98-B9B4-84EACCB95AA2): 14
LogDevObjectVersion:   Dev-Platform (6631380F-2D4D-43E0-8009-CF276956A95A): 0
LogDevObjectVersion:   Dev-Rendering (12F88B9F-8875-4AFC-A67C-D90C383ABD29): 45
LogDevObjectVersion:   Dev-Sequencer (7B5AE74C-D270-4C10-A958-57980B212A5A): 13
LogDevObjectVersion:   Dev-VR (D7296918-1DD6-4BDD-9DE2-64A83CC13884): 3
LogDevObjectVersion:   Dev-LoadTimes (C2A15278-BFE7-4AFE-6C17-90FF531DF755): 1
LogDevObjectVersion:   Private-Geometry (6EACA3D4-40EC-4CC1-B786-8BED09428FC5): 3
LogDevObjectVersion:   Dev-AnimPhys (29E575DD-E0A3-4627-9D10-D276232CDCEA): 17
LogDevObjectVersion:   Dev-Anim (AF43A65D-7FD3-4947-9873-3E8ED9C1BB05): 15
LogDevObjectVersion:   Dev-ReflectionCapture (6B266CEC-1EC7-4B8F-A30B-E4D90942FC07): 1
LogDevObjectVersion:   Dev-Automation (0DF73D61-A23F-47EA-B727-89E90C41499A): 1
LogDevObjectVersion:   FortniteMain (601D1886-AC64-4F84-AA16-D3DE0DEAC7D6): 47
LogDevObjectVersion:   FortniteRelease (E7086368-6B23-4C58-8439-1B7016265E91): 1
LogDevObjectVersion:   Dev-Enterprise (9DFFBCD6-494F-0158-E221-12823C92A888): 10
LogDevObjectVersion:   Dev-Niagara (F2AED0AC-9AFE-416F-8664-AA7FFA26D6FC): 1
LogDevObjectVersion:   Dev-Destruction (174F1F0B-B4C6-45A5-B13F-2EE8D0FB917D): 10
LogDevObjectVersion:   Dev-Physics-Ext (35F94A83-E258-406C-A318-09F59610247C): 41
LogDevObjectVersion:   Dev-PhysicsMaterial-Chaos (B68FC16E-8B1B-42E2-B453-215C058844FE): 1
LogDevObjectVersion:   Dev-CineCamera (B2E18506-4273-CFC2-A54E-F4BB758BBA07): 1
LogDevObjectVersion:   Dev-VirtualProduction (64F58936-FD1B-42BA-BA96-7289D5D0FA4E): 1
LogDevObjectVersion:   Dev-MediaFramework (6F0ED827-A609-4895-9C91-998D90180EA4): 2
LogInit: Presizing for max 25165824 objects, including 0 objects not considered by GC, pre-allocating 0 bytes for permanent pool.
LogConfig: Applying CVar settings from Section [/Script/Engine.StreamingSettings] File [D:/Epic/ProjectsOnUnreal/gameJLK/JLK/Saved/Config/Windows/Engine.ini]
LogConfig: Setting CVar [[s.MinBulkDataSizeForAsyncLoading:131072]]
LogConfig: Setting CVar [[s.AsyncLoadingThreadEnabled:0]]
LogConfig: Setting CVar [[s.EventDrivenLoaderEnabled:1]]
LogConfig: Setting CVar [[s.WarnIfTimeLimitExceeded:0]]
LogConfig: Setting CVar [[s.TimeLimitExceededMultiplier:1.5]]
LogConfig: Setting CVar [[s.TimeLimitExceededMinTime:0.005]]
LogConfig: Setting CVar [[s.UseBackgroundLevelStreaming:1]]
LogConfig: Setting CVar [[s.PriorityAsyncLoadingExtraTime:15.0]]
LogConfig: Setting CVar [[s.LevelStreamingActorsUpdateTimeLimit:5.0]]
LogConfig: Setting CVar [[s.PriorityLevelStreamingActorsUpdateExtraTime:5.0]]
LogConfig: Setting CVar [[s.LevelStreamingComponentsRegistrationGranularity:10]]
LogConfig: Setting CVar [[s.UnregisterComponentsTimeLimit:1.0]]
LogConfig: Setting CVar [[s.LevelStreamingComponentsUnregistrationGranularity:5]]
LogConfig: Setting CVar [[s.FlushStreamingOnExit:1]]
LogInit: Object subsystem initialized
LogConfig: Setting CVar [[con.DebugEarlyDefault:1]]
LogConfig: Setting CVar [[r.setres:1280x720]]
[2022.01.18-11.16.03:411][  0]LogConfig: Setting CVar [[con.DebugEarlyDefault:1]]
[2022.01.18-11.16.03:411][  0]LogConfig: Setting CVar [[r.setres:1280x720]]
[2022.01.18-11.16.03:411][  0]LogConfig: Applying CVar settings from Section [/Script/Engine.RendererSettings] File [D:/Epic/ProjectsOnUnreal/gameJLK/JLK/Saved/Config/Windows/Engine.ini]
[2022.01.18-11.16.03:411][  0]LogConfig: Setting CVar [[r.GPUCrashDebugging:0]]
[2022.01.18-11.16.03:411][  0]LogConfig: Applying CVar settings from Section [/Script/Engine.RendererOverrideSettings] File [D:/Epic/ProjectsOnUnreal/gameJLK/JLK/Saved/Config/Windows/Engine.ini]
[2022.01.18-11.16.03:411][  0]LogConfig: Applying CVar settings from Section [/Script/Engine.StreamingSettings] File [D:/Epic/ProjectsOnUnreal/gameJLK/JLK/Saved/Config/Windows/Engine.ini]
[2022.01.18-11.16.03:411][  0]LogConfig: Setting CVar [[s.MinBulkDataSizeForAsyncLoading:131072]]
[2022.01.18-11.16.03:411][  0]LogConfig: Setting CVar [[s.AsyncLoadingThreadEnabled:0]]
[2022.01.18-11.16.03:411][  0]LogConfig: Setting CVar [[s.EventDrivenLoaderEnabled:1]]
[2022.01.18-11.16.03:411][  0]LogConfig: Setting CVar [[s.WarnIfTimeLimitExceeded:0]]
[2022.01.18-11.16.03:411][  0]LogConfig: Setting CVar [[s.TimeLimitExceededMultiplier:1.5]]
[2022.01.18-11.16.03:411][  0]LogConfig: Setting CVar [[s.TimeLimitExceededMinTime:0.005]]
[2022.01.18-11.16.03:411][  0]LogConfig: Setting CVar [[s.UseBackgroundLevelStreaming:1]]
[2022.01.18-11.16.03:412][  0]LogConfig: Setting CVar [[s.PriorityAsyncLoadingExtraTime:15.0]]
[2022.01.18-11.16.03:412][  0]LogConfig: Setting CVar [[s.LevelStreamingActorsUpdateTimeLimit:5.0]]
[2022.01.18-11.16.03:412][  0]LogConfig: Setting CVar [[s.PriorityLevelStreamingActorsUpdateExtraTime:5.0]]
[2022.01.18-11.16.03:412][  0]LogConfig: Setting CVar [[s.LevelStreamingComponentsRegistrationGranularity:10]]
[2022.01.18-11.16.03:412][  0]LogConfig: Setting CVar [[s.UnregisterComponentsTimeLimit:1.0]]
[2022.01.18-11.16.03:412][  0]LogConfig: Setting CVar [[s.LevelStreamingComponentsUnregistrationGranularity:5]]
[2022.01.18-11.16.03:412][  0]LogConfig: Setting CVar [[s.FlushStreamingOnExit:1]]
[2022.01.18-11.16.03:412][  0]LogConfig: Applying CVar settings from Section [/Script/Engine.GarbageCollectionSettings] File [D:/Epic/ProjectsOnUnreal/gameJLK/JLK/Saved/Config/Windows/Engine.ini]
[2022.01.18-11.16.03:412][  0]LogConfig: Setting CVar [[gc.MaxObjectsNotConsideredByGC:1]]
[2022.01.18-11.16.03:412][  0]LogConfig: Setting CVar [[gc.SizeOfPermanentObjectPool:0]]
[2022.01.18-11.16.03:412][  0]LogConfig: Setting CVar [[gc.FlushStreamingOnGC:0]]
[2022.01.18-11.16.03:412][  0]LogConfig: Setting CVar [[gc.NumRetriesBeforeForcingGC:10]]
[2022.01.18-11.16.03:412][  0]LogConfig: Setting CVar [[gc.AllowParallelGC:1]]
[2022.01.18-11.16.03:412][  0]LogConfig: Setting CVar [[gc.TimeBetweenPurgingPendingKillObjects:61.1]]
[2022.01.18-11.16.03:412][  0]LogConfig: Setting CVar [[gc.MaxObjectsInEditor:25165824]]
[2022.01.18-11.16.03:412][  0]LogConfig: Setting CVar [[gc.IncrementalBeginDestroyEnabled:1]]
[2022.01.18-11.16.03:412][  0]LogConfig: Setting CVar [[gc.CreateGCClusters:1]]
[2022.01.18-11.16.03:412][  0]LogConfig: Setting CVar [[gc.MinGCClusterSize:5]]
[2022.01.18-11.16.03:412][  0]LogConfig: Setting CVar [[gc.ActorClusteringEnabled:0]]
[2022.01.18-11.16.03:412][  0]LogConfig: Setting CVar [[gc.BlueprintClusteringEnabled:0]]
[2022.01.18-11.16.03:413][  0]LogConfig: Setting CVar [[gc.UseDisregardForGCOnDedicatedServers:0]]
[2022.01.18-11.16.03:413][  0]LogConfig: Setting CVar [[gc.MultithreadedDestructionEnabled:1]]
[2022.01.18-11.16.03:413][  0]LogConfig: Applying CVar settings from Section [/Script/Engine.NetworkSettings] File [D:/Epic/ProjectsOnUnreal/gameJLK/JLK/Saved/Config/Windows/Engine.ini]
[2022.01.18-11.16.03:413][  0]LogConfig: Applying CVar settings from Section [/Script/UnrealEd.CookerSettings] File [D:/Epic/ProjectsOnUnreal/gameJLK/JLK/Saved/Config/Windows/Engine.ini]
[2022.01.18-11.16.03:419][  0]LogConfig: Applying CVar settings from Section [ViewDistanceQuality@3] File [D:/Epic/ProjectsOnUnreal/gameJLK/JLK/Saved/Config/Windows/Scalability.ini]
[2022.01.18-11.16.03:419][  0]LogConfig: Setting CVar [[r.SkeletalMeshLODBias:0]]
[2022.01.18-11.16.03:419][  0]LogConfig: Setting CVar [[r.ViewDistanceScale:1.0]]
[2022.01.18-11.16.03:419][  0]LogConfig: Applying CVar settings from Section [AntiAliasingQuality@3] File [D:/Epic/ProjectsOnUnreal/gameJLK/JLK/Saved/Config/Windows/Scalability.ini]
[2022.01.18-11.16.03:419][  0]LogConfig: Setting CVar [[r.PostProcessAAQuality:4]]
[2022.01.18-11.16.03:419][  0]LogConfig: Applying CVar settings from Section [ShadowQuality@3] File [D:/Epic/ProjectsOnUnreal/gameJLK/JLK/Saved/Config/Windows/Scalability.ini]
[2022.01.18-11.16.03:419][  0]LogConfig: Setting CVar [[r.LightFunctionQuality:1]]
[2022.01.18-11.16.03:420][  0]LogConfig: Setting CVar [[r.ShadowQuality:5]]
[2022.01.18-11.16.03:420][  0]LogConfig: Setting CVar [[r.Shadow.CSM.MaxCascades:10]]
[2022.01.18-11.16.03:420][  0]LogConfig: Setting CVar [[r.Shadow.MaxResolution:2048]]
[2022.01.18-11.16.03:420][  0]LogConfig: Setting CVar [[r.Shadow.MaxCSMResolution:2048]]
[2022.01.18-11.16.03:420][  0]LogConfig: Setting CVar [[r.Shadow.RadiusThreshold:0.01]]
[2022.01.18-11.16.03:420][  0]LogConfig: Setting CVar [[r.Shadow.DistanceScale:1.0]]
[2022.01.18-11.16.03:420][  0]LogConfig: Setting CVar [[r.Shadow.CSM.TransitionScale:1.0]]
[2022.01.18-11.16.03:420][  0]LogConfig: Setting CVar [[r.Shadow.PreShadowResolutionFactor:1.0]]
[2022.01.18-11.16.03:420][  0]LogConfig: Setting CVar [[r.DistanceFieldShadowing:1]]
[2022.01.18-11.16.03:420][  0]LogConfig: Setting CVar [[r.DistanceFieldAO:1]]
[2022.01.18-11.16.03:420][  0]LogConfig: Setting CVar [[r.AOQuality:2]]
[2022.01.18-11.16.03:420][  0]LogConfig: Setting CVar [[r.VolumetricFog:1]]
[2022.01.18-11.16.03:420][  0]LogConfig: Setting CVar [[r.VolumetricFog.GridPixelSize:8]]
[2022.01.18-11.16.03:420][  0]LogConfig: Setting CVar [[r.VolumetricFog.GridSizeZ:128]]
[2022.01.18-11.16.03:420][  0]LogConfig: Setting CVar [[r.VolumetricFog.HistoryMissSupersampleCount:4]]
[2022.01.18-11.16.03:420][  0]LogConfig: Setting CVar [[r.LightMaxDrawDistanceScale:1]]
[2022.01.18-11.16.03:420][  0]LogConfig: Setting CVar [[r.CapsuleShadows:1]]
[2022.01.18-11.16.03:420][  0]LogConfig: Applying CVar settings from Section [PostProcessQuality@3] File [D:/Epic/ProjectsOnUnreal/gameJLK/JLK/Saved/Config/Windows/Scalability.ini]
[2022.01.18-11.16.03:420][  0]LogConfig: Setting CVar [[r.MotionBlurQuality:4]]
[2022.01.18-11.16.03:420][  0]LogConfig: Setting CVar [[r.AmbientOcclusionMipLevelFactor:0.4]]
[2022.01.18-11.16.03:420][  0]LogConfig: Setting CVar [[r.AmbientOcclusionMaxQuality:100]]
[2022.01.18-11.16.03:420][  0]LogConfig: Setting CVar [[r.AmbientOcclusionLevels:-1]]
[2022.01.18-11.16.03:420][  0]LogConfig: Setting CVar [[r.AmbientOcclusionRadiusScale:1.0]]
[2022.01.18-11.16.03:420][  0]LogConfig: Setting CVar [[r.DepthOfFieldQuality:2]]
[2022.01.18-11.16.03:420][  0]LogConfig: Setting CVar [[r.RenderTargetPoolMin:400]]
[2022.01.18-11.16.03:420][  0]LogConfig: Setting CVar [[r.LensFlareQuality:2]]
[2022.01.18-11.16.03:420][  0]LogConfig: Setting CVar [[r.SceneColorFringeQuality:1]]
[2022.01.18-11.16.03:420][  0]LogConfig: Setting CVar [[r.EyeAdaptationQuality:2]]
[2022.01.18-11.16.03:420][  0]LogConfig: Setting CVar [[r.BloomQuality:5]]
[2022.01.18-11.16.03:420][  0]LogConfig: Setting CVar [[r.FastBlurThreshold:100]]
[2022.01.18-11.16.03:420][  0]LogConfig: Setting CVar [[r.Upscale.Quality:3]]
[2022.01.18-11.16.03:420][  0]LogConfig: Setting CVar [[r.Tonemapper.GrainQuantization:1]]
[2022.01.18-11.16.03:420][  0]LogConfig: Setting CVar [[r.LightShaftQuality:1]]
[2022.01.18-11.16.03:420][  0]LogConfig: Setting CVar [[r.Filter.SizeScale:1]]
[2022.01.18-11.16.03:420][  0]LogConfig: Setting CVar [[r.Tonemapper.Quality:5]]
[2022.01.18-11.16.03:420][  0]LogConfig: Setting CVar [[r.DOF.Gather.AccumulatorQuality:1        ; higher gathering accumulator quality]]
[2022.01.18-11.16.03:420][  0]LogConfig: Setting CVar [[r.DOF.Gather.PostfilterMethod:1          ; Median3x3 postfilering method]]
[2022.01.18-11.16.03:420][  0]LogConfig: Setting CVar [[r.DOF.Gather.EnableBokehSettings:0       ; no bokeh simulation when gathering]]
[2022.01.18-11.16.03:420][  0]LogConfig: Setting CVar [[r.DOF.Gather.RingCount:4                 ; medium number of samples when gathering]]
[2022.01.18-11.16.03:420][  0]LogConfig: Setting CVar [[r.DOF.Scatter.ForegroundCompositing:1    ; additive foreground scattering]]
[2022.01.18-11.16.03:420][  0]LogConfig: Setting CVar [[r.DOF.Scatter.BackgroundCompositing:2    ; additive background scattering]]
[2022.01.18-11.16.03:420][  0]LogConfig: Setting CVar [[r.DOF.Scatter.EnableBokehSettings:1      ; bokeh simulation when scattering]]
[2022.01.18-11.16.03:420][  0]LogConfig: Setting CVar [[r.DOF.Scatter.MaxSpriteRatio:0.1         ; only a maximum of 10% of scattered bokeh]]
[2022.01.18-11.16.03:420][  0]LogConfig: Setting CVar [[r.DOF.Recombine.Quality:1                ; cheap slight out of focus]]
[2022.01.18-11.16.03:420][  0]LogConfig: Setting CVar [[r.DOF.Recombine.EnableBokehSettings:0    ; no bokeh simulation on slight out of focus]]
[2022.01.18-11.16.03:420][  0]LogConfig: Setting CVar [[r.DOF.TemporalAAQuality:1                ; more stable temporal accumulation]]
[2022.01.18-11.16.03:420][  0]LogConfig: Setting CVar [[r.DOF.Kernel.MaxForegroundRadius:0.025]]
[2022.01.18-11.16.03:420][  0]LogConfig: Setting CVar [[r.DOF.Kernel.MaxBackgroundRadius:0.025]]
[2022.01.18-11.16.03:420][  0]LogConfig: Applying CVar settings from Section [TextureQuality@3] File [D:/Epic/ProjectsOnUnreal/gameJLK/JLK/Saved/Config/Windows/Scalability.ini]
[2022.01.18-11.16.03:420][  0]LogConfig: Setting CVar [[r.Streaming.MipBias:0]]
[2022.01.18-11.16.03:420][  0]LogConfig: Setting CVar [[r.Streaming.AmortizeCPUToGPUCopy:0]]
[2022.01.18-11.16.03:420][  0]LogConfig: Setting CVar [[r.Streaming.MaxNumTexturesToStreamPerFrame:0]]
[2022.01.18-11.16.03:420][  0]LogConfig: Setting CVar [[r.Streaming.Boost:1]]
[2022.01.18-11.16.03:420][  0]LogConfig: Setting CVar [[r.MaxAnisotropy:8]]
[2022.01.18-11.16.03:420][  0]LogConfig: Setting CVar [[r.VT.MaxAnisotropy:8]]
[2022.01.18-11.16.03:420][  0]LogConfig: Setting CVar [[r.Streaming.LimitPoolSizeToVRAM:0]]
[2022.01.18-11.16.03:420][  0]LogConfig: Setting CVar [[r.Streaming.PoolSize:1000]]
[2022.01.18-11.16.03:420][  0]LogConfig: Setting CVar [[r.Streaming.MaxEffectiveScreenSize:0]]
[2022.01.18-11.16.03:420][  0]LogConfig: Applying CVar settings from Section [EffectsQuality@3] File [D:/Epic/ProjectsOnUnreal/gameJLK/JLK/Saved/Config/Windows/Scalability.ini]
[2022.01.18-11.16.03:420][  0]LogConfig: Setting CVar [[r.TranslucencyLightingVolumeDim:64]]
[2022.01.18-11.16.03:421][  0]LogConfig: Setting CVar [[r.RefractionQuality:2]]
[2022.01.18-11.16.03:421][  0]LogConfig: Setting CVar [[r.SSR.Quality:3]]
[2022.01.18-11.16.03:421][  0]LogConfig: Setting CVar [[r.SSR.HalfResSceneColor:0]]
[2022.01.18-11.16.03:421][  0]LogConfig: Setting CVar [[r.SceneColorFormat:4]]
[2022.01.18-11.16.03:421][  0]LogConfig: Setting CVar [[r.DetailMode:2]]
[2022.01.18-11.16.03:421][  0]LogConfig: Setting CVar [[r.TranslucencyVolumeBlur:1]]
[2022.01.18-11.16.03:421][  0]LogConfig: Setting CVar [[r.MaterialQualityLevel:1 ; High quality]]
[2022.01.18-11.16.03:421][  0]LogConfig: Setting CVar [[r.AnisotropicMaterials:1]]
[2022.01.18-11.16.03:421][  0]LogConfig: Setting CVar [[r.SSS.Scale:1]]
[2022.01.18-11.16.03:421][  0]LogConfig: Setting CVar [[r.SSS.SampleSet:2]]
[2022.01.18-11.16.03:421][  0]LogConfig: Setting CVar [[r.SSS.Quality:1]]
[2022.01.18-11.16.03:421][  0]LogConfig: Setting CVar [[r.SSS.HalfRes:0]]
[2022.01.18-11.16.03:421][  0]LogConfig: Setting CVar [[r.SSGI.Quality:3]]
[2022.01.18-11.16.03:421][  0]LogConfig: Setting CVar [[r.EmitterSpawnRateScale:1.0]]
[2022.01.18-11.16.03:421][  0]LogConfig: Setting CVar [[r.ParticleLightQuality:2]]
[2022.01.18-11.16.03:421][  0]LogConfig: Setting CVar [[r.SkyAtmosphere.AerialPerspectiveLUT.FastApplyOnOpaque:1 ; Always have FastSkyLUT 1 in this case to avoid wrong sky]]
[2022.01.18-11.16.03:421][  0]LogConfig: Setting CVar [[r.SkyAtmosphere.AerialPerspectiveLUT.SampleCountMaxPerSlice:4]]
[2022.01.18-11.16.03:421][  0]LogConfig: Setting CVar [[r.SkyAtmosphere.AerialPerspectiveLUT.DepthResolution:16.0]]
[2022.01.18-11.16.03:421][  0]LogConfig: Setting CVar [[r.SkyAtmosphere.FastSkyLUT:1]]
[2022.01.18-11.16.03:421][  0]LogConfig: Setting CVar [[r.SkyAtmosphere.FastSkyLUT.SampleCountMin:4.0]]
[2022.01.18-11.16.03:421][  0]LogConfig: Setting CVar [[r.SkyAtmosphere.FastSkyLUT.SampleCountMax:128.0]]
[2022.01.18-11.16.03:421][  0]LogConfig: Setting CVar [[r.SkyAtmosphere.SampleCountMin:4.0]]
[2022.01.18-11.16.03:421][  0]LogConfig: Setting CVar [[r.SkyAtmosphere.SampleCountMax:128.0]]
[2022.01.18-11.16.03:421][  0]LogConfig: Setting CVar [[r.SkyAtmosphere.TransmittanceLUT.UseSmallFormat:0]]
[2022.01.18-11.16.03:421][  0]LogConfig: Setting CVar [[r.SkyAtmosphere.TransmittanceLUT.SampleCount:10.0]]
[2022.01.18-11.16.03:421][  0]LogConfig: Setting CVar [[r.SkyAtmosphere.MultiScatteringLUT.SampleCount:15.0]]
[2022.01.18-11.16.03:421][  0]LogConfig: Setting CVar [[r.SkyLight.RealTimeReflectionCapture:1]]
[2022.01.18-11.16.03:421][  0]LogConfig: Applying CVar settings from Section [FoliageQuality@3] File [D:/Epic/ProjectsOnUnreal/gameJLK/JLK/Saved/Config/Windows/Scalability.ini]
[2022.01.18-11.16.03:421][  0]LogConfig: Setting CVar [[foliage.DensityScale:1.0]]
[2022.01.18-11.16.03:421][  0]LogConfig: Setting CVar [[grass.DensityScale:1.0]]
[2022.01.18-11.16.03:421][  0]LogConfig: Applying CVar settings from Section [ShadingQuality@3] File [D:/Epic/ProjectsOnUnreal/gameJLK/JLK/Saved/Config/Windows/Scalability.ini]
[2022.01.18-11.16.03:421][  0]LogConfig: Setting CVar [[r.HairStrands.SkyLighting.IntegrationType:2]]
[2022.01.18-11.16.03:421][  0]LogConfig: Setting CVar [[r.HairStrands.SkyAO.SampleCount:4]]
[2022.01.18-11.16.03:421][  0]LogConfig: Setting CVar [[r.HairStrands.Visibility.MSAA.SamplePerPixel:4]]
[2022.01.18-11.16.03:421][  0]LogInit: Selected Device Profile: [Windows]
[2022.01.18-11.16.03:421][  0]LogInit: Applying CVar settings loaded from the selected device profile: [Windows]
[2022.01.18-11.16.03:421][  0]LogHAL: Display: Platform has ~ 8 GB [8549720064 / 8589934592 / 8], which maps to Default [LargestMinGB=32, LargerMinGB=12, DefaultMinGB=8, SmallerMinGB=6, SmallestMinGB=0)
[2022.01.18-11.16.03:421][  0]LogInit: Going up to parent DeviceProfile []
[2022.01.18-11.16.03:421][  0]LogConfig: Applying CVar settings from Section [ViewDistanceQuality@3] File [D:/Epic/ProjectsOnUnreal/gameJLK/JLK/Saved/Config/Windows/Scalability.ini]
[2022.01.18-11.16.03:421][  0]LogConfig: Setting CVar [[r.SkeletalMeshLODBias:0]]
[2022.01.18-11.16.03:421][  0]LogConfig: Setting CVar [[r.ViewDistanceScale:1.0]]
[2022.01.18-11.16.03:421][  0]LogConfig: Applying CVar settings from Section [AntiAliasingQuality@3] File [D:/Epic/ProjectsOnUnreal/gameJLK/JLK/Saved/Config/Windows/Scalability.ini]
[2022.01.18-11.16.03:421][  0]LogConfig: Setting CVar [[r.PostProcessAAQuality:4]]
[2022.01.18-11.16.03:421][  0]LogConfig: Applying CVar settings from Section [ShadowQuality@3] File [D:/Epic/ProjectsOnUnreal/gameJLK/JLK/Saved/Config/Windows/Scalability.ini]
[2022.01.18-11.16.03:421][  0]LogConfig: Setting CVar [[r.LightFunctionQuality:1]]
[2022.01.18-11.16.03:421][  0]LogConfig: Setting CVar [[r.ShadowQuality:5]]
[2022.01.18-11.16.03:421][  0]LogConfig: Setting CVar [[r.Shadow.CSM.MaxCascades:10]]
[2022.01.18-11.16.03:421][  0]LogConfig: Setting CVar [[r.Shadow.MaxResolution:2048]]
[2022.01.18-11.16.03:421][  0]LogConfig: Setting CVar [[r.Shadow.MaxCSMResolution:2048]]
[2022.01.18-11.16.03:421][  0]LogConfig: Setting CVar [[r.Shadow.RadiusThreshold:0.01]]
[2022.01.18-11.16.03:421][  0]LogConfig: Setting CVar [[r.Shadow.DistanceScale:1.0]]
[2022.01.18-11.16.03:422][  0]LogConfig: Setting CVar [[r.Shadow.CSM.TransitionScale:1.0]]
[2022.01.18-11.16.03:422][  0]LogConfig: Setting CVar [[r.Shadow.PreShadowResolutionFactor:1.0]]
[2022.01.18-11.16.03:422][  0]LogConfig: Setting CVar [[r.DistanceFieldShadowing:1]]
[2022.01.18-11.16.03:422][  0]LogConfig: Setting CVar [[r.DistanceFieldAO:1]]
[2022.01.18-11.16.03:422][  0]LogConfig: Setting CVar [[r.AOQuality:2]]
[2022.01.18-11.16.03:422][  0]LogConfig: Setting CVar [[r.VolumetricFog:1]]
[2022.01.18-11.16.03:422][  0]LogConfig: Setting CVar [[r.VolumetricFog.GridPixelSize:8]]
[2022.01.18-11.16.03:422][  0]LogConfig: Setting CVar [[r.VolumetricFog.GridSizeZ:128]]
[2022.01.18-11.16.03:422][  0]LogConfig: Setting CVar [[r.VolumetricFog.HistoryMissSupersampleCount:4]]
[2022.01.18-11.16.03:422][  0]LogConfig: Setting CVar [[r.LightMaxDrawDistanceScale:1]]
[2022.01.18-11.16.03:422][  0]LogConfig: Setting CVar [[r.CapsuleShadows:1]]
[2022.01.18-11.16.03:422][  0]LogConfig: Applying CVar settings from Section [PostProcessQuality@3] File [D:/Epic/ProjectsOnUnreal/gameJLK/JLK/Saved/Config/Windows/Scalability.ini]
[2022.01.18-11.16.03:422][  0]LogConfig: Setting CVar [[r.MotionBlurQuality:4]]
[2022.01.18-11.16.03:422][  0]LogConfig: Setting CVar [[r.AmbientOcclusionMipLevelFactor:0.4]]
[2022.01.18-11.16.03:422][  0]LogConfig: Setting CVar [[r.AmbientOcclusionMaxQuality:100]]
[2022.01.18-11.16.03:422][  0]LogConfig: Setting CVar [[r.AmbientOcclusionLevels:-1]]
[2022.01.18-11.16.03:422][  0]LogConfig: Setting CVar [[r.AmbientOcclusionRadiusScale:1.0]]
[2022.01.18-11.16.03:422][  0]LogConfig: Setting CVar [[r.DepthOfFieldQuality:2]]
[2022.01.18-11.16.03:422][  0]LogConfig: Setting CVar [[r.RenderTargetPoolMin:400]]
[2022.01.18-11.16.03:422][  0]LogConfig: Setting CVar [[r.LensFlareQuality:2]]
[2022.01.18-11.16.03:422][  0]LogConfig: Setting CVar [[r.SceneColorFringeQuality:1]]
[2022.01.18-11.16.03:422][  0]LogConfig: Setting CVar [[r.EyeAdaptationQuality:2]]
[2022.01.18-11.16.03:422][  0]LogConfig: Setting CVar [[r.BloomQuality:5]]
[2022.01.18-11.16.03:422][  0]LogConfig: Setting CVar [[r.FastBlurThreshold:100]]
[2022.01.18-11.16.03:422][  0]LogConfig: Setting CVar [[r.Upscale.Quality:3]]
[2022.01.18-11.16.03:422][  0]LogConfig: Setting CVar [[r.Tonemapper.GrainQuantization:1]]
[2022.01.18-11.16.03:422][  0]LogConfig: Setting CVar [[r.LightShaftQuality:1]]
[2022.01.18-11.16.03:422][  0]LogConfig: Setting CVar [[r.Filter.SizeScale:1]]
[2022.01.18-11.16.03:422][  0]LogConfig: Setting CVar [[r.Tonemapper.Quality:5]]
[2022.01.18-11.16.03:422][  0]LogConfig: Setting CVar [[r.DOF.Gather.AccumulatorQuality:1        ; higher gathering accumulator quality]]
[2022.01.18-11.16.03:422][  0]LogConfig: Setting CVar [[r.DOF.Gather.PostfilterMethod:1          ; Median3x3 postfilering method]]
[2022.01.18-11.16.03:422][  0]LogConfig: Setting CVar [[r.DOF.Gather.EnableBokehSettings:0       ; no bokeh simulation when gathering]]
[2022.01.18-11.16.03:422][  0]LogConfig: Setting CVar [[r.DOF.Gather.RingCount:4                 ; medium number of samples when gathering]]
[2022.01.18-11.16.03:422][  0]LogConfig: Setting CVar [[r.DOF.Scatter.ForegroundCompositing:1    ; additive foreground scattering]]
[2022.01.18-11.16.03:422][  0]LogConfig: Setting CVar [[r.DOF.Scatter.BackgroundCompositing:2    ; additive background scattering]]
[2022.01.18-11.16.03:422][  0]LogConfig: Setting CVar [[r.DOF.Scatter.EnableBokehSettings:1      ; bokeh simulation when scattering]]
[2022.01.18-11.16.03:422][  0]LogConfig: Setting CVar [[r.DOF.Scatter.MaxSpriteRatio:0.1         ; only a maximum of 10% of scattered bokeh]]
[2022.01.18-11.16.03:422][  0]LogConfig: Setting CVar [[r.DOF.Recombine.Quality:1                ; cheap slight out of focus]]
[2022.01.18-11.16.03:422][  0]LogConfig: Setting CVar [[r.DOF.Recombine.EnableBokehSettings:0    ; no bokeh simulation on slight out of focus]]
[2022.01.18-11.16.03:422][  0]LogConfig: Setting CVar [[r.DOF.TemporalAAQuality:1                ; more stable temporal accumulation]]
[2022.01.18-11.16.03:422][  0]LogConfig: Setting CVar [[r.DOF.Kernel.MaxForegroundRadius:0.025]]
[2022.01.18-11.16.03:422][  0]LogConfig: Setting CVar [[r.DOF.Kernel.MaxBackgroundRadius:0.025]]
[2022.01.18-11.16.03:422][  0]LogConfig: Applying CVar settings from Section [TextureQuality@3] File [D:/Epic/ProjectsOnUnreal/gameJLK/JLK/Saved/Config/Windows/Scalability.ini]
[2022.01.18-11.16.03:422][  0]LogConfig: Setting CVar [[r.Streaming.MipBias:0]]
[2022.01.18-11.16.03:422][  0]LogConfig: Setting CVar [[r.Streaming.AmortizeCPUToGPUCopy:0]]
[2022.01.18-11.16.03:422][  0]LogConfig: Setting CVar [[r.Streaming.MaxNumTexturesToStreamPerFrame:0]]
[2022.01.18-11.16.03:422][  0]LogConfig: Setting CVar [[r.Streaming.Boost:1]]
[2022.01.18-11.16.03:422][  0]LogConfig: Setting CVar [[r.MaxAnisotropy:8]]
[2022.01.18-11.16.03:422][  0]LogConfig: Setting CVar [[r.VT.MaxAnisotropy:8]]
[2022.01.18-11.16.03:422][  0]LogConfig: Setting CVar [[r.Streaming.LimitPoolSizeToVRAM:0]]
[2022.01.18-11.16.03:422][  0]LogConfig: Setting CVar [[r.Streaming.PoolSize:1000]]
[2022.01.18-11.16.03:422][  0]LogConfig: Setting CVar [[r.Streaming.MaxEffectiveScreenSize:0]]
[2022.01.18-11.16.03:422][  0]LogConfig: Applying CVar settings from Section [EffectsQuality@3] File [D:/Epic/ProjectsOnUnreal/gameJLK/JLK/Saved/Config/Windows/Scalability.ini]
[2022.01.18-11.16.03:422][  0]LogConfig: Setting CVar [[r.TranslucencyLightingVolumeDim:64]]
[2022.01.18-11.16.03:422][  0]LogConfig: Setting CVar [[r.RefractionQuality:2]]
[2022.01.18-11.16.03:422][  0]LogConfig: Setting CVar [[r.SSR.Quality:3]]
[2022.01.18-11.16.03:422][  0]LogConfig: Setting CVar [[r.SSR.HalfResSceneColor:0]]
[2022.01.18-11.16.03:422][  0]LogConfig: Setting CVar [[r.SceneColorFormat:4]]
[2022.01.18-11.16.03:422][  0]LogConfig: Setting CVar [[r.DetailMode:2]]
[2022.01.18-11.16.03:422][  0]LogConfig: Setting CVar [[r.TranslucencyVolumeBlur:1]]
[2022.01.18-11.16.03:422][  0]LogConfig: Setting CVar [[r.MaterialQualityLevel:1 ; High quality]]
[2022.01.18-11.16.03:422][  0]LogConfig: Setting CVar [[r.AnisotropicMaterials:1]]
[2022.01.18-11.16.03:422][  0]LogConfig: Setting CVar [[r.SSS.Scale:1]]
[2022.01.18-11.16.03:422][  0]LogConfig: Setting CVar [[r.SSS.SampleSet:2]]
[2022.01.18-11.16.03:423][  0]LogConfig: Setting CVar [[r.SSS.Quality:1]]
[2022.01.18-11.16.03:423][  0]LogConfig: Setting CVar [[r.SSS.HalfRes:0]]
[2022.01.18-11.16.03:423][  0]LogConfig: Setting CVar [[r.SSGI.Quality:3]]
[2022.01.18-11.16.03:423][  0]LogConfig: Setting CVar [[r.EmitterSpawnRateScale:1.0]]
[2022.01.18-11.16.03:423][  0]LogConfig: Setting CVar [[r.ParticleLightQuality:2]]
[2022.01.18-11.16.03:423][  0]LogConfig: Setting CVar [[r.SkyAtmosphere.AerialPerspectiveLUT.FastApplyOnOpaque:1 ; Always have FastSkyLUT 1 in this case to avoid wrong sky]]
[2022.01.18-11.16.03:423][  0]LogConfig: Setting CVar [[r.SkyAtmosphere.AerialPerspectiveLUT.SampleCountMaxPerSlice:4]]
[2022.01.18-11.16.03:423][  0]LogConfig: Setting CVar [[r.SkyAtmosphere.AerialPerspectiveLUT.DepthResolution:16.0]]
[2022.01.18-11.16.03:423][  0]LogConfig: Setting CVar [[r.SkyAtmosphere.FastSkyLUT:1]]
[2022.01.18-11.16.03:423][  0]LogConfig: Setting CVar [[r.SkyAtmosphere.FastSkyLUT.SampleCountMin:4.0]]
[2022.01.18-11.16.03:423][  0]LogConfig: Setting CVar [[r.SkyAtmosphere.FastSkyLUT.SampleCountMax:128.0]]
[2022.01.18-11.16.03:423][  0]LogConfig: Setting CVar [[r.SkyAtmosphere.SampleCountMin:4.0]]
[2022.01.18-11.16.03:423][  0]LogConfig: Setting CVar [[r.SkyAtmosphere.SampleCountMax:128.0]]
[2022.01.18-11.16.03:423][  0]LogConfig: Setting CVar [[r.SkyAtmosphere.TransmittanceLUT.UseSmallFormat:0]]
[2022.01.18-11.16.03:423][  0]LogConfig: Setting CVar [[r.SkyAtmosphere.TransmittanceLUT.SampleCount:10.0]]
[2022.01.18-11.16.03:423][  0]LogConfig: Setting CVar [[r.SkyAtmosphere.MultiScatteringLUT.SampleCount:15.0]]
[2022.01.18-11.16.03:423][  0]LogConfig: Setting CVar [[r.SkyLight.RealTimeReflectionCapture:1]]
[2022.01.18-11.16.03:423][  0]LogConfig: Applying CVar settings from Section [FoliageQuality@3] File [D:/Epic/ProjectsOnUnreal/gameJLK/JLK/Saved/Config/Windows/Scalability.ini]
[2022.01.18-11.16.03:423][  0]LogConfig: Setting CVar [[foliage.DensityScale:1.0]]
[2022.01.18-11.16.03:423][  0]LogConfig: Setting CVar [[grass.DensityScale:1.0]]
[2022.01.18-11.16.03:423][  0]LogConfig: Applying CVar settings from Section [ShadingQuality@3] File [D:/Epic/ProjectsOnUnreal/gameJLK/JLK/Saved/Config/Windows/Scalability.ini]
[2022.01.18-11.16.03:423][  0]LogConfig: Setting CVar [[r.HairStrands.SkyLighting.IntegrationType:2]]
[2022.01.18-11.16.03:423][  0]LogConfig: Setting CVar [[r.HairStrands.SkyAO.SampleCount:4]]
[2022.01.18-11.16.03:423][  0]LogConfig: Setting CVar [[r.HairStrands.Visibility.MSAA.SamplePerPixel:4]]
[2022.01.18-11.16.03:423][  0]LogConfig: Applying CVar settings from Section [Startup] File [../../../Engine/Config/ConsoleVariables.ini]
[2022.01.18-11.16.03:423][  0]LogConfig: Setting CVar [[net.UseAdaptiveNetUpdateFrequency:0]]
[2022.01.18-11.16.03:423][  0]LogConfig: Setting CVar [[p.chaos.AllowCreatePhysxBodies:1]]
[2022.01.18-11.16.03:423][  0]LogConfig: Setting CVar [[fx.SkipVectorVMBackendOptimizations:1]]
[2022.01.18-11.16.03:423][  0]LogConfig: Applying CVar settings from Section [ConsoleVariables] File [D:/Epic/ProjectsOnUnreal/gameJLK/JLK/Saved/Config/Windows/Engine.ini]
[2022.01.18-11.16.03:423][  0]LogConfig: Applying CVar settings from Section [ConsoleVariables] File [D:/Epic/ProjectsOnUnreal/gameJLK/JLK/Saved/Config/Windows/Editor.ini]
[2022.01.18-11.16.03:423][  0]LogInit: Computer: DESKTOP-VHSP7AU
[2022.01.18-11.16.03:423][  0]LogInit: User: XXX
[2022.01.18-11.16.03:423][  0]LogInit: CPU Page size=4096, Cores=2
[2022.01.18-11.16.03:423][  0]LogInit: High frequency timer resolution =10.000000 MHz
[2022.01.18-11.16.03:423][  0]LogMemory: Memory total: Physical=8.0GB (8GB approx)
[2022.01.18-11.16.03:423][  0]LogMemory: Platform Memory Stats for Windows
[2022.01.18-11.16.03:423][  0]LogMemory: Process Physical Memory: 141.41 MB used, 141.41 MB peak
[2022.01.18-11.16.03:424][  0]LogMemory: Process Virtual Memory: 126.90 MB used, 126.90 MB peak
[2022.01.18-11.16.03:424][  0]LogMemory: Physical Memory: 6031.87 MB used,  2121.78 MB free, 8153.65 MB total
[2022.01.18-11.16.03:424][  0]LogMemory: Virtual Memory: 134214448.00 MB used,  3278.27 MB free, 134217728.00 MB total
[2022.01.18-11.16.03:433][  0]LogWindows: WindowsPlatformFeatures enabled
[2022.01.18-11.16.03:466][  0]LogInit: Physics initialised using underlying interface: PhysX
[2022.01.18-11.16.03:466][  0]LogInit: Using OS detected language (ru-RU).
[2022.01.18-11.16.03:466][  0]LogInit: Using OS detected locale (ru-BY).
[2022.01.18-11.16.03:471][  0]LogTextLocalizationManager: No specific localization for 'ru-RU' exists, so the 'ru' localization will be used.
[2022.01.18-11.16.03:474][  0]LogTextLocalizationResource: LocRes '../../../Engine/Content/Localization/Editor/ru/Editor.locres' could not be opened for reading!
[2022.01.18-11.16.03:474][  0]LogTextLocalizationResource: LocRes '../../../Engine/Content/Localization/EditorTutorials/ru/EditorTutorials.locres' could not be opened for reading!
[2022.01.18-11.16.03:474][  0]LogTextLocalizationResource: LocRes '../../../Engine/Content/Localization/Keywords/ru/Keywords.locres' could not be opened for reading!
[2022.01.18-11.16.03:474][  0]LogTextLocalizationResource: LocRes '../../../Engine/Content/Localization/Category/ru/Category.locres' could not be opened for reading!
[2022.01.18-11.16.03:474][  0]LogTextLocalizationResource: LocRes '../../../Engine/Content/Localization/ToolTips/ru/ToolTips.locres' could not be opened for reading!
[2022.01.18-11.16.03:474][  0]LogTextLocalizationResource: LocRes '../../../Engine/Content/Localization/PropertyNames/ru/PropertyNames.locres' could not be opened for reading!
[2022.01.18-11.16.03:474][  0]LogTextLocalizationResource: LocRes '../../../Engine/Content/Localization/Engine/ru/Engine.locres' could not be opened for reading!
[2022.01.18-11.16.03:500][  0]LogWindowsTextInputMethodSystem: Display: IME system deactivated.
[2022.01.18-11.16.03:522][  0]LogSlate: New Slate User Created.  User Index 0, Is Virtual User: 0
[2022.01.18-11.16.03:522][  0]LogSlate: Slate User Registered.  User Index 0, Is Virtual User: 0
[2022.01.18-11.16.03:557][  0]LogD3D11RHI: Loaded GFSDK_Aftermath_Lib.x64.dll
[2022.01.18-11.16.03:571][  0]LogHMD: Failed to initialize OpenVR with code 110
[2022.01.18-11.16.03:572][  0]LogD3D11RHI: D3D11 min allowed feature level: 11_0
[2022.01.18-11.16.03:572][  0]LogD3D11RHI: D3D11 max allowed feature level: 11_0
[2022.01.18-11.16.03:572][  0]LogD3D11RHI: D3D11 adapters:
[2022.01.18-11.16.03:635][  0]LogD3D11RHI:    0. 'NVIDIA GeForce GTX 550 Ti' (Feature Level 11_0)
[2022.01.18-11.16.03:635][  0]LogD3D11RHI:       977/0/4076 MB DedicatedVideo/DedicatedSystem/SharedSystem, Outputs:1, VendorId:0x10de
[2022.01.18-11.16.03:637][  0]LogD3D11RHI:    1. 'Microsoft Basic Render Driver' (Feature Level 11_0)
[2022.01.18-11.16.03:637][  0]LogD3D11RHI:       0/0/4076 MB DedicatedVideo/DedicatedSystem/SharedSystem, Outputs:0, VendorId:0x1414
[2022.01.18-11.16.03:637][  0]LogD3D11RHI: Chosen D3D11 Adapter:
[2022.01.18-11.16.03:637][  0]LogD3D11RHI:     Description : NVIDIA GeForce GTX 550 Ti
[2022.01.18-11.16.03:637][  0]LogD3D11RHI:     VendorId    : 10de
[2022.01.18-11.16.03:637][  0]LogD3D11RHI:     DeviceId    : 1244
[2022.01.18-11.16.03:637][  0]LogD3D11RHI:     SubSysId    : 40110b0
[2022.01.18-11.16.03:637][  0]LogD3D11RHI:     Revision    : 00a1
[2022.01.18-11.16.03:637][  0]LogD3D11RHI:     DedicatedVideoMemory : 1024524288 bytes
[2022.01.18-11.16.03:637][  0]LogD3D11RHI:     DedicatedSystemMemory : 0 bytes
[2022.01.18-11.16.03:637][  0]LogD3D11RHI:     SharedSystemMemory : 4274860032 bytes
[2022.01.18-11.16.03:637][  0]LogD3D11RHI:     AdapterLuid : 0 34815
[2022.01.18-11.16.03:643][  0]LogD3D11RHI: Creating new Direct3DDevice
[2022.01.18-11.16.03:643][  0]LogD3D11RHI:     GPU DeviceId: 0x1244 (for the marketing name, search the web for "GPU Device Id")
[2022.01.18-11.16.03:643][  0]LogWindows: EnumDisplayDevices:
[2022.01.18-11.16.03:644][  0]LogWindows:    0. 'NVIDIA GeForce GTX 550 Ti' (P:1 D:1)
[2022.01.18-11.16.03:644][  0]LogWindows:    1. 'NVIDIA GeForce GTX 550 Ti' (P:0 D:0)
[2022.01.18-11.16.03:644][  0]LogWindows: DebugString: FoundDriverCount:2 
[2022.01.18-11.16.03:644][  0]LogD3D11RHI:     Adapter Name: NVIDIA GeForce GTX 550 Ti
[2022.01.18-11.16.03:644][  0]LogD3D11RHI:   Driver Version: 388.13 (internal:23.21.13.8813, unified:388.13)
[2022.01.18-11.16.03:644][  0]LogD3D11RHI:      Driver Date: 10-27-2017
[2022.01.18-11.16.03:644][  0]LogRHI: Texture pool is 683 MB (70% of 977 MB)
[2022.01.18-11.16.03:644][  0]LogD3D11RHI: Creating D3DDevice using adapter:
[2022.01.18-11.16.03:644][  0]LogD3D11RHI:     Description : NVIDIA GeForce GTX 550 Ti
[2022.01.18-11.16.03:644][  0]LogD3D11RHI:     VendorId    : 10de
[2022.01.18-11.16.03:644][  0]LogD3D11RHI:     DeviceId    : 1244
[2022.01.18-11.16.03:644][  0]LogD3D11RHI:     SubSysId    : 40110b0
[2022.01.18-11.16.03:644][  0]LogD3D11RHI:     Revision    : 00a1
[2022.01.18-11.16.03:644][  0]LogD3D11RHI:     DedicatedVideoMemory : 1024524288 bytes
[2022.01.18-11.16.03:644][  0]LogD3D11RHI:     DedicatedSystemMemory : 0 bytes
[2022.01.18-11.16.03:644][  0]LogD3D11RHI:     SharedSystemMemory : 4274860032 bytes
[2022.01.18-11.16.03:644][  0]LogD3D11RHI:     AdapterLuid : 0 34815
[2022.01.18-11.16.03:693][  0]LogD3D11RHI: Display: Timestamp queries are currently disabled on this hardware due to instability. Realtime GPU stats will not be available. You can override this behaviour by setting r.NVIDIATimestampWorkaround to 0
[2022.01.18-11.16.03:693][  0]LogD3D11RHI: RHI does not have support for 64 bit atomics
[2022.01.18-11.16.03:693][  0]LogD3D11RHI: Async texture creation enabled
[2022.01.18-11.16.03:710][  0]LogD3D11RHI: GPU Timing Frequency: 1000.000000 (Debug: 2 1)
[2022.01.18-11.16.03:758][  0]LogRHI: GeForceNow SDK initialized: 1
[2022.01.18-11.16.04:253][  0]LogTargetPlatformManager: Display: Loaded TargetPlatform 'WindowsNoEditor'
[2022.01.18-11.16.04:258][  0]LogTargetPlatformManager: Display: Loaded TargetPlatform 'Windows'
[2022.01.18-11.16.04:263][  0]LogTargetPlatformManager: Display: Loaded TargetPlatform 'WindowsClient'
[2022.01.18-11.16.04:268][  0]LogTargetPlatformManager: Display: Loaded TargetPlatform 'WindowsServer'
[2022.01.18-11.16.04:269][  0]LogTargetPlatformManager: Display: Building Assets For Windows
[2022.01.18-11.16.04:277][  0]LogAudioDebug: Display: Lib vorbis DLL was dynamically loaded.
[2022.01.18-11.16.04:325][  0]LogTextureFormatOodle: Display: Oodle Texture 2.9.0 init RDO Off
[2022.01.18-11.16.04:360][  0]LogRendererCore: Ray tracing is disabled. Reason: r.RayTracing=0.
[2022.01.18-11.16.04:360][  0]LogShaderCompilers: Guid format shader working directory is 1 characters bigger than the processId version (../../../../../ProjectsOnUnreal/gameJLK/JLK/Intermediate/Shaders/WorkingDirectory/1348/).
[2022.01.18-11.16.04:360][  0]LogShaderCompilers: Cleaned the shader compiler working directory 'C:/Users/XXX/AppData/Local/Temp/UnrealShaderWorkingDir/D88EFEB14464C257F56C83BD0CB8232D/'.
[2022.01.18-11.16.04:360][  0]LogXGEController: Cannot use XGE Controller as Incredibuild is not installed on this machine.
[2022.01.18-11.16.04:360][  0]LogShaderCompilers: Cannot use XGE Shader Compiler as Incredibuild is not installed on this machine.
[2022.01.18-11.16.04:360][  0]LogShaderCompilers: Display: Using Local Shader Compiler.
[2022.01.18-11.16.05:305][  0]LogDerivedDataCache: Display: Max Cache Size: 512 MB
[2022.01.18-11.16.05:410][  0]LogDerivedDataCache: Loaded boot cache 0.10s 94MB C:/Users/XXX/AppData/Local/UnrealEngine/4.27/DerivedDataCache/Boot.ddc.
[2022.01.18-11.16.05:410][  0]LogDerivedDataCache: Display: Loaded Boot cache: C:/Users/XXX/AppData/Local/UnrealEngine/4.27/DerivedDataCache/Boot.ddc
[2022.01.18-11.16.05:410][  0]LogDerivedDataCache: FDerivedDataBackendGraph:  Pak pak cache file ../../../../../ProjectsOnUnreal/gameJLK/JLK/DerivedDataCache/DDC.ddp not found, will not use a pak cache.
[2022.01.18-11.16.05:410][  0]LogDerivedDataCache: Unable to find inner node Pak for hierarchical cache Hierarchy.
[2022.01.18-11.16.05:410][  0]LogDerivedDataCache: FDerivedDataBackendGraph:  CompressedPak pak cache file ../../../../../ProjectsOnUnreal/gameJLK/JLK/DerivedDataCache/Compressed.ddp not found, will not use a pak cache.
[2022.01.18-11.16.05:410][  0]LogDerivedDataCache: Unable to find inner node CompressedPak for hierarchical cache Hierarchy.
[2022.01.18-11.16.05:432][  0]LogDerivedDataCache: Display: Pak cache opened for reading ../../../Engine/DerivedDataCache/Compressed.ddp.
[2022.01.18-11.16.05:432][  0]LogDerivedDataCache: FDerivedDataBackendGraph:  EnterprisePak pak cache file ../../../Enterprise/DerivedDataCache/Compressed.ddp not found, will not use a pak cache.
[2022.01.18-11.16.05:432][  0]LogDerivedDataCache: Unable to find inner node EnterprisePak for hierarchical cache Hierarchy.
[2022.01.18-11.16.05:441][  0]LogDerivedDataCache: Speed tests for C:/Users/XXX/AppData/Local/UnrealEngine/Common/DerivedDataCache took 0.01 seconds
[2022.01.18-11.16.05:441][  0]LogDerivedDataCache: Display: Performance to C:/Users/XXX/AppData/Local/UnrealEngine/Common/DerivedDataCache: Latency=0.04ms. RandomReadSpeed=955.49MBs, RandomWriteSpeed=118.86MBs. Assigned SpeedClass 'Local'
[2022.01.18-11.16.05:442][  0]LogDerivedDataCache: Using Local data cache path C:/Users/XXX/AppData/Local/UnrealEngine/Common/DerivedDataCache: Writable
[2022.01.18-11.16.05:442][  0]LogDerivedDataCache: Shared data cache path not found in *engine.ini, will not use an Shared cache.
[2022.01.18-11.16.05:442][  0]LogDerivedDataCache: Unable to find inner node Shared for hierarchical cache Hierarchy.
[2022.01.18-11.16.05:548][  0]LogSlate: Using FreeType 2.10.0
[2022.01.18-11.16.05:548][  0]LogSlate: SlateFontServices - WITH_FREETYPE: 1, WITH_HARFBUZZ: 1
[2022.01.18-11.16.05:691][  0]LogInit: Using OS detected language (ru-RU).
[2022.01.18-11.16.05:691][  0]LogInit: Using OS detected locale (ru-BY).
[2022.01.18-11.16.05:691][  0]LogTextLocalizationManager: No localization for 'ru-RU' exists, so 'en' will be used for the language.
[2022.01.18-11.16.05:691][  0]LogTextLocalizationManager: No localization for 'ru-BY' exists, so 'en' will be used for the locale.
[2022.01.18-11.16.05:691][  0]LogSlate: FontCache flush requested. Reason: Culture for localization was changed
[2022.01.18-11.16.05:691][  0]LogSlate: FontCache flush requested. Reason: Culture for localization was changed
[2022.01.18-11.16.05:699][  0]LogAssetRegistry: FAssetRegistry took 0.0037 seconds to start up
[2022.01.18-11.16.06:012][  0]LogTextLocalizationManager: Compacting localization data took   0.01ms
[2022.01.18-11.16.06:012][  0]LogPackageLocalizationCache: Processed 27 localized package path(s) for 1 prioritized culture(s) in 0.002177 seconds
[2022.01.18-11.16.06:101][  0]LogInit: Selected Device Profile: [Windows]
[2022.01.18-11.16.06:101][  0]LogInit: Active device profile: [000001F439ED9E00][000001F432CA5340 49] Windows
[2022.01.18-11.16.06:101][  0]LogInit: Profiles: [000001F439ED9E00][000001F432CA5340 49] Windows, [000001F439E91C00][000001F432CAD4C0 49] WindowsNoEditor, [000001F439EDA100][000001F433189640 49] WindowsServer, [000001F439E90400][000001F432CA9780 49] WindowsClient, [000001F439ED8600][000001F43318D8C0 49] IOS, [000001F439E92800][000001F433191A00 49] iPadAir, [000001F439EDAD00][000001F433195B40 49] iPadAir2, [000001F439E51E00][000001F4331A0280 49] IPadPro, [000001F439E51F00][000001F43319C2C0 49] iPadAir3, [000001F439ED9500][000001F4331A4440 49] iPadAir4, [000001F439E53700][000001F4331A85C0 49] iPadMini2, [000001F439EDB900][000001F4331AC740 49] iPadMini3, [000001F439E51600][000001F4331B08C0 49] iPadMini4, [000001F439ED8A00][000001F4331B4A40 49] iPadMini5, [000001F439E59300][000001F4331BCD00 49] iPhone6, [000001F439E59400][000001F4331B8D40 49] iPodTouch6, [000001F439E90600][000001F4331C5000 49] iPhone7, [000001F439E91F00][000001F4331C1040 49] iPodTouch7, [000001F439E52D00][000001F4331C91C0 49] iPhone5S, [000001F439E90900][000001F4331CD340 49] iPhone6Plus, [000001F439E53F00][000001F4331D14C0 49] iPhone6S, [000001F439E93300][000001F4331D5640 49] iPhone6SPlus, [000001F439E58100][000001F4331D97C0 49] iPhone7Plus, [000001F439E52200][000001F433199900 49] iPhoneSE, [000001F439E5B300][000001F4331DDA40 49] iPhone8, [000001F439E51C00][000001F4331E1B80 49] iPhone8Plus, [000001F439E58800][000001F4331E4140 49] iPhoneX, [000001F439E50900][000001F4331EC2C0 49] iPhoneXS, [000001F439E90700][000001F4331F0440 49] iPhoneXSMax, [000001F439E53C00][000001F4331F45C0 49] iPhoneXR, [000001F439E93A00][000001F4331F8740 49] iPhone11, [000001F439E51300][000001F4331FC8C0 49] iPhone11Pro, [000001F439E93600][000001F433200A40 49] iPhone11ProMax, [000001F439E52700][000001F433204BC0 49] iPhoneSE2, [000001F439E93200][000001F433208D40 49] iPhone12Mini, [000001F439E50B00][000001F43320CEC0 49] iPhone12, [000001F439E91600][000001F433211040 49] iPhone12Pro, [000001F439E51000][000001F4332151C0 49] iPhone12ProMax, [000001F439E90D00][000001F433219340 49] iPadPro105, [000001F439E50200][000001F43321D4C0 49] iPadPro129, [000001F439E90200][000001F433221640 49] iPadPro97, [000001F439E53800][000001F4332257C0 49] iPadPro2_129, [000001F439E92400][000001F433229940 49] iPad5, [000001F439E53300][000001F43946FAC0 49] iPad6, [000001F439E91300][000001F4331E9C00 49] iPad7, [000001F439E50600][000001F4394721C0 49] iPad8, [000001F439E92E00][000001F439476300 49] iPadPro11, [000001F439E51B00][000001F43947E480 49] iPadPro2_11, [000001F439E90500][000001F439482600 49] iPadPro3_129, [000001F439E53000][000001F439486780 49] iPadPro4_129, [000001F439E91900][000001F43948A900 49] AppleTV, [000001F439E52F00][000001F43948EA80 49] AppleTV4K, [000001F439E93E00][000001F439492C00 49] TVOS, [000001F439E51100][000001F439496D80 49] Mac, [000001F439E91B00][000001F43949AF00 49] MacClient, [000001F439E51800][000001F43949F080 49] MacNoEditor, [000001F439E93800][000001F4394A3200 49] MacServer, [000001F439E50E00][000001F4394A7380 49] Linux, [000001F439E93000][000001F4394AB500 49] LinuxAArch64, [000001F439E53100][000001F4394AF680 49] LinuxNoEditor, [000001F439E93100][000001F4394B3800 49] LinuxAArch64NoEditor, [000001F439E52B00][000001F4394B7980 49] LinuxClient, [000001F439E93400][000001F4394BBB00 49] LinuxAArch64Client, [000001F439E52000][000001F4394BE100 49] LinuxServer, [000001F439E92100][000001F43947A240 49] LinuxAArch64Server, [000001F439E51D00][000001F4394C2380 49] Android, [000001F439E91500][000001F4394C64C0 49] Android_Low, [000001F439E50800][000001F4394CE640 49] Android_Mid, [000001F439E90C00][000001F4394D27C0 49] Android_High, [000001F439E50400][000001F4394D6940 49] Android_Default, [000001F439E90800][000001F4394DAAC0 49] Android_Adreno4xx, [000001F439E52600][000001F4394DEC40 49] Android_Adreno5xx_Low, [000001F439E91800][000001F4394E2DC0 49] Android_Adreno5xx, [000001F439E51700][000001F4394E6F40 49] Android_Adreno6xx, [000001F439E90B00][000001F4394EB0C0 49] Android_Adreno6xx_Vulkan, [000001F439E52800][000001F4394EF240 49] Android_Mali_T6xx, [000001F439EDBF00][000001F4394F33C0 49] Android_Mali_T7xx, [000001F439E5A500][000001F4394F7540 49] Android_Mali_T8xx, [000001F439EDA700][000001F4394FB6C0 49] Android_Mali_G71, [000001F439E5A700][000001F4394FF840 49] Android_Mali_G72, [000001F439EDA500][000001F4395039C0 49] Android_Mali_G72_Vulkan, [000001F439E5BB00][000001F439507B40 49] Android_Mali_G76, [000001F439ED8800][000001F43950A140 49] Android_Mali_G76_Vulkan, [000001F439E5A000][000001F43950E2C0 49] Android_Mali_G77, [000001F439EDA000][000001F4394CA400 49] Android_Mali_G77_Vulkan, [000001F439E58900][000001F439512540 49] Android_Mali_G78, [000001F439EDA300][000001F439516680 49] Android_Mali_G78_Vulkan, [000001F439E58F00][000001F43951A7C0 49] Android_Mali_G710, [000001F439ED8E00][000001F439522940 49] Android_Mali_G710_Vulkan, [000001F439E5AC00][000001F439526AC0 49] Android_Vulkan_SM5, [000001F439EDB600][000001F43952AC40 49] Android_PowerVR_G6xxx, [000001F439E58E00][000001F43952EDC0 49] Android_PowerVR_GT7xxx, [000001F439ED9200][000001F439532F40 49] Android_PowerVR_GE8xxx, [000001F439E59D00][000001F4395370C0 49] Android_PowerVR_GM9xxx, [000001F439ED9700][000001F43953B240 49] Android_PowerVR_GM9xxx_Vulkan, [000001F439E58500][000001F43953F3C0 49] Android_TegraK1, [000001F439ED9C00][000001F439543540 49] Android_Unknown_Vulkan, [000001F439E5B100][000001F4395476C0 49] Lumin, [000001F439EDB700][000001F43954B840 49] Lumin_Desktop, [000001F439E59800][000001F43954F9C0 49] HoloLens, 
[2022.01.18-11.16.06:152][  0]LogMeshReduction: Using QuadricMeshReduction for automatic static mesh reduction
[2022.01.18-11.16.06:152][  0]LogMeshReduction: Using SimplygonMeshReduction for automatic skeletal mesh reduction
[2022.01.18-11.16.06:152][  0]LogMeshReduction: Using ProxyLODMeshReduction for automatic mesh merging
[2022.01.18-11.16.06:153][  0]LogMeshReduction: No distributed automatic mesh merging module available
[2022.01.18-11.16.06:153][  0]LogMeshMerging: No distributed automatic mesh merging module available
[2022.01.18-11.16.06:290][  0]LogNetVersion: JLK 1.0.0, NetCL: 17155196, EngineNetVer: 17, GameNetVer: 0 (Checksum: 2244581474)
[2022.01.18-11.16.06:682][  0]LogTexture: Default maximum texture size for cubemaps generated from long-lat sources has been changed from 512 to unlimited. In order to preserve old behaiour for '/Engine/MapTemplates/Sky/DaylightAmbientCubemap.DaylightAmbientCubemap', its maximum texture size has been explicitly set to 512.
[2022.01.18-11.16.06:779][  0]LogHMD: PokeAHoleMaterial loaded successfully
[2022.01.18-11.16.06:936][  0]LogMoviePlayer: Initializing movie player
[2022.01.18-11.16.07:078][  0]LogNiagaraDebuggerClient: Niagara Debugger Client Initialized | Session: 969165D4491D65E3C3EC4D9DD15523E3 | Instance: 9DCA7B154137CB6F0B15628B957A7B4A (DESKTOP-VHSP7AU-1348).
[2022.01.18-11.16.07:102][  0]LogCollectionManager: Loaded 0 collections in 0.000828 seconds
[2022.01.18-11.16.07:103][  0]LogFileCache: Scanning file cache for directory 'D:/Epic/ProjectsOnUnreal/gameJLK/JLK/Saved/Collections/' took 0.00s
[2022.01.18-11.16.07:104][  0]LogFileCache: Scanning file cache for directory 'D:/Epic/ProjectsOnUnreal/gameJLK/JLK/Content/Developers/XXX/Collections/' took 0.00s
[2022.01.18-11.16.07:104][  0]LogFileCache: Scanning file cache for directory 'D:/Epic/ProjectsOnUnreal/gameJLK/JLK/Content/Collections/' took 0.00s
[2022.01.18-11.16.07:104][  0]LogCollectionManager: Fixed up redirectors for 0 collections in 0.000003 seconds (updated 0 objects)
[2022.01.18-11.16.07:127][  0]LogPython: Using Python 3.7.7
[2022.01.18-11.16.07:914][  0]LogTcpMessaging: Initializing TcpMessaging bridge
[2022.01.18-11.16.07:918][  0]LogUdpMessaging: Initializing bridge on interface 0.0.0.0:0 to multicast group 230.0.0.1:6666.
[2022.01.18-11.16.08:050][  0]SourceControl: Source control is disabled
[2022.01.18-11.16.08:051][  0]SourceControl: Source control is disabled
[2022.01.18-11.16.08:054][  0]SourceControl: Source control is disabled
[2022.01.18-11.16.08:064][  0]LogUProjectInfo: Found projects:
[2022.01.18-11.16.08:066][  0]LogVSAccessor: Display: Unable to create Visual Studio setup instance: 80040154
[2022.01.18-11.16.08:068][  0]LogVSAccessor: Display: Unable to create Visual Studio setup instance: 80040154
[2022.01.18-11.16.08:068][  0]LogVSAccessor: Display: Unable to create Visual Studio setup instance: 80040154
[2022.01.18-11.16.08:156][  0]LogOpenImageDenoise: OIDN starting up
[2022.01.18-11.16.08:200][  0]LogAndroidPermission: UAndroidPermissionCallbackProxy::GetInstance
[2022.01.18-11.16.08:225][  0]LogAudioCaptureCore: Display: No Audio Capture implementations found. Audio input will be silent.
[2022.01.18-11.16.08:225][  0]LogAudioCaptureCore: Display: No Audio Capture implementations found. Audio input will be silent.
[2022.01.18-11.16.08:317][  0]LogOcInput: OculusInput pre-init called
[2022.01.18-11.16.08:328][  0]LogUObjectArray: 22121 objects as part of root set at end of initial load.
[2022.01.18-11.16.08:328][  0]LogUObjectAllocator: 5975632 out of 0 bytes used by permanent object pool.
[2022.01.18-11.16.08:328][  0]LogUObjectArray: CloseDisregardForGC: 0/0 objects in disregard for GC pool
[2022.01.18-11.16.08:384][  0]LogEngine: Initializing Engine...
[2022.01.18-11.16.08:386][  0]LogHMD: Failed to enumerate extensions. Please check that you have a valid OpenXR runtime installed.
[2022.01.18-11.16.08:386][  0]LogHMD: Failed to initialize OpenVR with code 110
[2022.01.18-11.16.08:387][  0]LogMagicLeap: Warning: VR disabled because ZI is not enabled.  To enable, in the editor, Edit -> Project Settings -> Plugins -> Magic Leap Plugin -> Enable Zero Iteration
[2022.01.18-11.16.08:388][  0]LogStats: UGameplayTagsManager::InitializeManager -  0.000 s
[2022.01.18-11.16.08:541][  0]LogInit: Initializing FReadOnlyCVARCache
[2022.01.18-11.16.08:541][  0]LogAudio: Display: Initializing Audio Device Manager...
[2022.01.18-11.16.08:548][  0]LogAudio: Display: Loading Default Audio Settings Objects...
[2022.01.18-11.16.08:549][  0]LogAudio: Display: No default SoundConcurrencyObject specified (or failed to load).
[2022.01.18-11.16.08:550][  0]LogAudio: Display: Audio Device Manager Initialized
[2022.01.18-11.16.08:550][  0]LogAudio: Display: Creating Audio Device:                 Id: 1, Scope: Shared, Realtime: True
[2022.01.18-11.16.08:550][  0]LogAudioMixer: Display: Audio Mixer Platform Settings:
[2022.01.18-11.16.08:550][  0]LogAudioMixer: Display: 	Sample Rate:						  48000
[2022.01.18-11.16.08:550][  0]LogAudioMixer: Display: 	Callback Buffer Frame Size Requested: 1024
[2022.01.18-11.16.08:550][  0]LogAudioMixer: Display: 	Callback Buffer Frame Size To Use:	  1024
[2022.01.18-11.16.08:550][  0]LogAudioMixer: Display: 	Number of buffers to queue:			  2
[2022.01.18-11.16.08:550][  0]LogAudioMixer: Display: 	Max Channels (voices):				  32
[2022.01.18-11.16.08:550][  0]LogAudioMixer: Display: 	Number of Async Source Workers:		  0
[2022.01.18-11.16.08:550][  0]LogAudio: Display: AudioDevice MaxSources: 32
[2022.01.18-11.16.08:551][  0]LogAudio: Display: Audio Spatialization Plugin: None (built-in).
[2022.01.18-11.16.08:551][  0]LogAudio: Display: Audio Reverb Plugin: None (built-in).
[2022.01.18-11.16.08:551][  0]LogAudio: Display: Audio Occlusion Plugin: None (built-in).
[2022.01.18-11.16.08:551][  0]LogAudioMixer: Display: Initializing audio mixer.
[2022.01.18-11.16.08:566][  0]LogAudioMixer: Display: 0: FrontLeft
[2022.01.18-11.16.08:566][  0]LogAudioMixer: Display: 1: FrontRight
[2022.01.18-11.16.08:597][  0]LogAudioMixer: Display: Using Audio Device Динамики (High Definition Audio Device)
[2022.01.18-11.16.08:604][  0]LogAudioMixer: Display: Initializing Sound Submixes...
[2022.01.18-11.16.08:606][  0]LogAudioMixer: Display: Creating Master Submix 'MasterSubmixDefault'
[2022.01.18-11.16.08:606][  0]LogAudioMixer: Display: Creating Master Submix 'MasterReverbSubmixDefault'
[2022.01.18-11.16.08:607][  0]LogAudioMixer: Display: Creating Master Submix 'MasterEQSubmixDefault'
[2022.01.18-11.16.08:608][  0]LogAudioMixer: FMixerPlatformXAudio2::StartAudioStream() called
[2022.01.18-11.16.08:608][  0]LogAudioMixer: Display: Output buffers initialized: Frames=1024, Channels=2, Samples=2048
[2022.01.18-11.16.08:609][  0]LogAudioMixer: Display: Starting AudioMixerPlatformInterface::RunInternal()
[2022.01.18-11.16.08:609][  0]LogAudioMixer: Display: FMixerPlatformXAudio2::SubmitBuffer() called for the first time
[2022.01.18-11.16.08:609][  0]LogInit: FAudioDevice initialized.
[2022.01.18-11.16.08:630][  0]LogNetVersion: Set ProjectVersion to 1.0.0.0. Version Checksum will be recalculated on next use.
[2022.01.18-11.16.08:632][  0]LogInit: Texture streaming: Enabled
[2022.01.18-11.16.09:089][  0]LogAudio: Display: Audio Device (ID: 1) registered with world 'Untitled'.
[2022.01.18-11.16.09:126][  0]LogSlate: Updating window title bar state: overlay mode, drag disabled, window buttons hidden, title bar hidden
[2022.01.18-11.16.09:127][  0]LogInit: Display: Game Engine Initialized.
[2022.01.18-11.16.09:155][  0]LogNiagaraEditor: GEditor isn't valid! Particle reset commands will not work for Niagara components!
[2022.01.18-11.16.09:320][  0]LogInit: Display: Starting Game.
[2022.01.18-11.16.09:336][  0]LogNet: Browse: /Game/Maps/NewMap?Name=Player
[2022.01.18-11.16.09:338][  0]LogLoad: LoadMap: /Game/Maps/NewMap?Name=Player
[2022.01.18-11.16.09:338][  0]LogWorld: BeginTearingDown for /Temp/Untitled_0
[2022.01.18-11.16.09:346][  0]LogWorld: UWorld::CleanupWorld for Untitled, bSessionEnded=true, bCleanupResources=true
[2022.01.18-11.16.09:346][  0]LogSlate: InvalidateAllWidgets triggered.  All widgets were invalidated
[2022.01.18-11.16.09:352][  0]LogAudio: Display: Audio Device unregistered from world 'None'.
[2022.01.18-11.16.09:355][  0]LogUObjectHash: Compacting FUObjectHashTables data took   0.98ms
[2022.01.18-11.16.09:359][  0]LogAudio: Display: Audio Device (ID: 1) registered with world 'NewMap'.
[2022.01.18-11.16.09:367][  0]LogAIModule: Creating AISystem for world NewMap
[2022.01.18-11.16.09:641][  0]LogLoad: Game class is 'FirstPersonGameMode_C'
[2022.01.18-11.16.09:644][  0]LogWorld: Bringing World /Game/Maps/NewMap.NewMap up for play (max tick rate 0) at 2022.01.18-14.16.09
[2022.01.18-11.16.09:644][  0]LogWorld: Bringing up level for play took: 0.000705
[2022.01.18-11.16.09:645][  0]LogGameMode: FindPlayerStart: PATHS NOT DEFINED or NO PLAYERSTART with positive rating
[2022.01.18-11.16.09:676][  0]LogLoad: Took 0.337318 seconds to LoadMap(/Game/Maps/NewMap)
[2022.01.18-11.16.09:706][  0]LogSlate: Took 0.000211 seconds to synchronously load lazily loaded font '../../../Engine/Content/Slate/Fonts/Roboto-Regular.ttf' (155K)
[2022.01.18-11.16.09:733][  0]LogRenderer: Reallocating scene render targets to support 1280x720 Format 10 NumSamples 1 (Frame:1).
[2022.01.18-11.16.09:733][  0]LogInit: Display: Engine is initialized. Leaving FEngineLoop::Init()
[2022.01.18-11.16.09:733][  0]LogLoad: (Engine Initialization) Total time: 8.97 seconds
[2022.01.18-11.16.09:733][  0]LogLoad: (Engine Initialization) Total Blueprint compile time: 0.00 seconds
[2022.01.18-11.16.09:969][  0]LogContentStreaming: Texture pool size now 1000 MB
[2022.01.18-11.16.10:010][  0]LogSlate: InvalidateAllWidgets triggered.  All widgets were invalidated
[2022.01.18-11.16.10:420][  1]LogSlate: Took 0.000238 seconds to synchronously load lazily loaded font '../../../Engine/Content/Slate/Fonts/Roboto-Regular.ttf' (155K)
[2022.01.18-11.16.28:569][369]LogSlate: Window 'JLK (64-bit Development PCD3D_SM5) ' being destroyed
[2022.01.18-11.16.28:570][369]LogWindowsTextInputMethodSystem: Display: IME system deactivated.
[2022.01.18-11.16.28:572][370]LogSlate: Updating window title bar state: overlay mode, drag disabled, window buttons hidden, title bar hidden
[2022.01.18-11.16.28:572][370]LogEngine: All Windows Closed
[2022.01.18-11.16.28:573][370]LogWindows: FPlatformMisc::RequestExit(0)
[2022.01.18-11.16.28:573][370]LogWindows: FPlatformMisc::RequestExitWithStatus(0, 0)
[2022.01.18-11.16.28:573][370]LogCore: Engine exit requested (reason: Win RequestExit)
[2022.01.18-11.16.28:573][371]LogCore: Engine exit requested (reason: EngineExit() was called; note: exit was already requested)
[2022.01.18-11.16.28:573][371]LogInit: Display: PreExit Game.
[2022.01.18-11.16.28:610][371]LogWorld: BeginTearingDown for /Game/Maps/NewMap
[2022.01.18-11.16.28:610][371]LogWorld: UWorld::CleanupWorld for NewMap, bSessionEnded=true, bCleanupResources=true
[2022.01.18-11.16.28:610][371]LogSlate: InvalidateAllWidgets triggered.  All widgets were invalidated
[2022.01.18-11.16.29:402][371]LogAudio: Display: Beginning Audio Device Manager Shutdown (Module: AudioMixerXAudio2)...
[2022.01.18-11.16.29:403][371]LogAudio: Display: Destroying 1 Remaining Audio Device(s)...
[2022.01.18-11.16.29:403][371]LogAudio: Display: Audio Device unregistered from world 'NewMap'.
[2022.01.18-11.16.29:448][371]LogAudioMixer: FMixerPlatformXAudio2::StopAudioStream() called
[2022.01.18-11.16.29:449][371]LogAudioMixer: FMixerPlatformXAudio2::StopAudioStream() called
[2022.01.18-11.16.29:478][371]LogAudio: Display: Audio Device Manager Shutdown
[2022.01.18-11.16.29:481][371]LogExit: Preparing to exit.
[2022.01.18-11.16.29:974][371]LogSlate: Updating window title bar state: overlay mode, drag disabled, window buttons hidden, title bar hidden
[2022.01.18-11.16.29:978][371]LogUObjectHash: Compacting FUObjectHashTables data took   2.13ms
[2022.01.18-11.16.30:062][371]LogMoviePlayer: Shutting down movie player
[2022.01.18-11.16.30:330][371]LogDemo: Cleaned up 0 splitscreen connections with owner deletion
[2022.01.18-11.16.30:338][371]LogExit: Game engine shut down
[2022.01.18-11.16.30:439][371]LogExit: Object subsystem successfully closed.
[2022.01.18-11.16.30:453][371]LogShaderCompilers: Display: === FShaderJobCache stats ===
[2022.01.18-11.16.30:453][371]LogShaderCompilers: Display: Total job queries 0, among them cache hits 0 (0.00%)
[2022.01.18-11.16.30:453][371]LogShaderCompilers: Display: Tracking 0 distinct input hashes that result in 0 distinct outputs (0.00%)
[2022.01.18-11.16.30:453][371]LogShaderCompilers: Display: RAM used: 0.00 MB (0.00 GB) of 409.60 MB (0.40 GB) budget. Usage: 0.00%
[2022.01.18-11.16.30:453][371]LogShaderCompilers: Display: ================================================
[2022.01.18-11.16.30:469][371]LogShaderCompilers: Display: Shaders left to compile 0
[2022.01.18-11.16.30:493][371]LogModuleManager: Shutting down and abandoning module SequenceRecorderSections (560)
[2022.01.18-11.16.30:493][371]LogModuleManager: Shutting down and abandoning module SequenceRecorder (558)
[2022.01.18-11.16.30:493][371]LogModuleManager: Shutting down and abandoning module AutomationController (556)
[2022.01.18-11.16.30:493][371]LogModuleManager: Shutting down and abandoning module AutomationWorker (554)
[2022.01.18-11.16.30:494][371]LogModuleManager: Shutting down and abandoning module Voice (552)
[2022.01.18-11.16.30:513][371]LogModuleManager: Shutting down and abandoning module AnimGraph (550)
[2022.01.18-11.16.30:513][371]LogModuleManager: Shutting down and abandoning module AIModule (548)
[2022.01.18-11.16.30:514][371]LogModuleManager: Shutting down and abandoning module GameplayDebugger (547)
[2022.01.18-11.16.30:514][371]LogModuleManager: Shutting down and abandoning module AITestSuite (545)
[2022.01.18-11.16.30:514][371]LogModuleManager: Shutting down and abandoning module NavigationSystem (543)
[2022.01.18-11.16.30:514][371]LogModuleManager: Shutting down and abandoning module SteamVREditor (540)
[2022.01.18-11.16.30:514][371]LogModuleManager: Shutting down and abandoning module ToolMenus (539)
[2022.01.18-11.16.30:514][371]LogModuleManager: Shutting down and abandoning module OculusMR (536)
[2022.01.18-11.16.30:514][371]LogModuleManager: Shutting down and abandoning module TakeRecorderSources (534)
[2022.01.18-11.16.30:514][371]LogModuleManager: Shutting down and abandoning module TakeRecorder (533)
[2022.01.18-11.16.30:515][371]LogModuleManager: Shutting down and abandoning module TakeTrackRecorders (530)
[2022.01.18-11.16.30:515][371]LogModuleManager: Shutting down and abandoning module TakesCore (528)
[2022.01.18-11.16.30:515][371]LogModuleManager: Shutting down and abandoning module OpenXRInput (526)
[2022.01.18-11.16.30:515][371]LogModuleManager: Shutting down and abandoning module WmfMediaFactory (524)
[2022.01.18-11.16.30:515][371]LogModuleManager: Shutting down and abandoning module WebMMediaFactory (522)
[2022.01.18-11.16.30:515][371]LogModuleManager: Shutting down and abandoning module WebMMedia (520)
[2022.01.18-11.16.30:515][371]LogModuleManager: Shutting down and abandoning module OpenExrWrapper (518)
[2022.01.18-11.16.30:515][371]LogModuleManager: Shutting down and abandoning module ImgMediaFactory (516)
[2022.01.18-11.16.30:515][371]LogModuleManager: Shutting down and abandoning module MagicLeapMediaCodecFactory (514)
[2022.01.18-11.16.30:515][371]LogModuleManager: Shutting down and abandoning module MagicLeapMediaFactory (512)
[2022.01.18-11.16.30:515][371]LogModuleManager: Shutting down and abandoning module AvfMediaFactory (510)
[2022.01.18-11.16.30:515][371]LogModuleManager: Shutting down and abandoning module PlanarCut (508)
[2022.01.18-11.16.30:515][371]LogModuleManager: Shutting down and abandoning module CharacterAI (506)
[2022.01.18-11.16.30:515][371]LogModuleManager: Shutting down and abandoning module SessionServices (504)
[2022.01.18-11.16.30:515][371]LogModuleManager: Shutting down and abandoning module MovieSceneCapture (502)
[2022.01.18-11.16.30:524][371]LogModuleManager: Shutting down and abandoning module LiveCoding (500)
[2022.01.18-11.16.30:525][371]LogModuleManager: Shutting down and abandoning module LevelSequence (498)
[2022.01.18-11.16.30:525][371]LogModuleManager: Shutting down and abandoning module MovieSceneTracks (496)
[2022.01.18-11.16.30:525][371]LogModuleManager: Shutting down and abandoning module MovieScene (494)
[2022.01.18-11.16.30:525][371]LogModuleManager: Shutting down and abandoning module StreamingPauseRendering (492)
[2022.01.18-11.16.30:525][371]LogModuleManager: Shutting down and abandoning module PortalServices (490)
[2022.01.18-11.16.30:525][371]LogModuleManager: Shutting down and abandoning module PortalRpc (488)
[2022.01.18-11.16.30:525][371]LogModuleManager: Shutting down and abandoning module MessagingRpc (486)
[2022.01.18-11.16.30:525][371]LogModuleManager: Shutting down and abandoning module AudioMixerXAudio2 (484)
[2022.01.18-11.16.30:525][371]LogModuleManager: Shutting down and abandoning module AudioMixerCore (483)
[2022.01.18-11.16.30:525][371]LogModuleManager: Shutting down and abandoning module ImageWriteQueue (480)
[2022.01.18-11.16.30:528][371]LogModuleManager: Shutting down and abandoning module ProfilerService (478)
[2022.01.18-11.16.30:649][371]LogModuleManager: Shutting down and abandoning module TaskGraph (476)
[2022.01.18-11.16.30:649][371]LogModuleManager: Shutting down and abandoning module OculusInput (474)
[2022.01.18-11.16.30:650][371]LogModuleManager: Shutting down and abandoning module TakeMovieScene (472)
[2022.01.18-11.16.30:650][371]LogModuleManager: Shutting down and abandoning module Synthesis (470)
[2022.01.18-11.16.30:650][371]LogModuleManager: Shutting down and abandoning module ProceduralMeshComponent (468)
[2022.01.18-11.16.30:650][371]LogModuleManager: Shutting down and abandoning module MobilePatchingUtils (466)
[2022.01.18-11.16.30:650][371]LogModuleManager: Shutting down and abandoning module GooglePAD (464)
[2022.01.18-11.16.30:650][371]LogModuleManager: Shutting down and abandoning module EditableMesh (462)
[2022.01.18-11.16.30:650][371]LogModuleManager: Shutting down and abandoning module CableComponent (460)
[2022.01.18-11.16.30:650][371]LogModuleManager: Shutting down and abandoning module CustomMeshComponent (458)
[2022.01.18-11.16.30:650][371]LogModuleManager: Shutting down and abandoning module AudioCapture (456)
[2022.01.18-11.16.30:650][371]LogModuleManager: Shutting down and abandoning module AudioCaptureRtAudio (455)
[2022.01.18-11.16.30:650][371]LogModuleManager: Shutting down and abandoning module ArchVisCharacter (452)
[2022.01.18-11.16.30:650][371]LogModuleManager: Shutting down and abandoning module AssetTags (450)
[2022.01.18-11.16.30:650][371]LogModuleManager: Shutting down and abandoning module AppleImageUtilsBlueprintSupport (448)
[2022.01.18-11.16.30:650][371]LogModuleManager: Shutting down and abandoning module AppleImageUtils (446)
[2022.01.18-11.16.30:650][371]LogModuleManager: Shutting down and abandoning module AndroidPermission (444)
[2022.01.18-11.16.30:650][371]LogModuleManager: Shutting down and abandoning module ActorLayerUtilities (442)
[2022.01.18-11.16.30:650][371]LogModuleManager: Shutting down and abandoning module TemplateSequence (440)
[2022.01.18-11.16.30:650][371]LogModuleManager: Shutting down and abandoning module MediaCompositing (438)
[2022.01.18-11.16.30:650][371]LogModuleManager: Shutting down and abandoning module ImgMedia (436)
[2022.01.18-11.16.30:650][371]LogModuleManager: Shutting down and abandoning module MagicLeapSharedWorld (434)
[2022.01.18-11.16.30:651][371]LogModuleManager: Shutting down and abandoning module MagicLeapLightEstimation (432)
[2022.01.18-11.16.30:651][371]LogModuleManager: Shutting down and abandoning module MagicLeapHelperVulkan (430)
[2022.01.18-11.16.30:651][371]LogModuleManager: Shutting down and abandoning module MagicLeapHelperOpenGL (428)
[2022.01.18-11.16.30:651][371]LogModuleManager: Shutting down and abandoning module MagicLeapAudio (426)
[2022.01.18-11.16.30:651][371]LogModuleManager: Shutting down and abandoning module OpenImageDenoise (424)
[2022.01.18-11.16.30:651][371]LogOpenImageDenoise: OIDN shutting down
[2022.01.18-11.16.30:651][371]LogModuleManager: Shutting down and abandoning module MotoSynth (422)
[2022.01.18-11.16.30:651][371]LogModuleManager: Shutting down and abandoning module GeometryCollectionTracks (420)
[2022.01.18-11.16.30:652][371]LogModuleManager: Shutting down and abandoning module GeometryCollectionSequencer (419)
[2022.01.18-11.16.30:652][371]LogModuleManager: Shutting down and abandoning module MeshConversion (416)
[2022.01.18-11.16.30:652][371]LogModuleManager: Shutting down and abandoning module DynamicMesh (414)
[2022.01.18-11.16.30:652][371]LogModuleManager: Shutting down and abandoning module GeometryAlgorithms (412)
[2022.01.18-11.16.30:652][371]LogModuleManager: Shutting down and abandoning module GeometricObjects (410)
[2022.01.18-11.16.30:652][371]LogModuleManager: Shutting down and abandoning module GeometryCacheTracks (408)
[2022.01.18-11.16.30:652][371]LogModuleManager: Shutting down and abandoning module GeometryCacheSequencer (407)
[2022.01.18-11.16.30:652][371]LogModuleManager: Shutting down and abandoning module GeometryCache (404)
[2022.01.18-11.16.30:652][371]LogModuleManager: Shutting down and abandoning module GeometryCacheEd (403)
[2022.01.18-11.16.30:652][371]LogModuleManager: Shutting down and abandoning module ChaosNiagara (400)
[2022.01.18-11.16.30:652][371]LogModuleManager: Shutting down and abandoning module FieldSystemEngine (399)
[2022.01.18-11.16.30:652][371]LogModuleManager: Shutting down and abandoning module BackChannel (396)
[2022.01.18-11.16.30:652][371]LogModuleManager: Shutting down and abandoning module AutomationUtils (394)
[2022.01.18-11.16.30:652][371]LogModuleManager: Shutting down and abandoning module VisualStudioCodeSourceCodeAccess (392)
[2022.01.18-11.16.30:652][371]LogModuleManager: Shutting down and abandoning module VisualStudioSourceCodeAccess (390)
[2022.01.18-11.16.30:652][371]LogModuleManager: Shutting down and abandoning module HotReload (389)
[2022.01.18-11.16.30:653][371]LogModuleManager: Shutting down and abandoning module UObjectPlugin (386)
[2022.01.18-11.16.30:653][371]LogModuleManager: Shutting down and abandoning module SubversionSourceControl (384)
[2022.01.18-11.16.30:653][371]LogModuleManager: Shutting down and abandoning module PerforceSourceControl (382)
[2022.01.18-11.16.30:653][371]LogModuleManager: Shutting down and abandoning module SourceControl (381)
[2022.01.18-11.16.30:653][371]LogModuleManager: Shutting down and abandoning module CLionSourceCodeAccess (378)
[2022.01.18-11.16.30:653][371]LogModuleManager: Shutting down and abandoning module OodleNetworkHandlerComponent (376)
[2022.01.18-11.16.30:653][371]LogModuleManager: Shutting down and abandoning module LiveLinkSequencer (374)
[2022.01.18-11.16.30:653][371]LogModuleManager: Shutting down and abandoning module LiveLinkMovieScene (372)
[2022.01.18-11.16.30:653][371]LogModuleManager: Shutting down and abandoning module LiveLinkGraphNode (370)
[2022.01.18-11.16.30:653][371]LogModuleManager: Shutting down and abandoning module LiveLinkComponents (368)
[2022.01.18-11.16.30:653][371]LogModuleManager: Shutting down and abandoning module LiveLink (366)
[2022.01.18-11.16.30:983][371]LogModuleManager: Shutting down and abandoning module SoundFields (364)
[2022.01.18-11.16.30:983][371]LogModuleManager: Shutting down and abandoning module RuntimePhysXCooking (362)
[2022.01.18-11.16.30:983][371]LogModuleManager: Shutting down and abandoning module SignificanceManager (360)
[2022.01.18-11.16.30:983][371]LogModuleManager: Shutting down and abandoning module PropertyAccessEditor (358)
[2022.01.18-11.16.30:983][371]LogModuleManager: Shutting down and abandoning module PhysXVehiclesEditor (356)
[2022.01.18-11.16.30:983][371]LogModuleManager: Shutting down and abandoning module LocationServicesBPLibrary (352)
[2022.01.18-11.16.30:984][371]LogModuleManager: Shutting down and abandoning module AudioSynesthesia (350)
[2022.01.18-11.16.30:984][371]LogModuleManager: Shutting down and abandoning module AudioSynesthesiaCore (348)
[2022.01.18-11.16.30:984][371]LogModuleManager: Shutting down and abandoning module ActorSequence (346)
[2022.01.18-11.16.30:984][371]LogModuleManager: Shutting down and abandoning module UdpMessaging (344)
[2022.01.18-11.16.31:085][371]LogModuleManager: Shutting down and abandoning module TcpMessaging (342)
[2022.01.18-11.16.31:186][371]LogModuleManager: Shutting down and abandoning module ImgMediaEngine (340)
[2022.01.18-11.16.31:186][371]LogModuleManager: Shutting down and abandoning module MagicLeapARPin (338)
[2022.01.18-11.16.31:186][371]LogModuleManager: Shutting down and abandoning module MagicLeapHandMeshing (336)
[2022.01.18-11.16.31:186][371]LogModuleManager: Shutting down and abandoning module MagicLeapSecureStorage (334)
[2022.01.18-11.16.31:186][371]LogModuleManager: Shutting down and abandoning module MagicLeapPrivileges (332)
[2022.01.18-11.16.31:187][371]LogModuleManager: Shutting down and abandoning module MagicLeapPlanes (330)
[2022.01.18-11.16.31:187][371]LogMagicLeapPlanes: Planes tracker already destroyed.
[2022.01.18-11.16.31:187][371]LogModuleManager: Shutting down and abandoning module MagicLeapImageTracker (328)
[2022.01.18-11.16.31:187][371]LogModuleManager: Shutting down and abandoning module MagicLeapIdentity (326)
[2022.01.18-11.16.31:187][371]LogModuleManager: Shutting down and abandoning module MagicLeapHandTracking (324)
[2022.01.18-11.16.31:187][371]LogModuleManager: Shutting down and abandoning module MagicLeapEyeTracker (322)
[2022.01.18-11.16.31:187][371]LogModuleManager: Shutting down and abandoning module MagicLeapController (320)
[2022.01.18-11.16.31:187][371]LogModuleManager: Shutting down and abandoning module MagicLeapARPinImpl (318)
[2022.01.18-11.16.31:187][371]LogModuleManager: Shutting down and abandoning module MagicLeapAR (316)
[2022.01.18-11.16.31:187][371]LogModuleManager: Shutting down and abandoning module PythonScriptPlugin (314)
[2022.01.18-11.16.31:187][371]LogModuleManager: Shutting down and abandoning module NiagaraAnimNotifies (312)
[2022.01.18-11.16.31:187][371]LogModuleManager: Shutting down and abandoning module Niagara (310)
[2022.01.18-11.16.31:187][371]LogModuleManager: Shutting down and abandoning module SignalProcessing (309)
[2022.01.18-11.16.31:187][371]LogModuleManager: Shutting down and abandoning module NiagaraEditor (307)
[2022.01.18-11.16.31:187][371]LogModuleManager: Shutting down and abandoning module ContentBrowser (306)
[2022.01.18-11.16.31:188][371]LogModuleManager: Shutting down and abandoning module CollectionManager (305)
[2022.01.18-11.16.31:188][371]LogModuleManager: Shutting down and abandoning module DirectoryWatcher (304)
[2022.01.18-11.16.31:188][371]LogModuleManager: Shutting down and abandoning module ContentBrowserData (301)
[2022.01.18-11.16.31:188][371]LogModuleManager: Shutting down and abandoning module NiagaraCore (296)
[2022.01.18-11.16.31:188][371]LogModuleManager: Shutting down and abandoning module GameplayTagsEditor (294)
[2022.01.18-11.16.31:188][371]LogModuleManager: Shutting down and abandoning module FacialAnimation (292)
[2022.01.18-11.16.31:188][371]LogModuleManager: Shutting down and abandoning module AssetManagerEditor (290)
[2022.01.18-11.16.31:188][371]LogModuleManager: Shutting down and abandoning module TreeMap (289)
[2022.01.18-11.16.31:188][371]LogModuleManager: Shutting down and abandoning module PropertyAccessNode (286)
[2022.01.18-11.16.31:188][371]LogModuleManager: Shutting down and abandoning module AnimationSharing (284)
[2022.01.18-11.16.31:188][371]LogModuleManager: Shutting down and abandoning module GameplayCameras (282)
[2022.01.18-11.16.31:188][371]LogModuleManager: Shutting down and abandoning module LightPropagationVolumeRuntime (280)
[2022.01.18-11.16.31:188][371]LogModuleManager: Shutting down and abandoning module EnvironmentQueryEditor (278)
[2022.01.18-11.16.31:188][371]LogModuleManager: Shutting down and abandoning module Paper2D (276)
[2022.01.18-11.16.31:188][371]LogModuleManager: Shutting down and abandoning module WindowsMoviePlayer (274)
[2022.01.18-11.16.31:189][371]LogModuleManager: Shutting down and abandoning module WebMMoviePlayer (272)
[2022.01.18-11.16.31:189][371]LogModuleManager: Shutting down and abandoning module NetworkReplayStreaming (270)
[2022.01.18-11.16.31:189][371]LogModuleManager: Shutting down and abandoning module PacketHandler (268)
[2022.01.18-11.16.31:189][371]LogModuleManager: Shutting down and abandoning module ClothingSystemEditor (266)
[2022.01.18-11.16.31:190][371]LogModuleManager: Shutting down and abandoning module ClothingSystemRuntimeNv (264)
[2022.01.18-11.16.31:190][371]LogModuleManager: Shutting down and abandoning module MediaAssets (262)
[2022.01.18-11.16.31:190][371]LogModuleManager: Shutting down and abandoning module Overlay (260)
[2022.01.18-11.16.31:190][371]LogModuleManager: Shutting down and abandoning module OverlayEditor (259)
[2022.01.18-11.16.31:190][371]LogModuleManager: Shutting down and abandoning module VREditor (256)
[2022.01.18-11.16.31:190][371]LogModuleManager: Shutting down and abandoning module StringTableEditor (254)
[2022.01.18-11.16.31:190][371]LogModuleManager: Shutting down and abandoning module GameplayTasksEditor (252)
[2022.01.18-11.16.31:190][371]LogModuleManager: Shutting down and abandoning module BehaviorTreeEditor (250)
[2022.01.18-11.16.31:190][371]LogModuleManager: Shutting down and abandoning module FunctionalTesting (248)
[2022.01.18-11.16.31:190][371]LogModuleManager: Shutting down and abandoning module CollisionAnalyzer (246)
[2022.01.18-11.16.31:190][371]LogModuleManager: Shutting down and abandoning module WorkspaceMenuStructure (245)
[2022.01.18-11.16.31:190][371]LogModuleManager: Shutting down and abandoning module UMG (242)
[2022.01.18-11.16.31:190][371]LogModuleManager: Shutting down and abandoning module UMGEditor (241)
[2022.01.18-11.16.31:190][371]LogModuleManager: Shutting down and abandoning module Sequencer (240)
[2022.01.18-11.16.31:190][371]LogModuleManager: Shutting down and abandoning module MessageLog (237)
[2022.01.18-11.16.31:201][371]LogModuleManager: Shutting down and abandoning module SlateReflector (232)
[2022.01.18-11.16.31:201][371]LogModuleManager: Shutting down and abandoning module Slate (230)
[2022.01.18-11.16.31:201][371]LogModuleManager: Shutting down and abandoning module SlateCore (228)
[2022.01.18-11.16.31:203][371]LogModuleManager: Shutting down and abandoning module LandscapeEditorUtilities (226)
[2022.01.18-11.16.31:203][371]LogModuleManager: Shutting down and abandoning module UnrealEd (224)
[2022.01.18-11.16.31:203][371]LogModuleManager: Shutting down and abandoning module MRMesh (222)
[2022.01.18-11.16.31:203][371]LogModuleManager: Shutting down and abandoning module Messaging (220)
[2022.01.18-11.16.31:203][371]LogModuleManager: Shutting down and abandoning module SourceCodeAccess (218)
[2022.01.18-11.16.31:203][371]LogModuleManager: Shutting down and abandoning module HeadMountedDisplay (216)
[2022.01.18-11.16.31:203][371]LogModuleManager: Shutting down and abandoning module XAudio2 (214)
[2022.01.18-11.16.31:203][371]LogModuleManager: Shutting down and abandoning module Networking (212)
[2022.01.18-11.16.31:203][371]LogModuleManager: Shutting down and abandoning module Core (210)
[2022.01.18-11.16.31:203][371]LogModuleManager: Shutting down and abandoning module MaterialEditor (208)
[2022.01.18-11.16.31:203][371]LogModuleManager: Shutting down and abandoning module MovieSceneTools (206)
[2022.01.18-11.16.31:203][371]LogModuleManager: Shutting down and abandoning module EditorStyle (205)
[2022.01.18-11.16.31:204][371]LogModuleManager: Shutting down and abandoning module KismetCompiler (202)
[2022.01.18-11.16.31:204][371]LogModuleManager: Shutting down and abandoning module MeshBuilder (200)
[2022.01.18-11.16.31:204][371]LogModuleManager: Shutting down and abandoning module MeshUtilities (198)
[2022.01.18-11.16.31:204][371]LogModuleManager: Shutting down and abandoning module MeshMergeUtilities (197)
[2022.01.18-11.16.31:204][371]LogModuleManager: Shutting down and abandoning module MeshReductionInterface (196)
[2022.01.18-11.16.31:204][371]LogModuleManager: Shutting down and abandoning module MeshBoneReduction (195)
[2022.01.18-11.16.31:204][371]LogModuleManager: Shutting down and abandoning module SkeletalMeshReduction (193)
[2022.01.18-11.16.31:204][371]LogModuleManager: Shutting down and abandoning module ProxyLODMeshReduction (191)
[2022.01.18-11.16.31:204][371]LogModuleManager: Shutting down and abandoning module QuadricMeshReduction (189)
[2022.01.18-11.16.31:204][371]LogModuleManager: Shutting down and abandoning module MaterialBaking (185)
[2022.01.18-11.16.31:204][371]LogModuleManager: Shutting down and abandoning module NullInstallBundleManager (180)
[2022.01.18-11.16.31:204][371]LogModuleManager: Shutting down and abandoning module PIEPreviewDeviceProfileSelector (178)
[2022.01.18-11.16.31:204][371]LogModuleManager: Shutting down and abandoning module DerivedDataCache (176)
[2022.01.18-11.16.31:204][371]LogModuleManager: Shutting down and abandoning module TargetPlatform (174)
[2022.01.18-11.16.31:204][371]LogModuleManager: Shutting down and abandoning module VulkanShaderFormat (173)
[2022.01.18-11.16.31:204][371]LogModuleManager: Shutting down and abandoning module ShaderFormatVectorVM (171)
[2022.01.18-11.16.31:204][371]LogModuleManager: Shutting down and abandoning module ShaderFormatOpenGL (169)
[2022.01.18-11.16.31:204][371]LogModuleManager: Shutting down and abandoning module ShaderFormatD3D (167)
[2022.01.18-11.16.31:204][371]LogModuleManager: Shutting down and abandoning module MetalShaderFormat (165)
[2022.01.18-11.16.31:204][371]LogModuleManager: Shutting down and abandoning module TextureFormatOodle (163)
[2022.01.18-11.16.31:204][371]LogModuleManager: Shutting down and abandoning module TextureFormatUncompressed (161)
[2022.01.18-11.16.31:204][371]LogModuleManager: Shutting down and abandoning module TextureFormatPVR (159)
[2022.01.18-11.16.31:204][371]LogModuleManager: Shutting down and abandoning module TextureFormatETC2 (157)
[2022.01.18-11.16.31:204][371]LogModuleManager: Shutting down and abandoning module TextureFormatDXT (155)
[2022.01.18-11.16.31:204][371]LogModuleManager: Shutting down and abandoning module TextureFormatIntelISPCTexComp (153)
[2022.01.18-11.16.31:205][371]LogModuleManager: Shutting down and abandoning module TextureFormatASTC (151)
[2022.01.18-11.16.31:205][371]LogModuleManager: Shutting down and abandoning module ImageWrapper (150)
[2022.01.18-11.16.31:205][371]LogModuleManager: Shutting down and abandoning module AudioFormatOpus (147)
[2022.01.18-11.16.31:205][371]LogModuleManager: Shutting down and abandoning module AudioFormatOgg (145)
[2022.01.18-11.16.31:205][371]LogModuleManager: Shutting down and abandoning module AudioFormatADPCM (143)
[2022.01.18-11.16.31:205][371]LogModuleManager: Shutting down and abandoning module WindowsServerTargetPlatform (141)
[2022.01.18-11.16.31:205][371]LogModuleManager: Shutting down and abandoning module WindowsClientTargetPlatform (139)
[2022.01.18-11.16.31:205][371]LogModuleManager: Shutting down and abandoning module WindowsTargetPlatform (137)
[2022.01.18-11.16.31:205][371]LogModuleManager: Shutting down and abandoning module WindowsNoEditorTargetPlatform (135)
[2022.01.18-11.16.31:205][371]LogModuleManager: Shutting down and abandoning module D3D11RHI (132)
[2022.01.18-11.16.31:205][371]LogModuleManager: Shutting down and abandoning module InputCore (130)
[2022.01.18-11.16.31:205][371]LogModuleManager: Shutting down and abandoning module Settings (128)
[2022.01.18-11.16.31:205][371]LogModuleManager: Shutting down and abandoning module PhysXCooking (126)
[2022.01.18-11.16.31:205][371]LogModuleManager: Shutting down and abandoning module Chaos (124)
[2022.01.18-11.16.31:205][371]LogModuleManager: Shutting down and abandoning module WindowsPlatformFeatures (122)
[2022.01.18-11.16.31:205][371]LogModuleManager: Shutting down and abandoning module GameplayMediaEncoder (121)
[2022.01.18-11.16.31:205][371]LogModuleManager: Shutting down and abandoning module AVEncoder (120)
[2022.01.18-11.16.31:205][371]LogModuleManager: Shutting down and abandoning module SteamVRInputDevice (116)
[2022.01.18-11.16.31:205][371]LogModuleManager: Shutting down and abandoning module SteamVRInput (114)
[2022.01.18-11.16.31:205][371]LogModuleManager: Shutting down and abandoning module SteamVR (112)
[2022.01.18-11.16.31:205][371]LogHMD: Freeing OpenVRDLLHandle.
[2022.01.18-11.16.31:205][371]LogModuleManager: Shutting down and abandoning module OculusHMD (110)
[2022.01.18-11.16.31:205][371]LogModuleManager: Shutting down and abandoning module OpenXRHandTracking (108)
[2022.01.18-11.16.31:205][371]LogSlate: Slate User Destroyed.  User Index 0, Is Virtual User: 0
[2022.01.18-11.16.31:205][371]LogModuleManager: Shutting down and abandoning module OpenXREyeTracker (106)
[2022.01.18-11.16.31:205][371]LogModuleManager: Shutting down and abandoning module OpenXRAR (104)
[2022.01.18-11.16.31:205][371]LogModuleManager: Shutting down and abandoning module AugmentedReality (103)
[2022.01.18-11.16.31:205][371]LogModuleManager: Shutting down and abandoning module OpenXRHMD (100)
[2022.01.18-11.16.31:231][371]LogModuleManager: Shutting down and abandoning module ExampleDeviceProfileSelector (98)
[2022.01.18-11.16.31:231][371]LogModuleManager: Shutting down and abandoning module ChunkDownloader (96)
[2022.01.18-11.16.31:231][371]LogModuleManager: Shutting down and abandoning module OnlineSubsystem (94)
[2022.01.18-11.16.31:235][371]LogModuleManager: Shutting down and abandoning module XMPP (89)
[2022.01.18-11.16.31:235][371]LogModuleManager: Shutting down and abandoning module WebSockets (88)
[2022.01.18-11.16.31:248][371]LogModuleManager: Shutting down and abandoning module HTTP (85)
[2022.01.18-11.16.31:248][371]LogHttp: Display: cleaning up 0 outstanding Http requests.
[2022.01.18-11.16.31:284][371]LogModuleManager: Shutting down and abandoning module SSL (84)
[2022.01.18-11.16.31:286][371]LogModuleManager: Shutting down and abandoning module LauncherChunkInstaller (80)
[2022.01.18-11.16.31:286][371]LogModuleManager: Shutting down and abandoning module OnlineBlueprintSupport (78)
[2022.01.18-11.16.31:286][371]LogModuleManager: Shutting down and abandoning module WmfMedia (74)
[2022.01.18-11.16.31:289][371]LogModuleManager: Shutting down and abandoning module Media (73)
[2022.01.18-11.16.31:290][371]LogModuleManager: Shutting down and abandoning module MediaInfo (72)
[2022.01.18-11.16.31:290][371]LogModuleManager: Shutting down and abandoning module ExrReaderGpu (68)
[2022.01.18-11.16.31:291][371]LogModuleManager: Shutting down and abandoning module MLSDK (66)
[2022.01.18-11.16.31:291][371]LogModuleManager: Shutting down and abandoning module MagicLeap (64)
[2022.01.18-11.16.31:291][371]LogModuleManager: Shutting down and abandoning module ChaosCloth (62)
[2022.01.18-11.16.31:291][371]LogModuleManager: Shutting down and abandoning module NiagaraVertexFactories (60)
[2022.01.18-11.16.31:291][371]LogModuleManager: Shutting down and abandoning module NiagaraShader (58)
[2022.01.18-11.16.31:291][371]LogModuleManager: Shutting down and abandoning module VariantManagerContent (56)
[2022.01.18-11.16.31:291][371]LogModuleManager: Shutting down and abandoning module DatasmithContent (54)
[2022.01.18-11.16.31:291][371]LogModuleManager: Shutting down and abandoning module PixWinPlugin (52)
[2022.01.18-11.16.31:291][371]LogModuleManager: Shutting down and abandoning module AISupportModule (50)
[2022.01.18-11.16.31:291][371]LogModuleManager: Shutting down and abandoning module DesktopPlatform (48)
[2022.01.18-11.16.31:291][371]LogModuleManager: Shutting down and abandoning module PythonScriptPluginPreload (46)
[2022.01.18-11.16.31:291][371]LogModuleManager: Shutting down and abandoning module PlatformCryptoOpenSSL (44)
[2022.01.18-11.16.31:291][371]LogModuleManager: Shutting down and abandoning module PlatformCryptoTypes (42)
[2022.01.18-11.16.31:291][371]LogModuleManager: Shutting down and abandoning module PlatformCrypto (40)
[2022.01.18-11.16.31:291][371]LogModuleManager: Shutting down and abandoning module OodleDataCompressionFormat (38)
[2022.01.18-11.16.31:292][371]LogModuleManager: Shutting down and abandoning module XGEController (36)
[2022.01.18-11.16.31:292][371]LogModuleManager: Shutting down and abandoning module AnimationModifiers (34)
[2022.01.18-11.16.31:292][371]LogModuleManager: Shutting down and abandoning module AudioEditor (32)
[2022.01.18-11.16.31:292][371]LogModuleManager: Shutting down and abandoning module PropertyEditor (31)
[2022.01.18-11.16.31:292][371]LogModuleManager: Shutting down and abandoning module TextureCompressor (28)
[2022.01.18-11.16.31:292][371]LogModuleManager: Shutting down and abandoning module RenderCore (26)
[2022.01.18-11.16.31:292][371]LogModuleManager: Shutting down and abandoning module Landscape (24)
[2022.01.18-11.16.31:292][371]LogModuleManager: Shutting down and abandoning module SlateRHIRenderer (22)
[2022.01.18-11.16.31:292][371]LogModuleManager: Shutting down and abandoning module AnimGraphRuntime (20)
[2022.01.18-11.16.31:292][371]LogModuleManager: Shutting down and abandoning module Renderer (18)
[2022.01.18-11.16.31:292][371]LogModuleManager: Shutting down and abandoning module Engine (16)
[2022.01.18-11.16.31:292][371]LogModuleManager: Shutting down and abandoning module CoreUObject (14)
[2022.01.18-11.16.31:292][371]LogModuleManager: Shutting down and abandoning module NetworkFile (12)
[2022.01.18-11.16.31:293][371]LogModuleManager: Shutting down and abandoning module CookedIterativeFile (10)
[2022.01.18-11.16.31:293][371]LogModuleManager: Shutting down and abandoning module StreamingFile (8)
[2022.01.18-11.16.31:293][371]LogModuleManager: Shutting down and abandoning module SandboxFile (6)
[2022.01.18-11.16.31:293][371]LogModuleManager: Shutting down and abandoning module PakFile (4)
[2022.01.18-11.16.31:293][371]LogModuleManager: Shutting down and abandoning module RSA (3)
[2022.01.18-11.16.31:645][371]LogContentStreaming: Display: There are 1 unreleased StreamingManagers
[2022.01.18-11.16.31:648][371]LogD3D11RHI: Shutdown
[2022.01.18-11.16.31:648][371]LogD3D11RHI: CleanupD3DDevice
[2022.01.18-11.16.31:650][371]LogExit: Exiting.
[2022.01.18-11.16.31:681][371]Log file closed, 01/18/22 14:16:31
