Log file open, 01/12/22 15:43:38
LogWindows: Failed to load 'aqProf.dll' (GetLastError=126)
LogWindows: File 'aqProf.dll' does not exist
LogWindows: Failed to load 'VtuneApi.dll' (GetLastError=126)
LogWindows: File 'VtuneApi.dll' does not exist
LogWindows: Failed to load 'VtuneApi32e.dll' (GetLastError=126)
LogWindows: File 'VtuneApi32e.dll' does not exist
LogConsoleResponse: Display: Failed to find resolution value strings in scalability ini. Falling back to default.
LogConsoleResponse: Display: Failed to find resolution value strings in scalability ini. Falling back to default.
LogInit: Display: Running engine for game: JLK
LogPlatformFile: Not using cached read wrapper
LogTaskGraph: Started task graph with 5 named threads and 14 total threads with 3 sets of task threads.
LogStats: Stats thread started at 0.602781
LogICUInternationalization: ICU TimeZone Detection - Raw Offset: +3:00, Platform Override: ''
LogInit: Display: Loading text-based GConfig....
LogPluginManager: Mounting plugin MeshPainting
LogPluginManager: Mounting plugin XGEController
LogPluginManager: Mounting plugin Paper2D
LogPluginManager: Mounting plugin AISupport
LogPluginManager: Mounting plugin EnvironmentQueryEditor
LogPluginManager: Mounting plugin LightPropagationVolume
LogPluginManager: Mounting plugin LiveLink
LogPluginManager: Mounting plugin CameraShakePreviewer
LogPluginManager: Mounting plugin GameplayCameras
LogPluginManager: Mounting plugin OodleData
LogPluginManager: Mounting plugin OodleNetwork
LogPluginManager: Mounting plugin AnimationSharing
LogPluginManager: Mounting plugin CLionSourceCodeAccess
LogPluginManager: Mounting plugin CodeLiteSourceCodeAccess
LogPluginManager: Mounting plugin GitSourceControl
LogPluginManager: Mounting plugin KDevelopSourceCodeAccess
LogPluginManager: Mounting plugin NullSourceCodeAccess
LogPluginManager: Mounting plugin PerforceSourceControl
LogPluginManager: Mounting plugin PixWinPlugin
LogPluginManager: Mounting plugin PluginUtils
LogPluginManager: Mounting plugin PlasticSourceControl
LogPluginManager: Mounting plugin PropertyAccessNode
LogPluginManager: Mounting plugin SubversionSourceControl
LogPluginManager: Mounting plugin RiderSourceCodeAccess
LogPluginManager: Mounting plugin TextureFormatOodle
LogPluginManager: Mounting plugin UObjectPlugin
LogPluginManager: Mounting plugin VisualStudioCodeSourceCodeAccess
LogPluginManager: Mounting plugin VisualStudioSourceCodeAccess
LogPluginManager: Mounting plugin XCodeSourceCodeAccess
LogPluginManager: Mounting plugin AssetManagerEditor
LogPluginManager: Mounting plugin CryptoKeys
LogPluginManager: Mounting plugin CurveEditorTools
LogPluginManager: Mounting plugin DataValidation
LogPluginManager: Mounting plugin FacialAnimation
LogPluginManager: Mounting plugin GameplayTagsEditor
LogPluginManager: Mounting plugin GeometryMode
LogPluginManager: Mounting plugin MacGraphicsSwitching
LogPluginManager: Mounting plugin MaterialAnalyzer
LogPluginManager: Mounting plugin MobileLauncherProfileWizard
LogPluginManager: Mounting plugin PluginBrowser
LogPluginManager: Mounting plugin SpeedTreeImporter
LogPluginManager: Mounting plugin DatasmithContent
LogPluginManager: Mounting plugin VariantManagerContent
LogPluginManager: Mounting plugin AlembicImporter
LogPluginManager: Mounting plugin BackChannel
LogPluginManager: Mounting plugin AutomationUtils
LogPluginManager: Mounting plugin ChaosCloth
LogPluginManager: Mounting plugin ChaosClothEditor
LogPluginManager: Mounting plugin ChaosEditor
LogPluginManager: Mounting plugin ChaosNiagara
LogPluginManager: Mounting plugin ChaosSolverPlugin
LogPluginManager: Mounting plugin CharacterAI
LogPluginManager: Mounting plugin GeometryCache
LogPluginManager: Mounting plugin GeometryCollectionPlugin
LogPluginManager: Mounting plugin Niagara
LogPluginManager: Mounting plugin GeometryProcessing
LogPluginManager: Mounting plugin MotoSynth
LogPluginManager: Mounting plugin OpenImageDenoise
LogPluginManager: Mounting plugin PlanarCut
LogPluginManager: Mounting plugin PlatformCrypto
LogPluginManager: Mounting plugin ProxyLODPlugin
LogPluginManager: Mounting plugin PythonScriptPlugin
LogPluginManager: Mounting plugin SkeletalReduction
LogPluginManager: Mounting plugin LuminPlatformFeatures
LogPluginManager: Mounting plugin MagicLeap
LogPluginManager: Mounting plugin MagicLeapLightEstimation
LogPluginManager: Mounting plugin MagicLeapMedia
LogPluginManager: Mounting plugin MagicLeapPassableWorld
LogPluginManager: Mounting plugin MLSDK
LogPluginManager: Mounting plugin AndroidMedia
LogPluginManager: Mounting plugin AvfMedia
LogPluginManager: Mounting plugin ImgMedia
LogPluginManager: Mounting plugin MediaCompositing
LogPluginManager: Mounting plugin MediaPlayerEditor
LogPluginManager: Mounting plugin WmfMedia
LogPluginManager: Mounting plugin ActorSequence
LogPluginManager: Mounting plugin MatineeToLevelSequence
LogPluginManager: Mounting plugin LevelSequenceEditor
LogPluginManager: Mounting plugin TemplateSequence
LogPluginManager: Mounting plugin OnlineSubsystem
LogPluginManager: Mounting plugin OnlineSubsystemNull
LogPluginManager: Mounting plugin OnlineSubsystemUtils
LogPluginManager: Mounting plugin TcpMessaging
LogPluginManager: Mounting plugin UdpMessaging
LogPluginManager: Mounting plugin LauncherChunkInstaller
LogPluginManager: Mounting plugin WebMMedia
LogPluginManager: Mounting plugin ActorLayerUtilities
LogPluginManager: Mounting plugin AndroidDeviceProfileSelector
LogPluginManager: Mounting plugin AndroidMoviePlayer
LogPluginManager: Mounting plugin AndroidPermission
LogPluginManager: Mounting plugin AppleImageUtils
LogPluginManager: Mounting plugin AppleMoviePlayer
LogPluginManager: Mounting plugin ArchVisCharacter
LogPluginManager: Mounting plugin AssetTags
LogPluginManager: Mounting plugin AudioCapture
LogPluginManager: Mounting plugin AudioSynesthesia
LogPluginManager: Mounting plugin CableComponent
LogPluginManager: Mounting plugin ChunkDownloader
LogPluginManager: Mounting plugin CustomMeshComponent
LogPluginManager: Mounting plugin EditableMesh
LogPluginManager: Mounting plugin ExampleDeviceProfileSelector
LogPluginManager: Mounting plugin GoogleCloudMessaging
LogPluginManager: Mounting plugin GooglePAD
LogPluginManager: Mounting plugin IOSDeviceProfileSelector
LogPluginManager: Mounting plugin LinuxDeviceProfileSelector
LogPluginManager: Mounting plugin LocationServicesBPLibrary
LogPluginManager: Mounting plugin MobilePatchingUtils
LogPluginManager: Mounting plugin OpenXR
LogPluginManager: Mounting plugin OpenXREyeTracker
LogPluginManager: Mounting plugin OpenXRHandTracking
LogPluginManager: Mounting plugin PhysXVehicles
LogPluginManager: Mounting plugin PostSplashScreen
LogPluginManager: Mounting plugin ProceduralMeshComponent
LogPluginManager: Mounting plugin PropertyAccessEditor
LogPluginManager: Mounting plugin RuntimePhysXCooking
LogPluginManager: Mounting plugin SoundFields
LogPluginManager: Mounting plugin Synthesis
LogPluginManager: Mounting plugin WebMMoviePlayer
LogPluginManager: Mounting plugin WindowsMoviePlayer
LogPluginManager: Mounting plugin SignificanceManager
LogPluginManager: Mounting plugin ScreenshotTools
LogPluginManager: Mounting plugin Takes
LogPluginManager: Mounting plugin ContentBrowserAssetDataSource
LogPluginManager: Mounting plugin ContentBrowserClassDataSource
LogPluginManager: Mounting plugin ContentBrowserFileDataSource
LogPluginManager: Mounting plugin OnlineSubsystemGooglePlay
LogPluginManager: Mounting plugin OnlineSubsystemIOS
LogPluginManager: Mounting plugin OculusVR
LogPluginManager: Mounting plugin SteamVR
PixWinPlugin: PIX capture plugin failed to initialize! Check that the process is launched from PIX.
LogInit: Using libcurl 7.55.1-DEV
LogInit:  - built for x86_64-pc-win32
LogInit:  - supports SSL with OpenSSL/1.1.1
LogInit:  - supports HTTP deflate (compression) using libz 1.2.8
LogInit:  - other features:
LogInit:      CURL_VERSION_SSL
LogInit:      CURL_VERSION_LIBZ
LogInit:      CURL_VERSION_IPV6
LogInit:      CURL_VERSION_ASYNCHDNS
LogInit:      CURL_VERSION_LARGEFILE
LogInit:      CURL_VERSION_IDN
LogInit:  CurlRequestOptions (configurable via config and command line):
LogInit:  - bVerifyPeer = true  - Libcurl will verify peer certificate
LogInit:  - bUseHttpProxy = false  - Libcurl will NOT use HTTP proxy
LogInit:  - bDontReuseConnections = false  - Libcurl will reuse connections
LogInit:  - MaxHostConnections = 16  - Libcurl will limit the number of connections to a host
LogInit:  - LocalHostAddr = Default
LogInit:  - BufferSize = 65536
LogOnline: OSS: Creating online subsystem instance for: NULL
LogInit: WinSock: version 1.1 (2.2), MaxSocks=32767, MaxUdp=65467
LogOnline: OSS: TryLoadSubsystemAndSetDefault: Loaded subsystem for module [NULL]
LogOculusPluginWrapper: OculusPlugin initialized successfully
LogHMD: Failed initializing OVRPlugin 1.59.0
LogInit: Build: ++UE4+Release-4.27-CL-18319896
LogInit: Engine Version: 4.27.2-18319896+++UE4+Release-4.27
LogInit: Compatible Engine Version: 4.27.0-17155196+++UE4+Release-4.27
LogInit: Net CL: 17155196
LogInit: OS: Windows 10 (Release 2009) (), CPU: Intel(R) Core(TM) i5-7400 CPU @ 3.00GHz, GPU: Intel(R) HD Graphics 630
LogInit: Compiled (64-bit): Nov 30 2021 07:12:08
LogInit: Compiled with Visual C++: 19.24.28315.00
LogInit: Build Configuration: Development
LogInit: Branch Name: ++UE4+Release-4.27
LogInit: Command Line:  /Game/FirstPersonBP/Maps/OfficeScene -game -PIEVIACONSOLE -Multiprocess GameUserSettingsINI=D:/EPgLa/JLPFolder/JLK/Saved/Config/Windows/PIEGameUserSettings0.ini -MultiprocessSaveConfig -forcepassthrough -messaging -SessionName="Play in Standalone Game" -windowed -WinX=356 -WinY=186 SAVEWINPOS=1 -ResX=1280 -ResY=720
LogInit: Base Directory: D:/EPgLa/F/UE_4.27/Engine/Binaries/Win64/
LogInit: Allocator: TBB
LogInit: Installed Engine Build: 1
LogDevObjectVersion: Number of dev versions registered: 29
LogDevObjectVersion:   Dev-Blueprints (B0D832E4-1F89-4F0D-ACCF-7EB736FD4AA2): 10
LogDevObjectVersion:   Dev-Build (E1C64328-A22C-4D53-A36C-8E866417BD8C): 0
LogDevObjectVersion:   Dev-Core (375EC13C-06E4-48FB-B500-84F0262A717E): 4
LogDevObjectVersion:   Dev-Editor (E4B068ED-F494-42E9-A231-DA0B2E46BB41): 40
LogDevObjectVersion:   Dev-Framework (CFFC743F-43B0-4480-9391-14DF171D2073): 37
LogDevObjectVersion:   Dev-Mobile (B02B49B5-BB20-44E9-A304-32B752E40360): 3
LogDevObjectVersion:   Dev-Networking (A4E4105C-59A1-49B5-A7C5-40C4547EDFEE): 0
LogDevObjectVersion:   Dev-Online (39C831C9-5AE6-47DC-9A44-9C173E1C8E7C): 0
LogDevObjectVersion:   Dev-Physics (78F01B33-EBEA-4F98-B9B4-84EACCB95AA2): 14
LogDevObjectVersion:   Dev-Platform (6631380F-2D4D-43E0-8009-CF276956A95A): 0
LogDevObjectVersion:   Dev-Rendering (12F88B9F-8875-4AFC-A67C-D90C383ABD29): 45
LogDevObjectVersion:   Dev-Sequencer (7B5AE74C-D270-4C10-A958-57980B212A5A): 13
LogDevObjectVersion:   Dev-VR (D7296918-1DD6-4BDD-9DE2-64A83CC13884): 3
LogDevObjectVersion:   Dev-LoadTimes (C2A15278-BFE7-4AFE-6C17-90FF531DF755): 1
LogDevObjectVersion:   Private-Geometry (6EACA3D4-40EC-4CC1-B786-8BED09428FC5): 3
LogDevObjectVersion:   Dev-AnimPhys (29E575DD-E0A3-4627-9D10-D276232CDCEA): 17
LogDevObjectVersion:   Dev-Anim (AF43A65D-7FD3-4947-9873-3E8ED9C1BB05): 15
LogDevObjectVersion:   Dev-ReflectionCapture (6B266CEC-1EC7-4B8F-A30B-E4D90942FC07): 1
LogDevObjectVersion:   Dev-Automation (0DF73D61-A23F-47EA-B727-89E90C41499A): 1
LogDevObjectVersion:   FortniteMain (601D1886-AC64-4F84-AA16-D3DE0DEAC7D6): 47
LogDevObjectVersion:   FortniteRelease (E7086368-6B23-4C58-8439-1B7016265E91): 1
LogDevObjectVersion:   Dev-Enterprise (9DFFBCD6-494F-0158-E221-12823C92A888): 10
LogDevObjectVersion:   Dev-Niagara (F2AED0AC-9AFE-416F-8664-AA7FFA26D6FC): 1
LogDevObjectVersion:   Dev-Destruction (174F1F0B-B4C6-45A5-B13F-2EE8D0FB917D): 10
LogDevObjectVersion:   Dev-Physics-Ext (35F94A83-E258-406C-A318-09F59610247C): 41
LogDevObjectVersion:   Dev-PhysicsMaterial-Chaos (B68FC16E-8B1B-42E2-B453-215C058844FE): 1
LogDevObjectVersion:   Dev-CineCamera (B2E18506-4273-CFC2-A54E-F4BB758BBA07): 1
LogDevObjectVersion:   Dev-VirtualProduction (64F58936-FD1B-42BA-BA96-7289D5D0FA4E): 1
LogDevObjectVersion:   Dev-MediaFramework (6F0ED827-A609-4895-9C91-998D90180EA4): 2
LogInit: Presizing for max 25165824 objects, including 0 objects not considered by GC, pre-allocating 0 bytes for permanent pool.
LogConfig: Applying CVar settings from Section [/Script/Engine.StreamingSettings] File [D:/EPgLa/JLPFolder/JLK/Saved/Config/Windows/Engine.ini]
LogConfig: Setting CVar [[s.MinBulkDataSizeForAsyncLoading:131072]]
LogConfig: Setting CVar [[s.AsyncLoadingThreadEnabled:0]]
LogConfig: Setting CVar [[s.EventDrivenLoaderEnabled:1]]
LogConfig: Setting CVar [[s.WarnIfTimeLimitExceeded:0]]
LogConfig: Setting CVar [[s.TimeLimitExceededMultiplier:1.5]]
LogConfig: Setting CVar [[s.TimeLimitExceededMinTime:0.005]]
LogConfig: Setting CVar [[s.UseBackgroundLevelStreaming:1]]
LogConfig: Setting CVar [[s.PriorityAsyncLoadingExtraTime:15.0]]
LogConfig: Setting CVar [[s.LevelStreamingActorsUpdateTimeLimit:5.0]]
LogConfig: Setting CVar [[s.PriorityLevelStreamingActorsUpdateExtraTime:5.0]]
LogConfig: Setting CVar [[s.LevelStreamingComponentsRegistrationGranularity:10]]
LogConfig: Setting CVar [[s.UnregisterComponentsTimeLimit:1.0]]
LogConfig: Setting CVar [[s.LevelStreamingComponentsUnregistrationGranularity:5]]
LogConfig: Setting CVar [[s.FlushStreamingOnExit:1]]
LogInit: Object subsystem initialized
LogConfig: Setting CVar [[con.DebugEarlyDefault:1]]
LogConfig: Setting CVar [[r.setres:1280x720]]
[2022.01.12-12.43.41:696][  0]LogConfig: Setting CVar [[con.DebugEarlyDefault:1]]
[2022.01.12-12.43.41:696][  0]LogConfig: Setting CVar [[r.setres:1280x720]]
[2022.01.12-12.43.41:696][  0]LogConfig: Applying CVar settings from Section [/Script/Engine.RendererSettings] File [D:/EPgLa/JLPFolder/JLK/Saved/Config/Windows/Engine.ini]
[2022.01.12-12.43.41:696][  0]LogConfig: Setting CVar [[r.GPUCrashDebugging:0]]
[2022.01.12-12.43.41:696][  0]LogConfig: Applying CVar settings from Section [/Script/Engine.RendererOverrideSettings] File [D:/EPgLa/JLPFolder/JLK/Saved/Config/Windows/Engine.ini]
[2022.01.12-12.43.41:696][  0]LogConfig: Applying CVar settings from Section [/Script/Engine.StreamingSettings] File [D:/EPgLa/JLPFolder/JLK/Saved/Config/Windows/Engine.ini]
[2022.01.12-12.43.41:696][  0]LogConfig: Setting CVar [[s.MinBulkDataSizeForAsyncLoading:131072]]
[2022.01.12-12.43.41:696][  0]LogConfig: Setting CVar [[s.AsyncLoadingThreadEnabled:0]]
[2022.01.12-12.43.41:696][  0]LogConfig: Setting CVar [[s.EventDrivenLoaderEnabled:1]]
[2022.01.12-12.43.41:696][  0]LogConfig: Setting CVar [[s.WarnIfTimeLimitExceeded:0]]
[2022.01.12-12.43.41:696][  0]LogConfig: Setting CVar [[s.TimeLimitExceededMultiplier:1.5]]
[2022.01.12-12.43.41:696][  0]LogConfig: Setting CVar [[s.TimeLimitExceededMinTime:0.005]]
[2022.01.12-12.43.41:696][  0]LogConfig: Setting CVar [[s.UseBackgroundLevelStreaming:1]]
[2022.01.12-12.43.41:696][  0]LogConfig: Setting CVar [[s.PriorityAsyncLoadingExtraTime:15.0]]
[2022.01.12-12.43.41:696][  0]LogConfig: Setting CVar [[s.LevelStreamingActorsUpdateTimeLimit:5.0]]
[2022.01.12-12.43.41:696][  0]LogConfig: Setting CVar [[s.PriorityLevelStreamingActorsUpdateExtraTime:5.0]]
[2022.01.12-12.43.41:696][  0]LogConfig: Setting CVar [[s.LevelStreamingComponentsRegistrationGranularity:10]]
[2022.01.12-12.43.41:696][  0]LogConfig: Setting CVar [[s.UnregisterComponentsTimeLimit:1.0]]
[2022.01.12-12.43.41:696][  0]LogConfig: Setting CVar [[s.LevelStreamingComponentsUnregistrationGranularity:5]]
[2022.01.12-12.43.41:696][  0]LogConfig: Setting CVar [[s.FlushStreamingOnExit:1]]
[2022.01.12-12.43.41:696][  0]LogConfig: Applying CVar settings from Section [/Script/Engine.GarbageCollectionSettings] File [D:/EPgLa/JLPFolder/JLK/Saved/Config/Windows/Engine.ini]
[2022.01.12-12.43.41:696][  0]LogConfig: Setting CVar [[gc.MaxObjectsNotConsideredByGC:1]]
[2022.01.12-12.43.41:696][  0]LogConfig: Setting CVar [[gc.SizeOfPermanentObjectPool:0]]
[2022.01.12-12.43.41:696][  0]LogConfig: Setting CVar [[gc.FlushStreamingOnGC:0]]
[2022.01.12-12.43.41:696][  0]LogConfig: Setting CVar [[gc.NumRetriesBeforeForcingGC:10]]
[2022.01.12-12.43.41:696][  0]LogConfig: Setting CVar [[gc.AllowParallelGC:1]]
[2022.01.12-12.43.41:697][  0]LogConfig: Setting CVar [[gc.TimeBetweenPurgingPendingKillObjects:61.1]]
[2022.01.12-12.43.41:697][  0]LogConfig: Setting CVar [[gc.MaxObjectsInEditor:25165824]]
[2022.01.12-12.43.41:697][  0]LogConfig: Setting CVar [[gc.IncrementalBeginDestroyEnabled:1]]
[2022.01.12-12.43.41:697][  0]LogConfig: Setting CVar [[gc.CreateGCClusters:1]]
[2022.01.12-12.43.41:697][  0]LogConfig: Setting CVar [[gc.MinGCClusterSize:5]]
[2022.01.12-12.43.41:697][  0]LogConfig: Setting CVar [[gc.ActorClusteringEnabled:0]]
[2022.01.12-12.43.41:697][  0]LogConfig: Setting CVar [[gc.BlueprintClusteringEnabled:0]]
[2022.01.12-12.43.41:697][  0]LogConfig: Setting CVar [[gc.UseDisregardForGCOnDedicatedServers:0]]
[2022.01.12-12.43.41:697][  0]LogConfig: Setting CVar [[gc.MultithreadedDestructionEnabled:1]]
[2022.01.12-12.43.41:697][  0]LogConfig: Applying CVar settings from Section [/Script/Engine.NetworkSettings] File [D:/EPgLa/JLPFolder/JLK/Saved/Config/Windows/Engine.ini]
[2022.01.12-12.43.41:697][  0]LogConfig: Applying CVar settings from Section [/Script/UnrealEd.CookerSettings] File [D:/EPgLa/JLPFolder/JLK/Saved/Config/Windows/Engine.ini]
[2022.01.12-12.43.41:710][  0]LogConfig: Applying CVar settings from Section [ViewDistanceQuality@3] File [D:/EPgLa/JLPFolder/JLK/Saved/Config/Windows/Scalability.ini]
[2022.01.12-12.43.41:711][  0]LogConfig: Setting CVar [[r.SkeletalMeshLODBias:0]]
[2022.01.12-12.43.41:711][  0]LogConfig: Setting CVar [[r.ViewDistanceScale:1.0]]
[2022.01.12-12.43.41:711][  0]LogConfig: Applying CVar settings from Section [AntiAliasingQuality@3] File [D:/EPgLa/JLPFolder/JLK/Saved/Config/Windows/Scalability.ini]
[2022.01.12-12.43.41:711][  0]LogConfig: Setting CVar [[r.PostProcessAAQuality:4]]
[2022.01.12-12.43.41:711][  0]LogConfig: Applying CVar settings from Section [ShadowQuality@3] File [D:/EPgLa/JLPFolder/JLK/Saved/Config/Windows/Scalability.ini]
[2022.01.12-12.43.41:711][  0]LogConfig: Setting CVar [[r.LightFunctionQuality:1]]
[2022.01.12-12.43.41:711][  0]LogConfig: Setting CVar [[r.ShadowQuality:5]]
[2022.01.12-12.43.41:711][  0]LogConfig: Setting CVar [[r.Shadow.CSM.MaxCascades:10]]
[2022.01.12-12.43.41:711][  0]LogConfig: Setting CVar [[r.Shadow.MaxResolution:2048]]
[2022.01.12-12.43.41:711][  0]LogConfig: Setting CVar [[r.Shadow.MaxCSMResolution:2048]]
[2022.01.12-12.43.41:711][  0]LogConfig: Setting CVar [[r.Shadow.RadiusThreshold:0.01]]
[2022.01.12-12.43.41:711][  0]LogConfig: Setting CVar [[r.Shadow.DistanceScale:1.0]]
[2022.01.12-12.43.41:711][  0]LogConfig: Setting CVar [[r.Shadow.CSM.TransitionScale:1.0]]
[2022.01.12-12.43.41:711][  0]LogConfig: Setting CVar [[r.Shadow.PreShadowResolutionFactor:1.0]]
[2022.01.12-12.43.41:711][  0]LogConfig: Setting CVar [[r.DistanceFieldShadowing:1]]
[2022.01.12-12.43.41:711][  0]LogConfig: Setting CVar [[r.DistanceFieldAO:1]]
[2022.01.12-12.43.41:711][  0]LogConfig: Setting CVar [[r.AOQuality:2]]
[2022.01.12-12.43.41:711][  0]LogConfig: Setting CVar [[r.VolumetricFog:1]]
[2022.01.12-12.43.41:711][  0]LogConfig: Setting CVar [[r.VolumetricFog.GridPixelSize:8]]
[2022.01.12-12.43.41:711][  0]LogConfig: Setting CVar [[r.VolumetricFog.GridSizeZ:128]]
[2022.01.12-12.43.41:711][  0]LogConfig: Setting CVar [[r.VolumetricFog.HistoryMissSupersampleCount:4]]
[2022.01.12-12.43.41:711][  0]LogConfig: Setting CVar [[r.LightMaxDrawDistanceScale:1]]
[2022.01.12-12.43.41:711][  0]LogConfig: Setting CVar [[r.CapsuleShadows:1]]
[2022.01.12-12.43.41:711][  0]LogConfig: Applying CVar settings from Section [PostProcessQuality@3] File [D:/EPgLa/JLPFolder/JLK/Saved/Config/Windows/Scalability.ini]
[2022.01.12-12.43.41:711][  0]LogConfig: Setting CVar [[r.MotionBlurQuality:4]]
[2022.01.12-12.43.41:711][  0]LogConfig: Setting CVar [[r.AmbientOcclusionMipLevelFactor:0.4]]
[2022.01.12-12.43.41:711][  0]LogConfig: Setting CVar [[r.AmbientOcclusionMaxQuality:100]]
[2022.01.12-12.43.41:711][  0]LogConfig: Setting CVar [[r.AmbientOcclusionLevels:-1]]
[2022.01.12-12.43.41:711][  0]LogConfig: Setting CVar [[r.AmbientOcclusionRadiusScale:1.0]]
[2022.01.12-12.43.41:711][  0]LogConfig: Setting CVar [[r.DepthOfFieldQuality:2]]
[2022.01.12-12.43.41:711][  0]LogConfig: Setting CVar [[r.RenderTargetPoolMin:400]]
[2022.01.12-12.43.41:711][  0]LogConfig: Setting CVar [[r.LensFlareQuality:2]]
[2022.01.12-12.43.41:711][  0]LogConfig: Setting CVar [[r.SceneColorFringeQuality:1]]
[2022.01.12-12.43.41:711][  0]LogConfig: Setting CVar [[r.EyeAdaptationQuality:2]]
[2022.01.12-12.43.41:711][  0]LogConfig: Setting CVar [[r.BloomQuality:5]]
[2022.01.12-12.43.41:711][  0]LogConfig: Setting CVar [[r.FastBlurThreshold:100]]
[2022.01.12-12.43.41:711][  0]LogConfig: Setting CVar [[r.Upscale.Quality:3]]
[2022.01.12-12.43.41:711][  0]LogConfig: Setting CVar [[r.Tonemapper.GrainQuantization:1]]
[2022.01.12-12.43.41:711][  0]LogConfig: Setting CVar [[r.LightShaftQuality:1]]
[2022.01.12-12.43.41:711][  0]LogConfig: Setting CVar [[r.Filter.SizeScale:1]]
[2022.01.12-12.43.41:711][  0]LogConfig: Setting CVar [[r.Tonemapper.Quality:5]]
[2022.01.12-12.43.41:711][  0]LogConfig: Setting CVar [[r.DOF.Gather.AccumulatorQuality:1        ; higher gathering accumulator quality]]
[2022.01.12-12.43.41:711][  0]LogConfig: Setting CVar [[r.DOF.Gather.PostfilterMethod:1          ; Median3x3 postfilering method]]
[2022.01.12-12.43.41:711][  0]LogConfig: Setting CVar [[r.DOF.Gather.EnableBokehSettings:0       ; no bokeh simulation when gathering]]
[2022.01.12-12.43.41:711][  0]LogConfig: Setting CVar [[r.DOF.Gather.RingCount:4                 ; medium number of samples when gathering]]
[2022.01.12-12.43.41:711][  0]LogConfig: Setting CVar [[r.DOF.Scatter.ForegroundCompositing:1    ; additive foreground scattering]]
[2022.01.12-12.43.41:711][  0]LogConfig: Setting CVar [[r.DOF.Scatter.BackgroundCompositing:2    ; additive background scattering]]
[2022.01.12-12.43.41:711][  0]LogConfig: Setting CVar [[r.DOF.Scatter.EnableBokehSettings:1      ; bokeh simulation when scattering]]
[2022.01.12-12.43.41:711][  0]LogConfig: Setting CVar [[r.DOF.Scatter.MaxSpriteRatio:0.1         ; only a maximum of 10% of scattered bokeh]]
[2022.01.12-12.43.41:711][  0]LogConfig: Setting CVar [[r.DOF.Recombine.Quality:1                ; cheap slight out of focus]]
[2022.01.12-12.43.41:711][  0]LogConfig: Setting CVar [[r.DOF.Recombine.EnableBokehSettings:0    ; no bokeh simulation on slight out of focus]]
[2022.01.12-12.43.41:711][  0]LogConfig: Setting CVar [[r.DOF.TemporalAAQuality:1                ; more stable temporal accumulation]]
[2022.01.12-12.43.41:711][  0]LogConfig: Setting CVar [[r.DOF.Kernel.MaxForegroundRadius:0.025]]
[2022.01.12-12.43.41:711][  0]LogConfig: Setting CVar [[r.DOF.Kernel.MaxBackgroundRadius:0.025]]
[2022.01.12-12.43.41:711][  0]LogConfig: Applying CVar settings from Section [TextureQuality@3] File [D:/EPgLa/JLPFolder/JLK/Saved/Config/Windows/Scalability.ini]
[2022.01.12-12.43.41:711][  0]LogConfig: Setting CVar [[r.Streaming.MipBias:0]]
[2022.01.12-12.43.41:711][  0]LogConfig: Setting CVar [[r.Streaming.AmortizeCPUToGPUCopy:0]]
[2022.01.12-12.43.41:711][  0]LogConfig: Setting CVar [[r.Streaming.MaxNumTexturesToStreamPerFrame:0]]
[2022.01.12-12.43.41:711][  0]LogConfig: Setting CVar [[r.Streaming.Boost:1]]
[2022.01.12-12.43.41:711][  0]LogConfig: Setting CVar [[r.MaxAnisotropy:8]]
[2022.01.12-12.43.41:711][  0]LogConfig: Setting CVar [[r.VT.MaxAnisotropy:8]]
[2022.01.12-12.43.41:711][  0]LogConfig: Setting CVar [[r.Streaming.LimitPoolSizeToVRAM:0]]
[2022.01.12-12.43.41:711][  0]LogConfig: Setting CVar [[r.Streaming.PoolSize:1000]]
[2022.01.12-12.43.41:711][  0]LogConfig: Setting CVar [[r.Streaming.MaxEffectiveScreenSize:0]]
[2022.01.12-12.43.41:711][  0]LogConfig: Applying CVar settings from Section [EffectsQuality@3] File [D:/EPgLa/JLPFolder/JLK/Saved/Config/Windows/Scalability.ini]
[2022.01.12-12.43.41:711][  0]LogConfig: Setting CVar [[r.TranslucencyLightingVolumeDim:64]]
[2022.01.12-12.43.41:711][  0]LogConfig: Setting CVar [[r.RefractionQuality:2]]
[2022.01.12-12.43.41:711][  0]LogConfig: Setting CVar [[r.SSR.Quality:3]]
[2022.01.12-12.43.41:711][  0]LogConfig: Setting CVar [[r.SSR.HalfResSceneColor:0]]
[2022.01.12-12.43.41:711][  0]LogConfig: Setting CVar [[r.SceneColorFormat:4]]
[2022.01.12-12.43.41:711][  0]LogConfig: Setting CVar [[r.DetailMode:2]]
[2022.01.12-12.43.41:711][  0]LogConfig: Setting CVar [[r.TranslucencyVolumeBlur:1]]
[2022.01.12-12.43.41:712][  0]LogConfig: Setting CVar [[r.MaterialQualityLevel:1 ; High quality]]
[2022.01.12-12.43.41:712][  0]LogConfig: Setting CVar [[r.AnisotropicMaterials:1]]
[2022.01.12-12.43.41:712][  0]LogConfig: Setting CVar [[r.SSS.Scale:1]]
[2022.01.12-12.43.41:712][  0]LogConfig: Setting CVar [[r.SSS.SampleSet:2]]
[2022.01.12-12.43.41:712][  0]LogConfig: Setting CVar [[r.SSS.Quality:1]]
[2022.01.12-12.43.41:712][  0]LogConfig: Setting CVar [[r.SSS.HalfRes:0]]
[2022.01.12-12.43.41:712][  0]LogConfig: Setting CVar [[r.SSGI.Quality:3]]
[2022.01.12-12.43.41:712][  0]LogConfig: Setting CVar [[r.EmitterSpawnRateScale:1.0]]
[2022.01.12-12.43.41:712][  0]LogConfig: Setting CVar [[r.ParticleLightQuality:2]]
[2022.01.12-12.43.41:712][  0]LogConfig: Setting CVar [[r.SkyAtmosphere.AerialPerspectiveLUT.FastApplyOnOpaque:1 ; Always have FastSkyLUT 1 in this case to avoid wrong sky]]
[2022.01.12-12.43.41:712][  0]LogConfig: Setting CVar [[r.SkyAtmosphere.AerialPerspectiveLUT.SampleCountMaxPerSlice:4]]
[2022.01.12-12.43.41:712][  0]LogConfig: Setting CVar [[r.SkyAtmosphere.AerialPerspectiveLUT.DepthResolution:16.0]]
[2022.01.12-12.43.41:712][  0]LogConfig: Setting CVar [[r.SkyAtmosphere.FastSkyLUT:1]]
[2022.01.12-12.43.41:712][  0]LogConfig: Setting CVar [[r.SkyAtmosphere.FastSkyLUT.SampleCountMin:4.0]]
[2022.01.12-12.43.41:712][  0]LogConfig: Setting CVar [[r.SkyAtmosphere.FastSkyLUT.SampleCountMax:128.0]]
[2022.01.12-12.43.41:712][  0]LogConfig: Setting CVar [[r.SkyAtmosphere.SampleCountMin:4.0]]
[2022.01.12-12.43.41:712][  0]LogConfig: Setting CVar [[r.SkyAtmosphere.SampleCountMax:128.0]]
[2022.01.12-12.43.41:712][  0]LogConfig: Setting CVar [[r.SkyAtmosphere.TransmittanceLUT.UseSmallFormat:0]]
[2022.01.12-12.43.41:712][  0]LogConfig: Setting CVar [[r.SkyAtmosphere.TransmittanceLUT.SampleCount:10.0]]
[2022.01.12-12.43.41:712][  0]LogConfig: Setting CVar [[r.SkyAtmosphere.MultiScatteringLUT.SampleCount:15.0]]
[2022.01.12-12.43.41:712][  0]LogConfig: Setting CVar [[r.SkyLight.RealTimeReflectionCapture:1]]
[2022.01.12-12.43.41:712][  0]LogConfig: Applying CVar settings from Section [FoliageQuality@3] File [D:/EPgLa/JLPFolder/JLK/Saved/Config/Windows/Scalability.ini]
[2022.01.12-12.43.41:712][  0]LogConfig: Setting CVar [[foliage.DensityScale:1.0]]
[2022.01.12-12.43.41:712][  0]LogConfig: Setting CVar [[grass.DensityScale:1.0]]
[2022.01.12-12.43.41:712][  0]LogConfig: Applying CVar settings from Section [ShadingQuality@3] File [D:/EPgLa/JLPFolder/JLK/Saved/Config/Windows/Scalability.ini]
[2022.01.12-12.43.41:712][  0]LogConfig: Setting CVar [[r.HairStrands.SkyLighting.IntegrationType:2]]
[2022.01.12-12.43.41:712][  0]LogConfig: Setting CVar [[r.HairStrands.SkyAO.SampleCount:4]]
[2022.01.12-12.43.41:712][  0]LogConfig: Setting CVar [[r.HairStrands.Visibility.MSAA.SamplePerPixel:4]]
[2022.01.12-12.43.41:715][  0]LogInit: Selected Device Profile: [Windows]
[2022.01.12-12.43.41:715][  0]LogInit: Applying CVar settings loaded from the selected device profile: [Windows]
[2022.01.12-12.43.41:715][  0]LogHAL: Display: Platform has ~ 8 GB [8449150976 / 8589934592 / 8], which maps to Default [LargestMinGB=32, LargerMinGB=12, DefaultMinGB=8, SmallerMinGB=6, SmallestMinGB=0)
[2022.01.12-12.43.41:715][  0]LogInit: Going up to parent DeviceProfile []
[2022.01.12-12.43.41:715][  0]LogConfig: Applying CVar settings from Section [ViewDistanceQuality@3] File [D:/EPgLa/JLPFolder/JLK/Saved/Config/Windows/Scalability.ini]
[2022.01.12-12.43.41:715][  0]LogConfig: Setting CVar [[r.SkeletalMeshLODBias:0]]
[2022.01.12-12.43.41:715][  0]LogConfig: Setting CVar [[r.ViewDistanceScale:1.0]]
[2022.01.12-12.43.41:715][  0]LogConfig: Applying CVar settings from Section [AntiAliasingQuality@3] File [D:/EPgLa/JLPFolder/JLK/Saved/Config/Windows/Scalability.ini]
[2022.01.12-12.43.41:715][  0]LogConfig: Setting CVar [[r.PostProcessAAQuality:4]]
[2022.01.12-12.43.41:715][  0]LogConfig: Applying CVar settings from Section [ShadowQuality@3] File [D:/EPgLa/JLPFolder/JLK/Saved/Config/Windows/Scalability.ini]
[2022.01.12-12.43.41:715][  0]LogConfig: Setting CVar [[r.LightFunctionQuality:1]]
[2022.01.12-12.43.41:715][  0]LogConfig: Setting CVar [[r.ShadowQuality:5]]
[2022.01.12-12.43.41:715][  0]LogConfig: Setting CVar [[r.Shadow.CSM.MaxCascades:10]]
[2022.01.12-12.43.41:715][  0]LogConfig: Setting CVar [[r.Shadow.MaxResolution:2048]]
[2022.01.12-12.43.41:715][  0]LogConfig: Setting CVar [[r.Shadow.MaxCSMResolution:2048]]
[2022.01.12-12.43.41:715][  0]LogConfig: Setting CVar [[r.Shadow.RadiusThreshold:0.01]]
[2022.01.12-12.43.41:715][  0]LogConfig: Setting CVar [[r.Shadow.DistanceScale:1.0]]
[2022.01.12-12.43.41:715][  0]LogConfig: Setting CVar [[r.Shadow.CSM.TransitionScale:1.0]]
[2022.01.12-12.43.41:715][  0]LogConfig: Setting CVar [[r.Shadow.PreShadowResolutionFactor:1.0]]
[2022.01.12-12.43.41:715][  0]LogConfig: Setting CVar [[r.DistanceFieldShadowing:1]]
[2022.01.12-12.43.41:715][  0]LogConfig: Setting CVar [[r.DistanceFieldAO:1]]
[2022.01.12-12.43.41:715][  0]LogConfig: Setting CVar [[r.AOQuality:2]]
[2022.01.12-12.43.41:715][  0]LogConfig: Setting CVar [[r.VolumetricFog:1]]
[2022.01.12-12.43.41:715][  0]LogConfig: Setting CVar [[r.VolumetricFog.GridPixelSize:8]]
[2022.01.12-12.43.41:715][  0]LogConfig: Setting CVar [[r.VolumetricFog.GridSizeZ:128]]
[2022.01.12-12.43.41:715][  0]LogConfig: Setting CVar [[r.VolumetricFog.HistoryMissSupersampleCount:4]]
[2022.01.12-12.43.41:715][  0]LogConfig: Setting CVar [[r.LightMaxDrawDistanceScale:1]]
[2022.01.12-12.43.41:715][  0]LogConfig: Setting CVar [[r.CapsuleShadows:1]]
[2022.01.12-12.43.41:716][  0]LogConfig: Applying CVar settings from Section [PostProcessQuality@3] File [D:/EPgLa/JLPFolder/JLK/Saved/Config/Windows/Scalability.ini]
[2022.01.12-12.43.41:716][  0]LogConfig: Setting CVar [[r.MotionBlurQuality:4]]
[2022.01.12-12.43.41:716][  0]LogConfig: Setting CVar [[r.AmbientOcclusionMipLevelFactor:0.4]]
[2022.01.12-12.43.41:716][  0]LogConfig: Setting CVar [[r.AmbientOcclusionMaxQuality:100]]
[2022.01.12-12.43.41:716][  0]LogConfig: Setting CVar [[r.AmbientOcclusionLevels:-1]]
[2022.01.12-12.43.41:716][  0]LogConfig: Setting CVar [[r.AmbientOcclusionRadiusScale:1.0]]
[2022.01.12-12.43.41:716][  0]LogConfig: Setting CVar [[r.DepthOfFieldQuality:2]]
[2022.01.12-12.43.41:716][  0]LogConfig: Setting CVar [[r.RenderTargetPoolMin:400]]
[2022.01.12-12.43.41:716][  0]LogConfig: Setting CVar [[r.LensFlareQuality:2]]
[2022.01.12-12.43.41:716][  0]LogConfig: Setting CVar [[r.SceneColorFringeQuality:1]]
[2022.01.12-12.43.41:716][  0]LogConfig: Setting CVar [[r.EyeAdaptationQuality:2]]
[2022.01.12-12.43.41:716][  0]LogConfig: Setting CVar [[r.BloomQuality:5]]
[2022.01.12-12.43.41:716][  0]LogConfig: Setting CVar [[r.FastBlurThreshold:100]]
[2022.01.12-12.43.41:716][  0]LogConfig: Setting CVar [[r.Upscale.Quality:3]]
[2022.01.12-12.43.41:716][  0]LogConfig: Setting CVar [[r.Tonemapper.GrainQuantization:1]]
[2022.01.12-12.43.41:716][  0]LogConfig: Setting CVar [[r.LightShaftQuality:1]]
[2022.01.12-12.43.41:716][  0]LogConfig: Setting CVar [[r.Filter.SizeScale:1]]
[2022.01.12-12.43.41:716][  0]LogConfig: Setting CVar [[r.Tonemapper.Quality:5]]
[2022.01.12-12.43.41:716][  0]LogConfig: Setting CVar [[r.DOF.Gather.AccumulatorQuality:1        ; higher gathering accumulator quality]]
[2022.01.12-12.43.41:716][  0]LogConfig: Setting CVar [[r.DOF.Gather.PostfilterMethod:1          ; Median3x3 postfilering method]]
[2022.01.12-12.43.41:716][  0]LogConfig: Setting CVar [[r.DOF.Gather.EnableBokehSettings:0       ; no bokeh simulation when gathering]]
[2022.01.12-12.43.41:716][  0]LogConfig: Setting CVar [[r.DOF.Gather.RingCount:4                 ; medium number of samples when gathering]]
[2022.01.12-12.43.41:716][  0]LogConfig: Setting CVar [[r.DOF.Scatter.ForegroundCompositing:1    ; additive foreground scattering]]
[2022.01.12-12.43.41:716][  0]LogConfig: Setting CVar [[r.DOF.Scatter.BackgroundCompositing:2    ; additive background scattering]]
[2022.01.12-12.43.41:716][  0]LogConfig: Setting CVar [[r.DOF.Scatter.EnableBokehSettings:1      ; bokeh simulation when scattering]]
[2022.01.12-12.43.41:716][  0]LogConfig: Setting CVar [[r.DOF.Scatter.MaxSpriteRatio:0.1         ; only a maximum of 10% of scattered bokeh]]
[2022.01.12-12.43.41:716][  0]LogConfig: Setting CVar [[r.DOF.Recombine.Quality:1                ; cheap slight out of focus]]
[2022.01.12-12.43.41:716][  0]LogConfig: Setting CVar [[r.DOF.Recombine.EnableBokehSettings:0    ; no bokeh simulation on slight out of focus]]
[2022.01.12-12.43.41:716][  0]LogConfig: Setting CVar [[r.DOF.TemporalAAQuality:1                ; more stable temporal accumulation]]
[2022.01.12-12.43.41:716][  0]LogConfig: Setting CVar [[r.DOF.Kernel.MaxForegroundRadius:0.025]]
[2022.01.12-12.43.41:716][  0]LogConfig: Setting CVar [[r.DOF.Kernel.MaxBackgroundRadius:0.025]]
[2022.01.12-12.43.41:716][  0]LogConfig: Applying CVar settings from Section [TextureQuality@3] File [D:/EPgLa/JLPFolder/JLK/Saved/Config/Windows/Scalability.ini]
[2022.01.12-12.43.41:716][  0]LogConfig: Setting CVar [[r.Streaming.MipBias:0]]
[2022.01.12-12.43.41:716][  0]LogConfig: Setting CVar [[r.Streaming.AmortizeCPUToGPUCopy:0]]
[2022.01.12-12.43.41:716][  0]LogConfig: Setting CVar [[r.Streaming.MaxNumTexturesToStreamPerFrame:0]]
[2022.01.12-12.43.41:716][  0]LogConfig: Setting CVar [[r.Streaming.Boost:1]]
[2022.01.12-12.43.41:716][  0]LogConfig: Setting CVar [[r.MaxAnisotropy:8]]
[2022.01.12-12.43.41:716][  0]LogConfig: Setting CVar [[r.VT.MaxAnisotropy:8]]
[2022.01.12-12.43.41:716][  0]LogConfig: Setting CVar [[r.Streaming.LimitPoolSizeToVRAM:0]]
[2022.01.12-12.43.41:716][  0]LogConfig: Setting CVar [[r.Streaming.PoolSize:1000]]
[2022.01.12-12.43.41:716][  0]LogConfig: Setting CVar [[r.Streaming.MaxEffectiveScreenSize:0]]
[2022.01.12-12.43.41:716][  0]LogConfig: Applying CVar settings from Section [EffectsQuality@3] File [D:/EPgLa/JLPFolder/JLK/Saved/Config/Windows/Scalability.ini]
[2022.01.12-12.43.41:716][  0]LogConfig: Setting CVar [[r.TranslucencyLightingVolumeDim:64]]
[2022.01.12-12.43.41:716][  0]LogConfig: Setting CVar [[r.RefractionQuality:2]]
[2022.01.12-12.43.41:716][  0]LogConfig: Setting CVar [[r.SSR.Quality:3]]
[2022.01.12-12.43.41:716][  0]LogConfig: Setting CVar [[r.SSR.HalfResSceneColor:0]]
[2022.01.12-12.43.41:716][  0]LogConfig: Setting CVar [[r.SceneColorFormat:4]]
[2022.01.12-12.43.41:716][  0]LogConfig: Setting CVar [[r.DetailMode:2]]
[2022.01.12-12.43.41:716][  0]LogConfig: Setting CVar [[r.TranslucencyVolumeBlur:1]]
[2022.01.12-12.43.41:716][  0]LogConfig: Setting CVar [[r.MaterialQualityLevel:1 ; High quality]]
[2022.01.12-12.43.41:716][  0]LogConfig: Setting CVar [[r.AnisotropicMaterials:1]]
[2022.01.12-12.43.41:716][  0]LogConfig: Setting CVar [[r.SSS.Scale:1]]
[2022.01.12-12.43.41:716][  0]LogConfig: Setting CVar [[r.SSS.SampleSet:2]]
[2022.01.12-12.43.41:716][  0]LogConfig: Setting CVar [[r.SSS.Quality:1]]
[2022.01.12-12.43.41:716][  0]LogConfig: Setting CVar [[r.SSS.HalfRes:0]]
[2022.01.12-12.43.41:716][  0]LogConfig: Setting CVar [[r.SSGI.Quality:3]]
[2022.01.12-12.43.41:716][  0]LogConfig: Setting CVar [[r.EmitterSpawnRateScale:1.0]]
[2022.01.12-12.43.41:716][  0]LogConfig: Setting CVar [[r.ParticleLightQuality:2]]
[2022.01.12-12.43.41:716][  0]LogConfig: Setting CVar [[r.SkyAtmosphere.AerialPerspectiveLUT.FastApplyOnOpaque:1 ; Always have FastSkyLUT 1 in this case to avoid wrong sky]]
[2022.01.12-12.43.41:716][  0]LogConfig: Setting CVar [[r.SkyAtmosphere.AerialPerspectiveLUT.SampleCountMaxPerSlice:4]]
[2022.01.12-12.43.41:716][  0]LogConfig: Setting CVar [[r.SkyAtmosphere.AerialPerspectiveLUT.DepthResolution:16.0]]
[2022.01.12-12.43.41:716][  0]LogConfig: Setting CVar [[r.SkyAtmosphere.FastSkyLUT:1]]
[2022.01.12-12.43.41:716][  0]LogConfig: Setting CVar [[r.SkyAtmosphere.FastSkyLUT.SampleCountMin:4.0]]
[2022.01.12-12.43.41:716][  0]LogConfig: Setting CVar [[r.SkyAtmosphere.FastSkyLUT.SampleCountMax:128.0]]
[2022.01.12-12.43.41:717][  0]LogConfig: Setting CVar [[r.SkyAtmosphere.SampleCountMin:4.0]]
[2022.01.12-12.43.41:717][  0]LogConfig: Setting CVar [[r.SkyAtmosphere.SampleCountMax:128.0]]
[2022.01.12-12.43.41:717][  0]LogConfig: Setting CVar [[r.SkyAtmosphere.TransmittanceLUT.UseSmallFormat:0]]
[2022.01.12-12.43.41:717][  0]LogConfig: Setting CVar [[r.SkyAtmosphere.TransmittanceLUT.SampleCount:10.0]]
[2022.01.12-12.43.41:717][  0]LogConfig: Setting CVar [[r.SkyAtmosphere.MultiScatteringLUT.SampleCount:15.0]]
[2022.01.12-12.43.41:717][  0]LogConfig: Setting CVar [[r.SkyLight.RealTimeReflectionCapture:1]]
[2022.01.12-12.43.41:717][  0]LogConfig: Applying CVar settings from Section [FoliageQuality@3] File [D:/EPgLa/JLPFolder/JLK/Saved/Config/Windows/Scalability.ini]
[2022.01.12-12.43.41:717][  0]LogConfig: Setting CVar [[foliage.DensityScale:1.0]]
[2022.01.12-12.43.41:717][  0]LogConfig: Setting CVar [[grass.DensityScale:1.0]]
[2022.01.12-12.43.41:717][  0]LogConfig: Applying CVar settings from Section [ShadingQuality@3] File [D:/EPgLa/JLPFolder/JLK/Saved/Config/Windows/Scalability.ini]
[2022.01.12-12.43.41:717][  0]LogConfig: Setting CVar [[r.HairStrands.SkyLighting.IntegrationType:2]]
[2022.01.12-12.43.41:717][  0]LogConfig: Setting CVar [[r.HairStrands.SkyAO.SampleCount:4]]
[2022.01.12-12.43.41:717][  0]LogConfig: Setting CVar [[r.HairStrands.Visibility.MSAA.SamplePerPixel:4]]
[2022.01.12-12.43.41:717][  0]LogConfig: Applying CVar settings from Section [Startup] File [../../../Engine/Config/ConsoleVariables.ini]
[2022.01.12-12.43.41:728][  0]LogConfig: Setting CVar [[net.UseAdaptiveNetUpdateFrequency:0]]
[2022.01.12-12.43.41:728][  0]LogConfig: Setting CVar [[p.chaos.AllowCreatePhysxBodies:1]]
[2022.01.12-12.43.41:728][  0]LogConfig: Setting CVar [[fx.SkipVectorVMBackendOptimizations:1]]
[2022.01.12-12.43.41:728][  0]LogConfig: Applying CVar settings from Section [ConsoleVariables] File [D:/EPgLa/JLPFolder/JLK/Saved/Config/Windows/Engine.ini]
[2022.01.12-12.43.41:728][  0]LogConfig: Applying CVar settings from Section [ConsoleVariables] File [D:/EPgLa/JLPFolder/JLK/Saved/Config/Windows/Editor.ini]
[2022.01.12-12.43.41:736][  0]LogInit: Computer: 5-304-ITD16
[2022.01.12-12.43.41:737][  0]LogInit: User: User
[2022.01.12-12.43.41:737][  0]LogInit: CPU Page size=4096, Cores=4
[2022.01.12-12.43.41:737][  0]LogInit: High frequency timer resolution =10.000000 MHz
[2022.01.12-12.43.41:737][  0]LogMemory: Memory total: Physical=7.9GB (8GB approx)
[2022.01.12-12.43.41:743][  0]LogMemory: Platform Memory Stats for Windows
[2022.01.12-12.43.41:744][  0]LogMemory: Process Physical Memory: 140.81 MB used, 140.82 MB peak
[2022.01.12-12.43.41:744][  0]LogMemory: Process Virtual Memory: 125.32 MB used, 125.32 MB peak
[2022.01.12-12.43.41:744][  0]LogMemory: Physical Memory: 5835.55 MB used,  2222.18 MB free, 8057.74 MB total
[2022.01.12-12.43.41:744][  0]LogMemory: Virtual Memory: 134213152.00 MB used,  4575.73 MB free, 134217728.00 MB total
[2022.01.12-12.43.41:755][  0]LogWindows: WindowsPlatformFeatures enabled
[2022.01.12-12.43.42:207][  0]LogInit: Physics initialised using underlying interface: PhysX
[2022.01.12-12.43.42:221][  0]LogInit: Using OS detected language (en-US).
[2022.01.12-12.43.42:221][  0]LogInit: Using OS detected locale (en-US).
[2022.01.12-12.43.42:240][  0]LogTextLocalizationManager: No specific localization for 'en-US' exists, so the 'en' localization will be used.
[2022.01.12-12.43.42:925][  0]LogWindowsTextInputMethodSystem: Display: IME system deactivated.
[2022.01.12-12.43.43:116][  0]LogSlate: New Slate User Created.  User Index 0, Is Virtual User: 0
[2022.01.12-12.43.43:116][  0]LogSlate: Slate User Registered.  User Index 0, Is Virtual User: 0
[2022.01.12-12.43.43:178][  0]LogD3D11RHI: Loaded GFSDK_Aftermath_Lib.x64.dll
[2022.01.12-12.43.43:232][  0]LogHMD: Failed to initialize OpenVR with code 110
[2022.01.12-12.43.43:232][  0]LogD3D11RHI: D3D11 min allowed feature level: 11_0
[2022.01.12-12.43.43:232][  0]LogD3D11RHI: D3D11 max allowed feature level: 11_0
[2022.01.12-12.43.43:232][  0]LogD3D11RHI: D3D11 adapters:
[2022.01.12-12.43.43:286][  0]LogD3D11RHI:    0. 'AMD Radeon HD 7800 Series' (Feature Level 11_0)
[2022.01.12-12.43.43:294][  0]LogD3D11RHI:       1003/0/4028 MB DedicatedVideo/DedicatedSystem/SharedSystem, Outputs:1, VendorId:0x1002
[2022.01.12-12.43.43:317][  0]LogD3D11RHI:    1. 'Intel(R) HD Graphics 630' (Feature Level 11_0)
[2022.01.12-12.43.43:317][  0]LogD3D11RHI:       128/0/4028 MB DedicatedVideo/DedicatedSystem/SharedSystem, Outputs:0, VendorId:0x8086
[2022.01.12-12.43.43:319][  0]LogD3D11RHI:    2. 'Microsoft Basic Render Driver' (Feature Level 11_0)
[2022.01.12-12.43.43:319][  0]LogD3D11RHI:       0/0/4028 MB DedicatedVideo/DedicatedSystem/SharedSystem, Outputs:0, VendorId:0x1414
[2022.01.12-12.43.43:319][  0]LogD3D11RHI: Chosen D3D11 Adapter:
[2022.01.12-12.43.43:319][  0]LogD3D11RHI:     Description : AMD Radeon HD 7800 Series
[2022.01.12-12.43.43:319][  0]LogD3D11RHI:     VendorId    : 1002
[2022.01.12-12.43.43:319][  0]LogD3D11RHI:     DeviceId    : 6819
[2022.01.12-12.43.43:319][  0]LogD3D11RHI:     SubSysId    : 23201787
[2022.01.12-12.43.43:319][  0]LogD3D11RHI:     Revision    : 0000
[2022.01.12-12.43.43:319][  0]LogD3D11RHI:     DedicatedVideoMemory : 1052487680 bytes
[2022.01.12-12.43.43:319][  0]LogD3D11RHI:     DedicatedSystemMemory : 0 bytes
[2022.01.12-12.43.43:319][  0]LogD3D11RHI:     SharedSystemMemory : 4224575488 bytes
[2022.01.12-12.43.43:319][  0]LogD3D11RHI:     AdapterLuid : 0 50658
[2022.01.12-12.43.43:324][  0]LogD3D11RHI: Creating new Direct3DDevice
[2022.01.12-12.43.43:324][  0]LogD3D11RHI:     GPU DeviceId: 0x6819 (for the marketing name, search the web for "GPU Device Id")
[2022.01.12-12.43.43:324][  0]LogWindows: EnumDisplayDevices:
[2022.01.12-12.43.43:324][  0]LogWindows:    0. 'Intel(R) HD Graphics 630' (P:1 D:1)
[2022.01.12-12.43.43:324][  0]LogWindows:    1. 'Intel(R) HD Graphics 630' (P:0 D:0)
[2022.01.12-12.43.43:324][  0]LogWindows:    2. 'AMD Radeon HD 7800 Series' (P:0 D:0)
[2022.01.12-12.43.43:325][  0]LogWindows:    3. 'AMD Radeon HD 7800 Series' (P:0 D:0)
[2022.01.12-12.43.43:325][  0]LogWindows:    4. 'AMD Radeon HD 7800 Series' (P:0 D:0)
[2022.01.12-12.43.43:325][  0]LogWindows:    5. 'AMD Radeon HD 7800 Series' (P:0 D:0)
[2022.01.12-12.43.43:326][  0]LogWindows:    6. 'AMD Radeon HD 7800 Series' (P:0 D:0)
[2022.01.12-12.43.43:326][  0]LogWindows:    7. 'AMD Radeon HD 7800 Series' (P:0 D:0)
[2022.01.12-12.43.43:326][  0]LogWindows:    8. 'AMD Radeon HD 7800 Series' (P:0 D:0)
[2022.01.12-12.43.43:326][  0]LogWindows:    9. 'AMD Radeon HD 7800 Series' (P:0 D:0)
[2022.01.12-12.43.43:327][  0]LogWindows: DebugString: PrimaryIsNotTheChoosenAdapter PrimaryIsNotTheChoosenAdapter FoundDriverCount:8 
[2022.01.12-12.43.43:327][  0]LogD3D11RHI:     Adapter Name: AMD Radeon HD 7800 Series
[2022.01.12-12.43.43:327][  0]LogD3D11RHI:   Driver Version: Adrenalin 20.10.35.02 (internal:27.20.1034.6, unified:27.20.1034.6)
[2022.01.12-12.43.43:327][  0]LogD3D11RHI:      Driver Date: 8-21-2020
[2022.01.12-12.43.43:327][  0]LogRHI: Texture pool is 597 MB (70% of 853 MB)
[2022.01.12-12.43.43:359][  0]LogD3D11RHI: Creating D3DDevice with AMD AGS, using adapter:
[2022.01.12-12.43.43:359][  0]LogD3D11RHI:     Description : AMD Radeon HD 7800 Series
[2022.01.12-12.43.43:359][  0]LogD3D11RHI:     VendorId    : 1002
[2022.01.12-12.43.43:359][  0]LogD3D11RHI:     DeviceId    : 6819
[2022.01.12-12.43.43:359][  0]LogD3D11RHI:     SubSysId    : 23201787
[2022.01.12-12.43.43:359][  0]LogD3D11RHI:     Revision    : 0000
[2022.01.12-12.43.43:359][  0]LogD3D11RHI:     DedicatedVideoMemory : 1052487680 bytes
[2022.01.12-12.43.43:359][  0]LogD3D11RHI:     DedicatedSystemMemory : 0 bytes
[2022.01.12-12.43.43:359][  0]LogD3D11RHI:     SharedSystemMemory : 4224575488 bytes
[2022.01.12-12.43.43:359][  0]LogD3D11RHI:     AdapterLuid : 0 50658
[2022.01.12-12.43.43:401][  0]LogD3D11RHI: Created device via AGS, feature level 11_0, supported extensions 1fffffbf.
[2022.01.12-12.43.43:402][  0]LogD3D11RHI: RHI has support for 64 bit atomics
[2022.01.12-12.43.43:402][  0]LogD3D11RHI: Async texture creation enabled
[2022.01.12-12.43.43:402][  0]LogD3D11RHI: Array index from any shader is supported
[2022.01.12-12.43.43:547][  0]LogD3D11RHI: GPU Timing Frequency: 27.000000 (Debug: 2 1)
[2022.01.12-12.43.44:010][  0]LogTargetPlatformManager: Display: Loaded TargetPlatform 'WindowsNoEditor'
[2022.01.12-12.43.44:034][  0]LogTargetPlatformManager: Display: Loaded TargetPlatform 'Windows'
[2022.01.12-12.43.44:040][  0]LogTargetPlatformManager: Display: Loaded TargetPlatform 'WindowsClient'
[2022.01.12-12.43.44:045][  0]LogTargetPlatformManager: Display: Loaded TargetPlatform 'WindowsServer'
[2022.01.12-12.43.44:045][  0]LogTargetPlatformManager: Display: Building Assets For Windows
[2022.01.12-12.43.44:116][  0]LogAudioDebug: Display: Lib vorbis DLL was dynamically loaded.
[2022.01.12-12.43.44:339][  0]LogTextureFormatOodle: Display: Oodle Texture 2.9.0 init RDO Off
[2022.01.12-12.43.44:779][  0]LogRendererCore: Ray tracing is disabled. Reason: r.RayTracing=0.
[2022.01.12-12.43.44:789][  0]LogShaderCompilers: Guid format shader working directory is -8 characters bigger than the processId version (../../../../../JLPFolder/JLK/Intermediate/Shaders/WorkingDirectory/4360/).
[2022.01.12-12.43.44:789][  0]LogShaderCompilers: Cleaned the shader compiler working directory 'C:/TEMP/UnrealShaderWorkingDir/6D7545D340339F396E356F93CC0CE8C6/'.
[2022.01.12-12.43.44:789][  0]LogXGEController: Cannot use XGE Controller as Incredibuild is not installed on this machine.
[2022.01.12-12.43.44:789][  0]LogShaderCompilers: Cannot use XGE Shader Compiler as Incredibuild is not installed on this machine.
[2022.01.12-12.43.44:789][  0]LogShaderCompilers: Display: Using Local Shader Compiler.
[2022.01.12-12.43.46:279][  0]LogDerivedDataCache: Display: Max Cache Size: 512 MB
[2022.01.12-12.43.46:533][  0]LogDerivedDataCache: Loaded boot cache 0.25s 94MB C:/Users/User/AppData/Local/UnrealEngine/4.27/DerivedDataCache/Boot.ddc.
[2022.01.12-12.43.46:533][  0]LogDerivedDataCache: Display: Loaded Boot cache: C:/Users/User/AppData/Local/UnrealEngine/4.27/DerivedDataCache/Boot.ddc
[2022.01.12-12.43.46:534][  0]LogDerivedDataCache: FDerivedDataBackendGraph:  Pak pak cache file ../../../../../JLPFolder/JLK/DerivedDataCache/DDC.ddp not found, will not use a pak cache.
[2022.01.12-12.43.46:534][  0]LogDerivedDataCache: Unable to find inner node Pak for hierarchical cache Hierarchy.
[2022.01.12-12.43.46:534][  0]LogDerivedDataCache: FDerivedDataBackendGraph:  CompressedPak pak cache file ../../../../../JLPFolder/JLK/DerivedDataCache/Compressed.ddp not found, will not use a pak cache.
[2022.01.12-12.43.46:534][  0]LogDerivedDataCache: Unable to find inner node CompressedPak for hierarchical cache Hierarchy.
[2022.01.12-12.43.46:575][  0]LogDerivedDataCache: Display: Pak cache opened for reading ../../../Engine/DerivedDataCache/Compressed.ddp.
[2022.01.12-12.43.46:575][  0]LogDerivedDataCache: FDerivedDataBackendGraph:  EnterprisePak pak cache file ../../../Enterprise/DerivedDataCache/Compressed.ddp not found, will not use a pak cache.
[2022.01.12-12.43.46:575][  0]LogDerivedDataCache: Unable to find inner node EnterprisePak for hierarchical cache Hierarchy.
[2022.01.12-12.43.46:592][  0]LogDerivedDataCache: Speed tests for C:/Users/User/AppData/Local/UnrealEngine/Common/DerivedDataCache took 0.02 seconds
[2022.01.12-12.43.46:592][  0]LogDerivedDataCache: Display: Performance to C:/Users/User/AppData/Local/UnrealEngine/Common/DerivedDataCache: Latency=0.04ms. RandomReadSpeed=109.84MBs, RandomWriteSpeed=131.18MBs. Assigned SpeedClass 'Local'
[2022.01.12-12.43.46:594][  0]LogDerivedDataCache: Using Local data cache path C:/Users/User/AppData/Local/UnrealEngine/Common/DerivedDataCache: Writable
[2022.01.12-12.43.46:594][  0]LogDerivedDataCache: Shared data cache path not found in *engine.ini, will not use an Shared cache.
[2022.01.12-12.43.46:594][  0]LogDerivedDataCache: Unable to find inner node Shared for hierarchical cache Hierarchy.
[2022.01.12-12.43.46:657][  0]LogSlate: Using FreeType 2.10.0
[2022.01.12-12.43.46:670][  0]LogSlate: SlateFontServices - WITH_FREETYPE: 1, WITH_HARFBUZZ: 1
[2022.01.12-12.43.47:877][  0]LogInit: Using OS detected language (en-US).
[2022.01.12-12.43.47:877][  0]LogInit: Using OS detected locale (en-US).
[2022.01.12-12.43.47:877][  0]LogTextLocalizationManager: No localization for 'en-US' exists, so 'en' will be used for the language.
[2022.01.12-12.43.47:877][  0]LogTextLocalizationManager: No localization for 'en-US' exists, so 'en' will be used for the locale.
[2022.01.12-12.43.47:877][  0]LogSlate: FontCache flush requested. Reason: Culture for localization was changed
[2022.01.12-12.43.47:877][  0]LogSlate: FontCache flush requested. Reason: Culture for localization was changed
[2022.01.12-12.43.47:891][  0]LogTextLocalizationManager: Compacting localization data took   0.01ms
[2022.01.12-12.43.47:891][  0]LogAssetRegistry: FAssetRegistry took 0.0019 seconds to start up
[2022.01.12-12.43.50:000][  0]LogPackageLocalizationCache: Processed 27 localized package path(s) for 1 prioritized culture(s) in 0.002114 seconds
[2022.01.12-12.43.50:085][  0]LogInit: Selected Device Profile: [Windows]
[2022.01.12-12.43.50:086][  0]LogInit: Active device profile: [00000243E0D3D300][00000243DA787640 49] Windows
[2022.01.12-12.43.50:086][  0]LogInit: Profiles: [00000243E0D3D300][00000243DA787640 49] Windows, [00000243E0D06600][00000243DA78B780 49] WindowsNoEditor, [00000243E0D3E400][00000243DA78F8C0 49] WindowsServer, [00000243E0D07500][00000243D7AFBA40 49] WindowsClient, [00000243E0D3F300][00000243D7AFFBC0 49] IOS, [00000243E0D05200][00000243D7B021C0 49] iPadAir, [00000243E0D3FE00][00000243D7B06340 49] iPadAir2, [00000243E0CA6100][00000243D7B0E600 49] IPadPro, [00000243E0CA6200][00000243D7B0A640 49] iPadAir3, [00000243E0D07900][00000243D7B127C0 49] iPadAir4, [00000243E0CA7100][00000243D7B16940 49] iPadMini2, [00000243E0D06900][00000243D7B1AAC0 49] iPadMini3, [00000243E0CA7D00][00000243D7B1EC40 49] iPadMini4, [00000243E0D05A00][00000243D7B22DC0 49] iPadMini5, [00000243E0CBDA00][00000243D7B2B080 49] iPhone6, [00000243E0CBDB00][00000243D7B270C0 49] iPodTouch6, [00000243E0D3EF00][00000243D7B33380 49] iPhone7, [00000243E0D3F000][00000243D7B2F3C0 49] iPodTouch7, [00000243E0CA5C00][00000243D7B37540 49] iPhone5S, [00000243E0D3D100][00000243D7B3B6C0 49] iPhone6Plus, [00000243E0CA5800][00000243DA793800 49] iPhone6S, [00000243E0D3C400][00000243D7B3F940 49] iPhone6SPlus, [00000243E0CA4E00][00000243D7B43A80 49] iPhone7Plus, [00000243E0D3D700][00000243DA575C00 49] iPhoneSE, [00000243E0CA4A00][00000243DA578200 49] iPhone8, [00000243E0D3C800][00000243DA57C380 49] iPhone8Plus, [00000243E0CA5A00][00000243DA580500 49] iPhoneX, [00000243E0D3FD00][00000243DA584680 49] iPhoneXS, [00000243E0CBC200][00000243DA588800 49] iPhoneXSMax, [00000243E0CA4D00][00000243DA58C980 49] iPhoneXR, [00000243E0CBCC00][00000243DA590B00 49] iPhone11, [00000243E0CA6E00][00000243DA594C80 49] iPhone11Pro, [00000243E0CBD500][00000243DA598E00 49] iPhone11ProMax, [00000243E0CA7A00][00000243DA59CF80 49] iPhoneSE2, [00000243E0CBC400][00000243DA5A1100 49] iPhone12Mini, [00000243E0CA5200][00000243DA5A5280 49] iPhone12, [00000243E0CBFC00][00000243DA5A9400 49] iPhone12Pro, [00000243E0CA6000][00000243DA5AD580 49] iPhone12ProMax, [00000243E0CBEC00][00000243DA5B1700 49] iPadPro105, [00000243E0D3E100][00000243DA5B5880 49] iPadPro129, [00000243E0CBD100][00000243DA5719C0 49] iPadPro97, [00000243E0D3D000][00000243DA5B9B00 49] iPadPro2_129, [00000243E0CBCD00][00000243DA5BC0C0 49] iPad5, [00000243E0D3DD00][00000243DA5C4240 49] iPad6, [00000243E0CBC600][00000243DA5C83C0 49] iPad7, [00000243E0D3EE00][00000243DA5CC540 49] iPad8, [00000243E0CBF100][00000243DA5D06C0 49] iPadPro11, [00000243E0D3DB00][00000243DA5D4840 49] iPadPro2_11, [00000243E0CBCA00][00000243DA5D89C0 49] iPadPro3_129, [00000243E0D3E200][00000243DA5DCB40 49] iPadPro4_129, [00000243E0CBED00][00000243DA5E0CC0 49] AppleTV, [00000243E0D3C100][00000243DA5E4E40 49] AppleTV4K, [00000243E0CBE600][00000243DA5E8FC0 49] TVOS, [00000243E0D3D500][00000243DA5ED140 49] Mac, [00000243E0CBF600][00000243DA5F12C0 49] MacClient, [00000243E0D3DF00][00000243DA5F5440 49] MacNoEditor, [00000243E0CBFF00][00000243DA5F95C0 49] MacServer, [00000243E0D3FA00][00000243DA5FD740 49] Linux, [00000243E0CBDC00][00000243D81038C0 49] LinuxAArch64, [00000243E0D3F800][00000243D8107A40 49] LinuxNoEditor, [00000243E0CBE400][00000243DA5C1B80 49] LinuxAArch64NoEditor, [00000243E0D3F500][00000243D810A140 49] LinuxClient, [00000243E0CBD300][00000243D810E280 49] LinuxAArch64Client, [00000243E0D3C900][00000243D81123C0 49] LinuxServer, [00000243E0CBD200][00000243D811A540 49] LinuxAArch64Server, [00000243E0D3F600][00000243D811E6C0 49] Android, [00000243E0CBD900][00000243D8122840 49] Android_Low, [00000243E0D3E700][00000243D81269C0 49] Android_Mid, [00000243E0CBEE00][00000243D812AB40 49] Android_High, [00000243E0D3E000][00000243D812ECC0 49] Android_Default, [00000243E0CBE800][00000243D8132E40 49] Android_Adreno4xx, [00000243E0D3CB00][00000243D8136FC0 49] Android_Adreno5xx_Low, [00000243E0CBEF00][00000243D813B140 49] Android_Adreno5xx, [00000243E0D3C300][00000243D813F2C0 49] Android_Adreno6xx, [00000243E0CBF200][00000243D8143440 49] Android_Adreno6xx_Vulkan, [00000243E0D3C500][00000243D81475C0 49] Android_Mali_T6xx, [00000243E0CBEB00][00000243D814B740 49] Android_Mali_T7xx, [00000243E0D3C600][00000243D814F8C0 49] Android_Mali_T8xx, [00000243E0CBC700][00000243D8153A40 49] Android_Mali_G71, [00000243E0D3FC00][00000243D8157BC0 49] Android_Mali_G72, [00000243E0CBDF00][00000243D8116180 49] Android_Mali_G72_Vulkan, [00000243E0D3F100][00000243D815A2C0 49] Android_Mali_G76, [00000243E0CBDE00][00000243D815E400 49] Android_Mali_G76_Vulkan, [00000243E0D3CA00][00000243D8162540 49] Android_Mali_G77, [00000243E0CBC900][00000243D816A6C0 49] Android_Mali_G77_Vulkan, [00000243E0D3D800][00000243D816E840 49] Android_Mali_G78, [00000243E0CBFD00][00000243D81729C0 49] Android_Mali_G78_Vulkan, [00000243E0D05D00][00000243D8176B40 49] Android_Mali_G710, [00000243E0CA6F00][00000243D817ACC0 49] Android_Mali_G710_Vulkan, [00000243E0D07200][00000243D817EE40 49] Android_Vulkan_SM5, [00000243E0CA6B00][00000243D8182FC0 49] Android_PowerVR_G6xxx, [00000243E0D04400][00000243D8187140 49] Android_PowerVR_GT7xxx, [00000243E0CA6700][00000243D818B2C0 49] Android_PowerVR_GE8xxx, [00000243E0D04600][00000243D818F440 49] Android_PowerVR_GM9xxx, [00000243E0CA6800][00000243D81935C0 49] Android_PowerVR_GM9xxx_Vulkan, [00000243E0D07D00][00000243D8197740 49] Android_TegraK1, [00000243E0CA7400][00000243D819B8C0 49] Android_Unknown_Vulkan, [00000243E0D04700][00000243D819FA40 49] Lumin, [00000243E0CA6D00][00000243D81A3BC0 49] Lumin_Desktop, [00000243E0D05600][00000243D81A61C0 49] HoloLens, 
[2022.01.12-12.43.50:485][  0]LogMeshReduction: Using QuadricMeshReduction for automatic static mesh reduction
[2022.01.12-12.43.50:485][  0]LogMeshReduction: Using SimplygonMeshReduction for automatic skeletal mesh reduction
[2022.01.12-12.43.50:485][  0]LogMeshReduction: Using ProxyLODMeshReduction for automatic mesh merging
[2022.01.12-12.43.50:485][  0]LogMeshReduction: No distributed automatic mesh merging module available
[2022.01.12-12.43.50:497][  0]LogMeshMerging: No distributed automatic mesh merging module available
[2022.01.12-12.43.50:841][  0]LogNetVersion: JLK 1.0.0, NetCL: 17155196, EngineNetVer: 17, GameNetVer: 0 (Checksum: 2244581474)
[2022.01.12-12.43.54:099][  0]LogTexture: Default maximum texture size for cubemaps generated from long-lat sources has been changed from 512 to unlimited. In order to preserve old behaiour for '/Engine/MapTemplates/Sky/DaylightAmbientCubemap.DaylightAmbientCubemap', its maximum texture size has been explicitly set to 512.
[2022.01.12-12.43.54:326][  0]LogHMD: PokeAHoleMaterial loaded successfully
[2022.01.12-12.43.55:445][  0]LogMoviePlayer: Initializing movie player
[2022.01.12-12.43.56:083][  0]LogNiagaraDebuggerClient: Niagara Debugger Client Initialized | Session: 3000E88B4044E3A2BE1FEDA544680AA8 | Instance: 6BE2C7DB49CF7692972B4881B0003AFA (5-304-ITD16-4360).
[2022.01.12-12.43.56:391][  0]LogCollectionManager: Loaded 0 collections in 0.000772 seconds
[2022.01.12-12.43.56:403][  0]LogFileCache: Scanning file cache for directory 'D:/EPgLa/JLPFolder/JLK/Saved/Collections/' took 0.00s
[2022.01.12-12.43.56:403][  0]LogFileCache: Scanning file cache for directory 'D:/EPgLa/JLPFolder/JLK/Content/Developers/User/Collections/' took 0.00s
[2022.01.12-12.43.56:403][  0]LogFileCache: Scanning file cache for directory 'D:/EPgLa/JLPFolder/JLK/Content/Collections/' took 0.00s
[2022.01.12-12.43.56:403][  0]LogCollectionManager: Fixed up redirectors for 0 collections in 0.000002 seconds (updated 0 objects)
[2022.01.12-12.43.56:732][  0]LogPython: Using Python 3.7.7
[2022.01.12-12.43.58:040][  0]LogTcpMessaging: Initializing TcpMessaging bridge
[2022.01.12-12.43.58:061][  0]LogUdpMessaging: Initializing bridge on interface 0.0.0.0:0 to multicast group 230.0.0.1:6666.
[2022.01.12-12.43.58:509][  0]SourceControl: Source control is disabled
[2022.01.12-12.43.58:509][  0]SourceControl: Source control is disabled
[2022.01.12-12.43.58:524][  0]SourceControl: Source control is disabled
[2022.01.12-12.43.58:538][  0]LogUProjectInfo: Found projects:
[2022.01.12-12.43.58:556][  0]LogVSAccessor: Display: Unable to create Visual Studio setup instance: 80040154
[2022.01.12-12.43.58:557][  0]LogVSAccessor: Display: Unable to create Visual Studio setup instance: 80040154
[2022.01.12-12.43.58:558][  0]LogVSAccessor: Display: Unable to create Visual Studio setup instance: 80040154
[2022.01.12-12.43.58:980][  0]LogOpenImageDenoise: OIDN starting up
[2022.01.12-12.43.59:122][  0]LogAndroidPermission: UAndroidPermissionCallbackProxy::GetInstance
[2022.01.12-12.43.59:225][  0]LogAudioCaptureCore: Display: No Audio Capture implementations found. Audio input will be silent.
[2022.01.12-12.43.59:225][  0]LogAudioCaptureCore: Display: No Audio Capture implementations found. Audio input will be silent.
[2022.01.12-12.43.59:497][  0]LogOcInput: OculusInput pre-init called
[2022.01.12-12.43.59:520][  0]LogUObjectArray: 22121 objects as part of root set at end of initial load.
[2022.01.12-12.43.59:520][  0]LogUObjectAllocator: 5975632 out of 0 bytes used by permanent object pool.
[2022.01.12-12.43.59:520][  0]LogUObjectArray: CloseDisregardForGC: 0/0 objects in disregard for GC pool
[2022.01.12-12.44.00:028][  0]LogEngine: Initializing Engine...
[2022.01.12-12.44.00:091][  0]LogHMD: Failed to enumerate extensions. Please check that you have a valid OpenXR runtime installed.
[2022.01.12-12.44.00:091][  0]LogHMD: Failed to initialize OpenVR with code 110
[2022.01.12-12.44.00:091][  0]LogMagicLeap: Warning: VR disabled because ZI is not enabled.  To enable, in the editor, Edit -> Project Settings -> Plugins -> Magic Leap Plugin -> Enable Zero Iteration
[2022.01.12-12.44.00:114][  0]LogStats: UGameplayTagsManager::InitializeManager -  0.022 s
[2022.01.12-12.44.00:485][  0]LogInit: Initializing FReadOnlyCVARCache
[2022.01.12-12.44.00:485][  0]LogAudio: Display: Initializing Audio Device Manager...
[2022.01.12-12.44.00:506][  0]LogAudio: Display: Loading Default Audio Settings Objects...
[2022.01.12-12.44.00:526][  0]LogAudio: Display: No default SoundConcurrencyObject specified (or failed to load).
[2022.01.12-12.44.00:580][  0]LogAudio: Display: Audio Device Manager Initialized
[2022.01.12-12.44.00:580][  0]LogAudio: Display: Creating Audio Device:                 Id: 1, Scope: Shared, Realtime: True
[2022.01.12-12.44.00:587][  0]LogAudioMixer: Display: Audio Mixer Platform Settings:
[2022.01.12-12.44.00:587][  0]LogAudioMixer: Display: 	Sample Rate:						  48000
[2022.01.12-12.44.00:587][  0]LogAudioMixer: Display: 	Callback Buffer Frame Size Requested: 1024
[2022.01.12-12.44.00:587][  0]LogAudioMixer: Display: 	Callback Buffer Frame Size To Use:	  1024
[2022.01.12-12.44.00:587][  0]LogAudioMixer: Display: 	Number of buffers to queue:			  2
[2022.01.12-12.44.00:587][  0]LogAudioMixer: Display: 	Max Channels (voices):				  32
[2022.01.12-12.44.00:587][  0]LogAudioMixer: Display: 	Number of Async Source Workers:		  0
[2022.01.12-12.44.00:587][  0]LogAudio: Display: AudioDevice MaxSources: 32
[2022.01.12-12.44.00:595][  0]LogAudio: Display: Audio Spatialization Plugin: None (built-in).
[2022.01.12-12.44.00:595][  0]LogAudio: Display: Audio Reverb Plugin: None (built-in).
[2022.01.12-12.44.00:595][  0]LogAudio: Display: Audio Occlusion Plugin: None (built-in).
[2022.01.12-12.44.00:595][  0]LogAudioMixer: Display: Initializing audio mixer.
[2022.01.12-12.44.00:680][  0]LogAudioMixer: Display: 0: FrontLeft
[2022.01.12-12.44.00:680][  0]LogAudioMixer: Display: 1: FrontRight
[2022.01.12-12.44.00:713][  0]LogAudioMixer: Display: Using Audio Device Динамики (Realtek High Definition Audio)
[2022.01.12-12.44.00:714][  0]LogAudioMixer: Display: Initializing Sound Submixes...
[2022.01.12-12.44.00:737][  0]LogAudioMixer: Display: Creating Master Submix 'MasterSubmixDefault'
[2022.01.12-12.44.00:737][  0]LogAudioMixer: Display: Creating Master Submix 'MasterReverbSubmixDefault'
[2022.01.12-12.44.00:752][  0]LogAudioMixer: Display: Creating Master Submix 'MasterEQSubmixDefault'
[2022.01.12-12.44.00:752][  0]LogAudioMixer: FMixerPlatformXAudio2::StartAudioStream() called
[2022.01.12-12.44.00:752][  0]LogAudioMixer: Display: Output buffers initialized: Frames=1024, Channels=2, Samples=2048
[2022.01.12-12.44.00:753][  0]LogAudioMixer: Display: Starting AudioMixerPlatformInterface::RunInternal()
[2022.01.12-12.44.00:753][  0]LogAudioMixer: Display: FMixerPlatformXAudio2::SubmitBuffer() called for the first time
[2022.01.12-12.44.00:753][  0]LogInit: FAudioDevice initialized.
[2022.01.12-12.44.00:769][  0]LogNetVersion: Set ProjectVersion to 1.0.0.0. Version Checksum will be recalculated on next use.
[2022.01.12-12.44.00:771][  0]LogInit: Texture streaming: Enabled
[2022.01.12-12.44.01:467][  0]LogAudio: Display: Audio Device (ID: 1) registered with world 'Untitled'.
[2022.01.12-12.44.01:487][  0]LogSlate: Updating window title bar state: overlay mode, drag disabled, window buttons hidden, title bar hidden
[2022.01.12-12.44.01:488][  0]LogInit: Display: Game Engine Initialized.
[2022.01.12-12.44.01:506][  0]LogNiagaraEditor: GEditor isn't valid! Particle reset commands will not work for Niagara components!
[2022.01.12-12.44.02:020][  0]LogInit: Display: Starting Game.
[2022.01.12-12.44.02:027][  0]LogNet: Browse: /Game/FirstPersonBP/Maps/OfficeScene?Name=Player
[2022.01.12-12.44.02:027][  0]LogLoad: LoadMap: /Game/FirstPersonBP/Maps/OfficeScene?Name=Player
[2022.01.12-12.44.02:028][  0]LogWorld: BeginTearingDown for /Temp/Untitled_0
[2022.01.12-12.44.02:029][  0]LogWorld: UWorld::CleanupWorld for Untitled, bSessionEnded=true, bCleanupResources=true
[2022.01.12-12.44.02:029][  0]LogSlate: InvalidateAllWidgets triggered.  All widgets were invalidated
[2022.01.12-12.44.02:042][  0]LogAudio: Display: Audio Device unregistered from world 'None'.
[2022.01.12-12.44.02:045][  0]LogUObjectHash: Compacting FUObjectHashTables data took   0.83ms
[2022.01.12-12.44.02:913][  0]LogUObjectGlobals: Warning: [AssetLog] D:\EPgLa\JLPFolder\JLK\Content\models\interior\closet\wardrobe.uasset: Failed to load '/Game/models/interior/closet/None': Can't find file.
[2022.01.12-12.44.02:913][  0]LogUObjectGlobals: Warning: [AssetLog] D:\EPgLa\JLPFolder\JLK\Content\models\interior\closet\wardrobe.uasset: Failed to load '/Game/models/interior/closet/None': Can't find file.
[2022.01.12-12.44.05:853][  0]LogAudio: Display: Audio Device (ID: 1) registered with world 'OfficeScene'.
[2022.01.12-12.44.05:996][  0]LogAIModule: Creating AISystem for world OfficeScene
[2022.01.12-12.44.06:002][  0]LogLoad: Game class is 'FirstPersonGameMode_C'
[2022.01.12-12.44.06:159][  0]LogWorld: Bringing World /Game/FirstPersonBP/Maps/OfficeScene.OfficeScene up for play (max tick rate 0) at 2022.01.12-15.44.06
[2022.01.12-12.44.06:226][  0]LogWorld: Bringing up level for play took: 0.218515
[2022.01.12-12.44.06:289][  0]LogGameMode: FindPlayerStart: PATHS NOT DEFINED or NO PLAYERSTART with positive rating
[2022.01.12-12.44.06:549][  0]LogLoad: Took 4.511942 seconds to LoadMap(/Game/FirstPersonBP/Maps/OfficeScene)
[2022.01.12-12.44.06:764][  0]LogRenderer: Reallocating scene render targets to support 1280x720 Format 10 NumSamples 1 (Frame:1).
[2022.01.12-12.44.06:764][  0]LogSlate: Took 0.025614 seconds to synchronously load lazily loaded font '../../../Engine/Content/Slate/Fonts/Roboto-Regular.ttf' (155K)
[2022.01.12-12.44.07:090][  0]LogInit: Display: Engine is initialized. Leaving FEngineLoop::Init()
[2022.01.12-12.44.07:090][  0]LogLoad: (Engine Initialization) Total time: 37.64 seconds
[2022.01.12-12.44.07:090][  0]LogLoad: (Engine Initialization) Total Blueprint compile time: 0.00 seconds
[2022.01.12-12.44.07:254][  0]LogContentStreaming: Texture pool size now 1000 MB
[2022.01.12-12.44.07:300][  0]LogSlate: InvalidateAllWidgets triggered.  All widgets were invalidated
[2022.01.12-12.44.07:577][  1]LogSlate: Took 0.000251 seconds to synchronously load lazily loaded font '../../../Engine/Content/Slate/Fonts/Roboto-Regular.ttf' (155K)
[2022.01.12-13.02.31:903][ 61]LogScript: Warning: Accessed None trying to read property CallFunc_Create_ReturnValue
	FirstPersonCharacter_C /Game/FirstPersonBP/Maps/OfficeScene.OfficeScene:PersistentLevel.FirstPersonCharacter_C_1
	Function /Game/FirstPersonBP/Blueprints/FirstPersonCharacter.FirstPersonCharacter_C:ExecuteUbergraph_FirstPersonCharacter:015D
[2022.01.12-13.02.31:903][ 61]LogScript: Warning: Script call stack:
	Function /Game/FirstPersonBP/Blueprints/FirstPersonCharacter.FirstPersonCharacter_C:InpActEvt_Escape_K2Node_InputKeyEvent_0
	Function /Game/FirstPersonBP/Blueprints/FirstPersonCharacter.FirstPersonCharacter_C:ExecuteUbergraph_FirstPersonCharacter

[2022.01.12-13.09.36:295][264]LogScript: Warning: Accessed None trying to read property CallFunc_Create_ReturnValue
	FirstPersonCharacter_C /Game/FirstPersonBP/Maps/OfficeScene.OfficeScene:PersistentLevel.FirstPersonCharacter_C_1
	Function /Game/FirstPersonBP/Blueprints/FirstPersonCharacter.FirstPersonCharacter_C:ExecuteUbergraph_FirstPersonCharacter:015D
[2022.01.12-13.09.36:295][264]LogScript: Warning: Script call stack:
	Function /Game/FirstPersonBP/Blueprints/FirstPersonCharacter.FirstPersonCharacter_C:InpActEvt_Escape_K2Node_InputKeyEvent_0
	Function /Game/FirstPersonBP/Blueprints/FirstPersonCharacter.FirstPersonCharacter_C:ExecuteUbergraph_FirstPersonCharacter

[2022.01.12-13.09.49:809][255]Closing by request
[2022.01.12-13.09.49:809][255]LogWindows: FPlatformMisc::RequestExit(0)
[2022.01.12-13.09.49:809][255]LogWindows: FPlatformMisc::RequestExitWithStatus(0, 0)
[2022.01.12-13.09.49:809][255]LogCore: Engine exit requested (reason: Win RequestExit)
[2022.01.12-13.09.49:810][256]LogCore: Engine exit requested (reason: EngineExit() was called; note: exit was already requested)
[2022.01.12-13.09.49:817][256]LogInit: Display: PreExit Game.
[2022.01.12-13.09.49:871][256]LogWorld: BeginTearingDown for /Game/FirstPersonBP/Maps/OfficeScene
[2022.01.12-13.09.49:909][256]LogWorld: UWorld::CleanupWorld for OfficeScene, bSessionEnded=true, bCleanupResources=true
[2022.01.12-13.09.49:919][256]LogSlate: InvalidateAllWidgets triggered.  All widgets were invalidated
[2022.01.12-13.09.51:008][256]LogAudio: Display: Beginning Audio Device Manager Shutdown (Module: AudioMixerXAudio2)...
[2022.01.12-13.09.51:008][256]LogAudio: Display: Destroying 1 Remaining Audio Device(s)...
[2022.01.12-13.09.51:015][256]LogAudio: Display: Audio Device unregistered from world 'OfficeScene'.
[2022.01.12-13.09.51:071][256]LogAudioMixer: FMixerPlatformXAudio2::StopAudioStream() called
[2022.01.12-13.09.51:074][256]LogAudioMixer: FMixerPlatformXAudio2::StopAudioStream() called
[2022.01.12-13.09.51:100][256]LogAudio: Display: Audio Device Manager Shutdown
[2022.01.12-13.09.51:119][256]LogSlate: Window 'JLK (64-bit Development PCD3D_SM5) ' being destroyed
[2022.01.12-13.09.51:154][256]LogExit: Preparing to exit.
[2022.01.12-13.09.51:970][256]LogUObjectHash: Compacting FUObjectHashTables data took  11.18ms
[2022.01.12-13.09.52:075][256]LogMoviePlayer: Shutting down movie player
[2022.01.12-13.09.52:674][256]LogSlate: Updating window title bar state: overlay mode, drag disabled, window buttons hidden, title bar hidden
[2022.01.12-13.09.52:787][256]LogDemo: Cleaned up 0 splitscreen connections with owner deletion
[2022.01.12-13.09.52:944][256]LogExit: Game engine shut down
[2022.01.12-13.09.54:724][256]LogExit: Object subsystem successfully closed.
[2022.01.12-13.09.54:731][256]LogShaderCompilers: Display: === FShaderJobCache stats ===
[2022.01.12-13.09.54:731][256]LogShaderCompilers: Display: Total job queries 0, among them cache hits 0 (0.00%)
[2022.01.12-13.09.54:731][256]LogShaderCompilers: Display: Tracking 0 distinct input hashes that result in 0 distinct outputs (0.00%)
[2022.01.12-13.09.54:742][256]LogShaderCompilers: Display: RAM used: 0.00 MB (0.00 GB) of 409.60 MB (0.40 GB) budget. Usage: 0.00%
[2022.01.12-13.09.54:742][256]LogShaderCompilers: Display: ================================================
[2022.01.12-13.09.54:892][256]LogShaderCompilers: Display: Shaders left to compile 0
[2022.01.12-13.09.56:152][256]LogModuleManager: Shutting down and abandoning module SequenceRecorderSections (560)
[2022.01.12-13.09.56:152][256]LogModuleManager: Shutting down and abandoning module SequenceRecorder (558)
[2022.01.12-13.09.56:160][256]LogModuleManager: Shutting down and abandoning module AutomationController (556)
[2022.01.12-13.09.56:174][256]LogModuleManager: Shutting down and abandoning module AutomationWorker (554)
[2022.01.12-13.09.56:182][256]LogModuleManager: Shutting down and abandoning module Voice (552)
[2022.01.12-13.09.56:189][256]LogModuleManager: Shutting down and abandoning module AIModule (550)
[2022.01.12-13.09.56:200][256]LogModuleManager: Shutting down and abandoning module GameplayDebugger (549)
[2022.01.12-13.09.56:210][256]LogModuleManager: Shutting down and abandoning module AITestSuite (547)
[2022.01.12-13.09.56:218][256]LogModuleManager: Shutting down and abandoning module NavigationSystem (545)
[2022.01.12-13.09.56:218][256]LogModuleManager: Shutting down and abandoning module AnimGraph (542)
[2022.01.12-13.09.56:230][256]LogModuleManager: Shutting down and abandoning module SteamVREditor (540)
[2022.01.12-13.09.56:230][256]LogModuleManager: Shutting down and abandoning module ToolMenus (539)
[2022.01.12-13.09.56:230][256]LogModuleManager: Shutting down and abandoning module OculusMR (536)
[2022.01.12-13.09.56:230][256]LogModuleManager: Shutting down and abandoning module TakeRecorderSources (534)
[2022.01.12-13.09.56:270][256]LogModuleManager: Shutting down and abandoning module TakeRecorder (533)
[2022.01.12-13.09.56:272][256]LogModuleManager: Shutting down and abandoning module TakeTrackRecorders (530)
[2022.01.12-13.09.56:283][256]LogModuleManager: Shutting down and abandoning module TakesCore (528)
[2022.01.12-13.09.56:283][256]LogModuleManager: Shutting down and abandoning module OpenXRInput (526)
[2022.01.12-13.09.56:283][256]LogModuleManager: Shutting down and abandoning module WebMMediaFactory (524)
[2022.01.12-13.09.56:283][256]LogModuleManager: Shutting down and abandoning module WebMMedia (522)
[2022.01.12-13.09.56:289][256]LogModuleManager: Shutting down and abandoning module WmfMediaFactory (520)
[2022.01.12-13.09.56:289][256]LogModuleManager: Shutting down and abandoning module OpenExrWrapper (518)
[2022.01.12-13.09.56:289][256]LogModuleManager: Shutting down and abandoning module ImgMediaFactory (516)
[2022.01.12-13.09.56:289][256]LogModuleManager: Shutting down and abandoning module AvfMediaFactory (514)
[2022.01.12-13.09.56:289][256]LogModuleManager: Shutting down and abandoning module MagicLeapMediaCodecFactory (512)
[2022.01.12-13.09.56:289][256]LogModuleManager: Shutting down and abandoning module MagicLeapMediaFactory (510)
[2022.01.12-13.09.56:289][256]LogModuleManager: Shutting down and abandoning module PlanarCut (508)
[2022.01.12-13.09.56:301][256]LogModuleManager: Shutting down and abandoning module CharacterAI (506)
[2022.01.12-13.09.56:301][256]LogModuleManager: Shutting down and abandoning module SessionServices (504)
[2022.01.12-13.09.56:301][256]LogModuleManager: Shutting down and abandoning module MovieSceneCapture (502)
[2022.01.12-13.09.56:314][256]LogModuleManager: Shutting down and abandoning module LiveCoding (500)
[2022.01.12-13.09.56:319][256]LogModuleManager: Shutting down and abandoning module LevelSequence (498)
[2022.01.12-13.09.56:328][256]LogModuleManager: Shutting down and abandoning module MovieSceneTracks (496)
[2022.01.12-13.09.56:328][256]LogModuleManager: Shutting down and abandoning module MovieScene (494)
[2022.01.12-13.09.56:350][256]LogModuleManager: Shutting down and abandoning module StreamingPauseRendering (492)
[2022.01.12-13.09.56:356][256]LogModuleManager: Shutting down and abandoning module PortalServices (490)
[2022.01.12-13.09.56:356][256]LogModuleManager: Shutting down and abandoning module PortalRpc (488)
[2022.01.12-13.09.56:356][256]LogModuleManager: Shutting down and abandoning module MessagingRpc (486)
[2022.01.12-13.09.56:356][256]LogModuleManager: Shutting down and abandoning module AudioMixerXAudio2 (484)
[2022.01.12-13.09.56:356][256]LogModuleManager: Shutting down and abandoning module AudioMixerCore (483)
[2022.01.12-13.09.56:356][256]LogModuleManager: Shutting down and abandoning module ImageWriteQueue (480)
[2022.01.12-13.09.56:356][256]LogModuleManager: Shutting down and abandoning module ProfilerService (478)
[2022.01.12-13.09.56:379][256]LogModuleManager: Shutting down and abandoning module TaskGraph (476)
[2022.01.12-13.09.56:388][256]LogModuleManager: Shutting down and abandoning module OculusInput (474)
[2022.01.12-13.09.56:388][256]LogModuleManager: Shutting down and abandoning module TakeMovieScene (472)
[2022.01.12-13.09.56:388][256]LogModuleManager: Shutting down and abandoning module Synthesis (470)
[2022.01.12-13.09.56:404][256]LogModuleManager: Shutting down and abandoning module ProceduralMeshComponent (468)
[2022.01.12-13.09.56:405][256]LogModuleManager: Shutting down and abandoning module MobilePatchingUtils (466)
[2022.01.12-13.09.56:405][256]LogModuleManager: Shutting down and abandoning module GooglePAD (464)
[2022.01.12-13.09.56:405][256]LogModuleManager: Shutting down and abandoning module EditableMesh (462)
[2022.01.12-13.09.56:413][256]LogModuleManager: Shutting down and abandoning module CustomMeshComponent (460)
[2022.01.12-13.09.56:413][256]LogModuleManager: Shutting down and abandoning module CableComponent (458)
[2022.01.12-13.09.56:413][256]LogModuleManager: Shutting down and abandoning module AudioCapture (456)
[2022.01.12-13.09.56:413][256]LogModuleManager: Shutting down and abandoning module AudioCaptureRtAudio (455)
[2022.01.12-13.09.56:422][256]LogModuleManager: Shutting down and abandoning module AssetTags (452)
[2022.01.12-13.09.56:422][256]LogModuleManager: Shutting down and abandoning module ArchVisCharacter (450)
[2022.01.12-13.09.56:422][256]LogModuleManager: Shutting down and abandoning module AppleImageUtilsBlueprintSupport (448)
[2022.01.12-13.09.56:422][256]LogModuleManager: Shutting down and abandoning module AppleImageUtils (446)
[2022.01.12-13.09.56:422][256]LogModuleManager: Shutting down and abandoning module AndroidPermission (444)
[2022.01.12-13.09.56:422][256]LogModuleManager: Shutting down and abandoning module ActorLayerUtilities (442)
[2022.01.12-13.09.56:422][256]LogModuleManager: Shutting down and abandoning module TemplateSequence (440)
[2022.01.12-13.09.56:431][256]LogModuleManager: Shutting down and abandoning module MediaCompositing (438)
[2022.01.12-13.09.56:431][256]LogModuleManager: Shutting down and abandoning module ImgMedia (436)
[2022.01.12-13.09.56:431][256]LogModuleManager: Shutting down and abandoning module MagicLeapSharedWorld (434)
[2022.01.12-13.09.56:431][256]LogModuleManager: Shutting down and abandoning module MagicLeapLightEstimation (432)
[2022.01.12-13.09.56:431][256]LogModuleManager: Shutting down and abandoning module MagicLeapHelperVulkan (430)
[2022.01.12-13.09.56:431][256]LogModuleManager: Shutting down and abandoning module MagicLeapHelperOpenGL (428)
[2022.01.12-13.09.56:431][256]LogModuleManager: Shutting down and abandoning module MagicLeapAudio (426)
[2022.01.12-13.09.56:441][256]LogModuleManager: Shutting down and abandoning module OpenImageDenoise (424)
[2022.01.12-13.09.56:441][256]LogOpenImageDenoise: OIDN shutting down
[2022.01.12-13.09.56:441][256]LogModuleManager: Shutting down and abandoning module MotoSynth (422)
[2022.01.12-13.09.56:441][256]LogModuleManager: Shutting down and abandoning module MeshConversion (420)
[2022.01.12-13.09.56:452][256]LogModuleManager: Shutting down and abandoning module DynamicMesh (418)
[2022.01.12-13.09.56:462][256]LogModuleManager: Shutting down and abandoning module GeometryAlgorithms (416)
[2022.01.12-13.09.56:467][256]LogModuleManager: Shutting down and abandoning module GeometricObjects (414)
[2022.01.12-13.09.56:501][256]LogModuleManager: Shutting down and abandoning module GeometryCollectionTracks (412)
[2022.01.12-13.09.56:501][256]LogModuleManager: Shutting down and abandoning module GeometryCollectionSequencer (411)
[2022.01.12-13.09.56:504][256]LogModuleManager: Shutting down and abandoning module GeometryCacheTracks (408)
[2022.01.12-13.09.56:505][256]LogModuleManager: Shutting down and abandoning module GeometryCacheSequencer (407)
[2022.01.12-13.09.56:505][256]LogModuleManager: Shutting down and abandoning module GeometryCache (404)
[2022.01.12-13.09.56:505][256]LogModuleManager: Shutting down and abandoning module GeometryCacheEd (403)
[2022.01.12-13.09.56:505][256]LogModuleManager: Shutting down and abandoning module ChaosNiagara (400)
[2022.01.12-13.09.56:514][256]LogModuleManager: Shutting down and abandoning module FieldSystemEngine (399)
[2022.01.12-13.09.56:514][256]LogModuleManager: Shutting down and abandoning module AutomationUtils (396)
[2022.01.12-13.09.56:514][256]LogModuleManager: Shutting down and abandoning module BackChannel (394)
[2022.01.12-13.09.56:518][256]LogModuleManager: Shutting down and abandoning module VisualStudioSourceCodeAccess (392)
[2022.01.12-13.09.56:518][256]LogModuleManager: Shutting down and abandoning module HotReload (391)
[2022.01.12-13.09.56:524][256]LogModuleManager: Shutting down and abandoning module VisualStudioCodeSourceCodeAccess (388)
[2022.01.12-13.09.56:524][256]LogModuleManager: Shutting down and abandoning module UObjectPlugin (386)
[2022.01.12-13.09.56:524][256]LogModuleManager: Shutting down and abandoning module SubversionSourceControl (384)
[2022.01.12-13.09.56:536][256]LogModuleManager: Shutting down and abandoning module PerforceSourceControl (382)
[2022.01.12-13.09.56:544][256]LogModuleManager: Shutting down and abandoning module SourceControl (381)
[2022.01.12-13.09.56:555][256]LogModuleManager: Shutting down and abandoning module CLionSourceCodeAccess (378)
[2022.01.12-13.09.56:555][256]LogModuleManager: Shutting down and abandoning module OodleNetworkHandlerComponent (376)
[2022.01.12-13.09.56:555][256]LogModuleManager: Shutting down and abandoning module LiveLinkSequencer (374)
[2022.01.12-13.09.56:555][256]LogModuleManager: Shutting down and abandoning module LiveLinkMovieScene (372)
[2022.01.12-13.09.56:555][256]LogModuleManager: Shutting down and abandoning module LiveLinkGraphNode (370)
[2022.01.12-13.09.56:555][256]LogModuleManager: Shutting down and abandoning module LiveLinkComponents (368)
[2022.01.12-13.09.56:555][256]LogModuleManager: Shutting down and abandoning module LiveLink (366)
[2022.01.12-13.09.57:219][256]LogModuleManager: Shutting down and abandoning module SignificanceManager (364)
[2022.01.12-13.09.57:219][256]LogModuleManager: Shutting down and abandoning module SoundFields (362)
[2022.01.12-13.09.57:219][256]LogModuleManager: Shutting down and abandoning module RuntimePhysXCooking (360)
[2022.01.12-13.09.57:219][256]LogModuleManager: Shutting down and abandoning module PropertyAccessEditor (358)
[2022.01.12-13.09.57:244][256]LogModuleManager: Shutting down and abandoning module PhysXVehiclesEditor (356)
[2022.01.12-13.09.57:244][256]LogModuleManager: Shutting down and abandoning module LocationServicesBPLibrary (352)
[2022.01.12-13.09.57:244][256]LogModuleManager: Shutting down and abandoning module AudioSynesthesia (350)
[2022.01.12-13.09.57:255][256]LogModuleManager: Shutting down and abandoning module AudioSynesthesiaCore (348)
[2022.01.12-13.09.57:255][256]LogModuleManager: Shutting down and abandoning module UdpMessaging (346)
[2022.01.12-13.09.57:355][256]LogModuleManager: Shutting down and abandoning module TcpMessaging (344)
[2022.01.12-13.09.57:466][256]LogModuleManager: Shutting down and abandoning module ActorSequence (342)
[2022.01.12-13.09.57:466][256]LogModuleManager: Shutting down and abandoning module ImgMediaEngine (340)
[2022.01.12-13.09.57:466][256]LogModuleManager: Shutting down and abandoning module MagicLeapARPin (338)
[2022.01.12-13.09.57:466][256]LogModuleManager: Shutting down and abandoning module MagicLeapHandMeshing (336)
[2022.01.12-13.09.57:466][256]LogModuleManager: Shutting down and abandoning module MagicLeapSecureStorage (334)
[2022.01.12-13.09.57:466][256]LogModuleManager: Shutting down and abandoning module MagicLeapPrivileges (332)
[2022.01.12-13.09.57:470][256]LogModuleManager: Shutting down and abandoning module MagicLeapPlanes (330)
[2022.01.12-13.09.57:480][256]LogMagicLeapPlanes: Planes tracker already destroyed.
[2022.01.12-13.09.57:480][256]LogModuleManager: Shutting down and abandoning module MagicLeapImageTracker (328)
[2022.01.12-13.09.57:480][256]LogModuleManager: Shutting down and abandoning module MagicLeapIdentity (326)
[2022.01.12-13.09.57:480][256]LogModuleManager: Shutting down and abandoning module MagicLeapHandTracking (324)
[2022.01.12-13.09.57:485][256]LogModuleManager: Shutting down and abandoning module MagicLeapEyeTracker (322)
[2022.01.12-13.09.57:485][256]LogModuleManager: Shutting down and abandoning module MagicLeapController (320)
[2022.01.12-13.09.57:485][256]LogModuleManager: Shutting down and abandoning module MagicLeapARPinImpl (318)
[2022.01.12-13.09.57:485][256]LogModuleManager: Shutting down and abandoning module MagicLeapAR (316)
[2022.01.12-13.09.57:485][256]LogModuleManager: Shutting down and abandoning module PythonScriptPlugin (314)
[2022.01.12-13.09.57:485][256]LogModuleManager: Shutting down and abandoning module NiagaraAnimNotifies (312)
[2022.01.12-13.09.57:485][256]LogModuleManager: Shutting down and abandoning module Niagara (310)
[2022.01.12-13.09.57:507][256]LogModuleManager: Shutting down and abandoning module SignalProcessing (309)
[2022.01.12-13.09.57:507][256]LogModuleManager: Shutting down and abandoning module NiagaraEditor (307)
[2022.01.12-13.09.57:524][256]LogModuleManager: Shutting down and abandoning module ContentBrowser (306)
[2022.01.12-13.09.57:524][256]LogModuleManager: Shutting down and abandoning module CollectionManager (305)
[2022.01.12-13.09.57:535][256]LogModuleManager: Shutting down and abandoning module DirectoryWatcher (304)
[2022.01.12-13.09.57:535][256]LogModuleManager: Shutting down and abandoning module ContentBrowserData (301)
[2022.01.12-13.09.57:535][256]LogModuleManager: Shutting down and abandoning module NiagaraCore (296)
[2022.01.12-13.09.57:535][256]LogModuleManager: Shutting down and abandoning module GameplayTagsEditor (294)
[2022.01.12-13.09.57:546][256]LogModuleManager: Shutting down and abandoning module FacialAnimation (292)
[2022.01.12-13.09.57:546][256]LogModuleManager: Shutting down and abandoning module AssetManagerEditor (290)
[2022.01.12-13.09.57:557][256]LogModuleManager: Shutting down and abandoning module TreeMap (289)
[2022.01.12-13.09.57:590][256]LogModuleManager: Shutting down and abandoning module PropertyAccessNode (286)
[2022.01.12-13.09.57:599][256]LogModuleManager: Shutting down and abandoning module AnimationSharing (284)
[2022.01.12-13.09.57:599][256]LogModuleManager: Shutting down and abandoning module GameplayCameras (282)
[2022.01.12-13.09.57:599][256]LogModuleManager: Shutting down and abandoning module LightPropagationVolumeRuntime (280)
[2022.01.12-13.09.57:599][256]LogModuleManager: Shutting down and abandoning module EnvironmentQueryEditor (278)
[2022.01.12-13.09.57:612][256]LogModuleManager: Shutting down and abandoning module Paper2D (276)
[2022.01.12-13.09.57:618][256]LogModuleManager: Shutting down and abandoning module WindowsMoviePlayer (274)
[2022.01.12-13.09.57:629][256]LogModuleManager: Shutting down and abandoning module WebMMoviePlayer (272)
[2022.01.12-13.09.57:629][256]LogModuleManager: Shutting down and abandoning module NetworkReplayStreaming (270)
[2022.01.12-13.09.57:629][256]LogModuleManager: Shutting down and abandoning module PacketHandler (268)
[2022.01.12-13.09.57:629][256]LogModuleManager: Shutting down and abandoning module ClothingSystemEditor (266)
[2022.01.12-13.09.57:629][256]LogModuleManager: Shutting down and abandoning module ClothingSystemRuntimeNv (264)
[2022.01.12-13.09.57:635][256]LogModuleManager: Shutting down and abandoning module MediaAssets (262)
[2022.01.12-13.09.57:635][256]LogModuleManager: Shutting down and abandoning module Overlay (260)
[2022.01.12-13.09.57:635][256]LogModuleManager: Shutting down and abandoning module OverlayEditor (259)
[2022.01.12-13.09.57:635][256]LogModuleManager: Shutting down and abandoning module VREditor (256)
[2022.01.12-13.09.57:655][256]LogModuleManager: Shutting down and abandoning module StringTableEditor (254)
[2022.01.12-13.09.57:673][256]LogModuleManager: Shutting down and abandoning module GameplayTasksEditor (252)
[2022.01.12-13.09.57:673][256]LogModuleManager: Shutting down and abandoning module BehaviorTreeEditor (250)
[2022.01.12-13.09.57:689][256]LogModuleManager: Shutting down and abandoning module FunctionalTesting (248)
[2022.01.12-13.09.57:696][256]LogModuleManager: Shutting down and abandoning module CollisionAnalyzer (246)
[2022.01.12-13.09.57:707][256]LogModuleManager: Shutting down and abandoning module WorkspaceMenuStructure (245)
[2022.01.12-13.09.57:707][256]LogModuleManager: Shutting down and abandoning module UMG (242)
[2022.01.12-13.09.57:707][256]LogModuleManager: Shutting down and abandoning module UMGEditor (241)
[2022.01.12-13.09.57:712][256]LogModuleManager: Shutting down and abandoning module Sequencer (240)
[2022.01.12-13.09.57:712][256]LogModuleManager: Shutting down and abandoning module MessageLog (237)
[2022.01.12-13.09.57:712][256]LogModuleManager: Shutting down and abandoning module SlateReflector (232)
[2022.01.12-13.09.57:731][256]LogModuleManager: Shutting down and abandoning module Slate (230)
[2022.01.12-13.09.57:731][256]LogModuleManager: Shutting down and abandoning module SlateCore (228)
[2022.01.12-13.09.57:732][256]LogModuleManager: Shutting down and abandoning module LandscapeEditorUtilities (226)
[2022.01.12-13.09.57:732][256]LogModuleManager: Shutting down and abandoning module UnrealEd (224)
[2022.01.12-13.09.57:743][256]LogModuleManager: Shutting down and abandoning module MRMesh (222)
[2022.01.12-13.09.57:743][256]LogModuleManager: Shutting down and abandoning module Messaging (220)
[2022.01.12-13.09.57:743][256]LogModuleManager: Shutting down and abandoning module SourceCodeAccess (218)
[2022.01.12-13.09.57:743][256]LogModuleManager: Shutting down and abandoning module HeadMountedDisplay (216)
[2022.01.12-13.09.57:743][256]LogModuleManager: Shutting down and abandoning module XAudio2 (214)
[2022.01.12-13.09.57:750][256]LogModuleManager: Shutting down and abandoning module Networking (212)
[2022.01.12-13.09.57:750][256]LogModuleManager: Shutting down and abandoning module Core (210)
[2022.01.12-13.09.57:750][256]LogModuleManager: Shutting down and abandoning module MaterialEditor (208)
[2022.01.12-13.09.57:766][256]LogModuleManager: Shutting down and abandoning module MovieSceneTools (206)
[2022.01.12-13.09.57:780][256]LogModuleManager: Shutting down and abandoning module EditorStyle (205)
[2022.01.12-13.09.57:781][256]LogModuleManager: Shutting down and abandoning module KismetCompiler (202)
[2022.01.12-13.09.57:781][256]LogModuleManager: Shutting down and abandoning module MeshBuilder (200)
[2022.01.12-13.09.57:793][256]LogModuleManager: Shutting down and abandoning module MeshUtilities (198)
[2022.01.12-13.09.57:830][256]LogModuleManager: Shutting down and abandoning module MeshMergeUtilities (197)
[2022.01.12-13.09.57:839][256]LogModuleManager: Shutting down and abandoning module MeshReductionInterface (196)
[2022.01.12-13.09.57:839][256]LogModuleManager: Shutting down and abandoning module MeshBoneReduction (195)
[2022.01.12-13.09.57:846][256]LogModuleManager: Shutting down and abandoning module SkeletalMeshReduction (193)
[2022.01.12-13.09.57:852][256]LogModuleManager: Shutting down and abandoning module ProxyLODMeshReduction (191)
[2022.01.12-13.09.57:872][256]LogModuleManager: Shutting down and abandoning module QuadricMeshReduction (189)
[2022.01.12-13.09.57:885][256]LogModuleManager: Shutting down and abandoning module MaterialBaking (185)
[2022.01.12-13.09.57:906][256]LogModuleManager: Shutting down and abandoning module NullInstallBundleManager (180)
[2022.01.12-13.09.57:906][256]LogModuleManager: Shutting down and abandoning module PIEPreviewDeviceProfileSelector (178)
[2022.01.12-13.09.57:916][256]LogModuleManager: Shutting down and abandoning module DerivedDataCache (176)
[2022.01.12-13.09.57:924][256]LogModuleManager: Shutting down and abandoning module TargetPlatform (174)
[2022.01.12-13.09.57:929][256]LogModuleManager: Shutting down and abandoning module VulkanShaderFormat (173)
[2022.01.12-13.09.57:964][256]LogModuleManager: Shutting down and abandoning module ShaderFormatVectorVM (171)
[2022.01.12-13.09.57:968][256]LogModuleManager: Shutting down and abandoning module ShaderFormatOpenGL (169)
[2022.01.12-13.09.57:970][256]LogModuleManager: Shutting down and abandoning module ShaderFormatD3D (167)
[2022.01.12-13.09.57:978][256]LogModuleManager: Shutting down and abandoning module MetalShaderFormat (165)
[2022.01.12-13.09.57:989][256]LogModuleManager: Shutting down and abandoning module TextureFormatOodle (163)
[2022.01.12-13.09.57:995][256]LogModuleManager: Shutting down and abandoning module TextureFormatUncompressed (161)
[2022.01.12-13.09.57:995][256]LogModuleManager: Shutting down and abandoning module TextureFormatPVR (159)
[2022.01.12-13.09.57:996][256]LogModuleManager: Shutting down and abandoning module TextureFormatETC2 (157)
[2022.01.12-13.09.57:996][256]LogModuleManager: Shutting down and abandoning module TextureFormatDXT (155)
[2022.01.12-13.09.58:005][256]LogModuleManager: Shutting down and abandoning module TextureFormatIntelISPCTexComp (153)
[2022.01.12-13.09.58:005][256]LogModuleManager: Shutting down and abandoning module TextureFormatASTC (151)
[2022.01.12-13.09.58:005][256]LogModuleManager: Shutting down and abandoning module ImageWrapper (150)
[2022.01.12-13.09.58:005][256]LogModuleManager: Shutting down and abandoning module AudioFormatOpus (147)
[2022.01.12-13.09.58:005][256]LogModuleManager: Shutting down and abandoning module AudioFormatOgg (145)
[2022.01.12-13.09.58:005][256]LogModuleManager: Shutting down and abandoning module AudioFormatADPCM (143)
[2022.01.12-13.09.58:013][256]LogModuleManager: Shutting down and abandoning module WindowsServerTargetPlatform (141)
[2022.01.12-13.09.58:013][256]LogModuleManager: Shutting down and abandoning module WindowsClientTargetPlatform (139)
[2022.01.12-13.09.58:013][256]LogModuleManager: Shutting down and abandoning module WindowsTargetPlatform (137)
[2022.01.12-13.09.58:013][256]LogModuleManager: Shutting down and abandoning module WindowsNoEditorTargetPlatform (135)
[2022.01.12-13.09.58:013][256]LogModuleManager: Shutting down and abandoning module D3D11RHI (132)
[2022.01.12-13.09.58:013][256]LogModuleManager: Shutting down and abandoning module InputCore (130)
[2022.01.12-13.09.58:013][256]LogModuleManager: Shutting down and abandoning module Settings (128)
[2022.01.12-13.09.58:013][256]LogModuleManager: Shutting down and abandoning module PhysXCooking (126)
[2022.01.12-13.09.58:013][256]LogModuleManager: Shutting down and abandoning module Chaos (124)
[2022.01.12-13.09.58:019][256]LogModuleManager: Shutting down and abandoning module WindowsPlatformFeatures (122)
[2022.01.12-13.09.58:019][256]LogModuleManager: Shutting down and abandoning module GameplayMediaEncoder (121)
[2022.01.12-13.09.58:029][256]LogModuleManager: Shutting down and abandoning module AVEncoder (120)
[2022.01.12-13.09.58:067][256]LogModuleManager: Shutting down and abandoning module SteamVRInputDevice (116)
[2022.01.12-13.09.58:067][256]LogModuleManager: Shutting down and abandoning module SteamVRInput (114)
[2022.01.12-13.09.58:067][256]LogModuleManager: Shutting down and abandoning module SteamVR (112)
[2022.01.12-13.09.58:080][256]LogHMD: Freeing OpenVRDLLHandle.
[2022.01.12-13.09.58:080][256]LogModuleManager: Shutting down and abandoning module OculusHMD (110)
[2022.01.12-13.09.58:089][256]LogModuleManager: Shutting down and abandoning module OpenXRHandTracking (108)
[2022.01.12-13.09.58:089][256]LogSlate: Slate User Destroyed.  User Index 0, Is Virtual User: 0
[2022.01.12-13.09.58:089][256]LogModuleManager: Shutting down and abandoning module OpenXREyeTracker (106)
[2022.01.12-13.09.58:089][256]LogModuleManager: Shutting down and abandoning module OpenXRAR (104)
[2022.01.12-13.09.58:093][256]LogModuleManager: Shutting down and abandoning module AugmentedReality (103)
[2022.01.12-13.09.58:093][256]LogModuleManager: Shutting down and abandoning module OpenXRHMD (100)
[2022.01.12-13.09.58:116][256]LogModuleManager: Shutting down and abandoning module ExampleDeviceProfileSelector (98)
[2022.01.12-13.09.58:116][256]LogModuleManager: Shutting down and abandoning module ChunkDownloader (96)
[2022.01.12-13.09.58:119][256]LogModuleManager: Shutting down and abandoning module LauncherChunkInstaller (94)
[2022.01.12-13.09.58:119][256]LogModuleManager: Shutting down and abandoning module OnlineBlueprintSupport (92)
[2022.01.12-13.09.58:119][256]LogModuleManager: Shutting down and abandoning module OnlineSubsystem (88)
[2022.01.12-13.09.58:143][256]LogModuleManager: Shutting down and abandoning module XMPP (83)
[2022.01.12-13.09.58:155][256]LogModuleManager: Shutting down and abandoning module WebSockets (82)
[2022.01.12-13.09.58:201][256]LogModuleManager: Shutting down and abandoning module HTTP (79)
[2022.01.12-13.09.58:201][256]LogHttp: Display: cleaning up 0 outstanding Http requests.
[2022.01.12-13.09.58:236][256]LogModuleManager: Shutting down and abandoning module SSL (78)
[2022.01.12-13.09.58:238][256]LogModuleManager: Shutting down and abandoning module WmfMedia (74)
[2022.01.12-13.09.58:254][256]LogModuleManager: Shutting down and abandoning module Media (73)
[2022.01.12-13.09.58:255][256]LogModuleManager: Shutting down and abandoning module MediaInfo (72)
[2022.01.12-13.09.58:255][256]LogModuleManager: Shutting down and abandoning module ExrReaderGpu (68)
[2022.01.12-13.09.58:261][256]LogModuleManager: Shutting down and abandoning module MLSDK (66)
[2022.01.12-13.09.58:271][256]LogModuleManager: Shutting down and abandoning module MagicLeap (64)
[2022.01.12-13.09.58:271][256]LogModuleManager: Shutting down and abandoning module NiagaraVertexFactories (62)
[2022.01.12-13.09.58:271][256]LogModuleManager: Shutting down and abandoning module NiagaraShader (60)
[2022.01.12-13.09.58:271][256]LogModuleManager: Shutting down and abandoning module ChaosCloth (58)
[2022.01.12-13.09.58:347][256]LogModuleManager: Shutting down and abandoning module VariantManagerContent (56)
[2022.01.12-13.09.58:347][256]LogModuleManager: Shutting down and abandoning module DatasmithContent (54)
[2022.01.12-13.09.58:356][256]LogModuleManager: Shutting down and abandoning module PixWinPlugin (52)
[2022.01.12-13.09.58:356][256]LogModuleManager: Shutting down and abandoning module AISupportModule (50)
[2022.01.12-13.09.58:356][256]LogModuleManager: Shutting down and abandoning module DesktopPlatform (48)
[2022.01.12-13.09.58:356][256]LogModuleManager: Shutting down and abandoning module PythonScriptPluginPreload (46)
[2022.01.12-13.09.58:356][256]LogModuleManager: Shutting down and abandoning module PlatformCryptoOpenSSL (44)
[2022.01.12-13.09.58:370][256]LogModuleManager: Shutting down and abandoning module PlatformCryptoTypes (42)
[2022.01.12-13.09.58:370][256]LogModuleManager: Shutting down and abandoning module PlatformCrypto (40)
[2022.01.12-13.09.58:370][256]LogModuleManager: Shutting down and abandoning module OodleDataCompressionFormat (38)
[2022.01.12-13.09.58:380][256]LogModuleManager: Shutting down and abandoning module XGEController (36)
[2022.01.12-13.09.58:388][256]LogModuleManager: Shutting down and abandoning module AnimationModifiers (34)
[2022.01.12-13.09.58:396][256]LogModuleManager: Shutting down and abandoning module AudioEditor (32)
[2022.01.12-13.09.58:407][256]LogModuleManager: Shutting down and abandoning module PropertyEditor (31)
[2022.01.12-13.09.58:412][256]LogModuleManager: Shutting down and abandoning module TextureCompressor (28)
[2022.01.12-13.09.58:420][256]LogModuleManager: Shutting down and abandoning module RenderCore (26)
[2022.01.12-13.09.58:420][256]LogModuleManager: Shutting down and abandoning module Landscape (24)
[2022.01.12-13.09.58:420][256]LogModuleManager: Shutting down and abandoning module SlateRHIRenderer (22)
[2022.01.12-13.09.58:429][256]LogModuleManager: Shutting down and abandoning module AnimGraphRuntime (20)
[2022.01.12-13.09.58:444][256]LogModuleManager: Shutting down and abandoning module Renderer (18)
[2022.01.12-13.09.58:455][256]LogModuleManager: Shutting down and abandoning module Engine (16)
[2022.01.12-13.09.58:455][256]LogModuleManager: Shutting down and abandoning module CoreUObject (14)
[2022.01.12-13.09.58:455][256]LogModuleManager: Shutting down and abandoning module NetworkFile (12)
[2022.01.12-13.09.58:464][256]LogModuleManager: Shutting down and abandoning module CookedIterativeFile (10)
[2022.01.12-13.09.58:464][256]LogModuleManager: Shutting down and abandoning module StreamingFile (8)
[2022.01.12-13.09.58:474][256]LogModuleManager: Shutting down and abandoning module SandboxFile (6)
[2022.01.12-13.09.58:477][256]LogModuleManager: Shutting down and abandoning module PakFile (4)
[2022.01.12-13.09.58:486][256]LogModuleManager: Shutting down and abandoning module RSA (3)
[2022.01.12-13.09.58:495][256]LogContentStreaming: Display: There are 1 unreleased StreamingManagers
[2022.01.12-13.09.58:518][256]LogD3D11RHI: Shutdown
[2022.01.12-13.09.58:519][256]LogD3D11RHI: CleanupD3DDevice
[2022.01.12-13.09.58:586][256]LogExit: Exiting.
[2022.01.12-13.09.58:612][256]Log file closed, 01/12/22 16:09:58
